#
# There is insufficient memory for the Java Runtime Environment to continue.
# Native memory allocation (mmap) failed to map 262144 bytes for committing reserved memory.
# Possible reasons:
#   The system is out of physical RAM or swap space
#   The process is running with CompressedOops enabled, and the Java Heap may be blocking the growth of the native heap
# Possible solutions:
#   Reduce memory load on the system
#   Increase physical memory or swap space
#   Check if swap backing store is full
#   Decrease Java heap size (-Xmx/-Xms)
#   Decrease number of Java threads
#   Decrease Java thread stack sizes (-Xss)
#   Set larger code cache with -XX:ReservedCodeCacheSize=
#   JVM is running with Unscaled Compressed Oops mode in which the Java heap is
#     placed in the first 4GB address space. The Java Heap base address is the
#     maximum limit for the native heap growth. Please use -XX:HeapBaseMinAddress
#     to set the Java Heap base and to place the Java Heap above 4GB virtual address.
# This output file may be truncated or incomplete.
#
#  Out of Memory Error (os_linux.cpp:2757), pid=30109, tid=0x00007f4fd328a700
#
# JRE version: OpenJDK Runtime Environment (8.0_222-b10) (build 1.8.0_222-8u222-b10-1~deb9u1-b10)
# Java VM: OpenJDK 64-Bit Server VM (25.222-b10 mixed mode linux-amd64 compressed oops)
# Failed to write core dump. Core dumps have been disabled. To enable core dumping, try "ulimit -c unlimited" before starting Java again
#

---------------  T H R E A D  ---------------

Current thread (0x00007f4fe40d8000):  JavaThread "C1 CompilerThread1" daemon [_thread_in_vm, id=30116, stack(0x00007f4fd318b000,0x00007f4fd328b000)]

Stack: [0x00007f4fd318b000,0x00007f4fd328b000],  sp=0x00007f4fd32888f0,  free space=1014k
Native frames: (J=compiled Java code, j=interpreted, Vv=VM code, C=native code)
V  [libjvm.so+0xa7c530]
V  [libjvm.so+0x4cbb3c]
V  [libjvm.so+0x8cb238]
V  [libjvm.so+0x8c253e]
V  [libjvm.so+0xa78f34]
V  [libjvm.so+0x845612]
V  [libjvm.so+0x8456ff]
V  [libjvm.so+0x846a8b]
V  [libjvm.so+0x846c13]
V  [libjvm.so+0x84811b]
V  [libjvm.so+0x848287]
V  [libjvm.so+0x86b4c9]
V  [libjvm.so+0x850a0d]
V  [libjvm.so+0x3f37be]
V  [libjvm.so+0x3f3b15]
V  [libjvm.so+0x33d325]
V  [libjvm.so+0x33dd6c]
V  [libjvm.so+0x33e540]
V  [libjvm.so+0x33bdc5]
V  [libjvm.so+0x33c39c]
V  [libjvm.so+0x33c766]
V  [libjvm.so+0x3424ba]
V  [libjvm.so+0x342fb8]
V  [libjvm.so+0x324b86]
V  [libjvm.so+0x32667b]
V  [libjvm.so+0x326762]
V  [libjvm.so+0x326bde]
V  [libjvm.so+0x3278a7]
V  [libjvm.so+0x4799c3]
V  [libjvm.so+0x47b926]
V  [libjvm.so+0xa21c6b]
V  [libjvm.so+0xa22050]
V  [libjvm.so+0x8c8622]
C  [libpthread.so.0+0x74a4]  start_thread+0xc4


Current CompileTask:
C1: 590482 23336       3       net.minecraft.server.v1_14_R1.TileEntityFurnace::tick (435 bytes)


---------------  P R O C E S S  ---------------

Java Threads: ( => current thread )
  0x00007f4fe4238000 JavaThread "process reaper" daemon [_thread_blocked, id=30362, stack(0x00007f4fd2d57000,0x00007f4fd2d90000)]
  0x00007f4fe471f000 JavaThread "pool-9-thread-1" [_thread_blocked, id=30253, stack(0x00007f4faa54c000,0x00007f4faa64d000)]
  0x00007f4fccced800 JavaThread "Server-Worker-4" daemon [_thread_blocked, id=30250, stack(0x00007f4fadb58000,0x00007f4fadc59000)]
  0x00007f4fccca8000 JavaThread "Server Watchdog" daemon [_thread_blocked, id=30237, stack(0x00007f4fadd5a000,0x00007f4fade5b000)]
  0x00007f4fb44b7000 JavaThread "Netty Epoll Server IO #1" daemon [_thread_in_native, id=30235, stack(0x00007f4fad453000,0x00007f4fad554000)]
  0x00007f4fcca5b800 JavaThread "pool-10-thread-1" [_thread_blocked, id=30221, stack(0x00007f4fad554000,0x00007f4fad655000)]
  0x00007f4fe4d5a000 JavaThread "JDA RateLimit-Worker 4" daemon [_thread_blocked, id=30220, stack(0x00007f4fad855000,0x00007f4fad956000)]
  0x00007f4fe471a800 JavaThread "JDA RateLimit-Worker 3" daemon [_thread_blocked, id=30219, stack(0x00007f4faedba000,0x00007f4faeebb000)]
  0x00007f4fc40bb000 JavaThread "JDA MainWS-WriteThread" [_thread_blocked, id=30215, stack(0x00007f4fad956000,0x00007f4fada57000)]
  0x00007f4fc40bf000 JavaThread "JDA MainWS-ReadThread" [_thread_in_native, id=30214, stack(0x00007f4fd2021000,0x00007f4fd2122000)]
  0x00007f4fc40ab000 JavaThread "JDA Gateway-Worker 1" daemon [_thread_blocked, id=30213, stack(0x00007f4fada57000,0x00007f4fadb58000)]
  0x00007f4fcc9ee800 JavaThread "JDA RateLimit-Worker 2" daemon [_thread_blocked, id=30207, stack(0x00007f4fadc59000,0x00007f4fadd5a000)]
  0x00007f4fcc9c1800 JavaThread "JDA RateLimit-Worker 1" daemon [_thread_blocked, id=30202, stack(0x00007f4fae25d000,0x00007f4fae35e000)]
  0x00007f4fcc638000 JavaThread "Timer-0" daemon [_thread_blocked, id=30162, stack(0x00007f4faf4bb000,0x00007f4faf5bc000)]
  0x00007f4fcc4ff800 JavaThread "WorldEdit Session Manager" [_thread_blocked, id=30157, stack(0x00007f4faf9bc000,0x00007f4fafabd000)]
  0x00007f4fcc239800 JavaThread "Java2D Disposer" daemon [_thread_blocked, id=30147, stack(0x00007f4fb0323000,0x00007f4fb0424000)]
  0x00007f4fcc184000 JavaThread "Netty Epoll Server IO #0" daemon [_thread_in_native, id=30144, stack(0x00007f4fb0afc000,0x00007f4fb0bfd000)]
  0x00007f4fcc182800 JavaThread "ObjectCleanerThread" daemon [_thread_blocked, id=30143, stack(0x00007f4fd0712000,0x00007f4fd0813000)]
  0x00007f4fcc103000 JavaThread "Server console handler" daemon [_thread_in_native, id=30138, stack(0x00007f4fb0dfd000,0x00007f4fb0efe000)]
  0x00007f4fcc107000 JavaThread "Thread-4" daemon [_thread_blocked, id=30137, stack(0x00007f4fb0efe000,0x00007f4fb0fff000)]
  0x00007f4fe400a800 JavaThread "DestroyJavaVM" [_thread_blocked, id=30110, stack(0x00007f4feb336000,0x00007f4feb436000)]
  0x00007f4fe4d9c800 JavaThread "Server thread" [_thread_in_Java, id=30136, stack(0x00007f4fd0093000,0x00007f4fd0194000)]
  0x00007f4fe4d9b800 JavaThread "Server Infinisleeper" daemon [_thread_blocked, id=30135, stack(0x00007f4fd0194000,0x00007f4fd0295000)]
  0x00007f4fe4d38000 JavaThread "NonBlockingInputStreamThread" daemon [_thread_blocked, id=30134, stack(0x00007f4fd0295000,0x00007f4fd0396000)]
  0x00007f4fe4d39800 JavaThread "Snooper Timer" daemon [_thread_blocked, id=30123, stack(0x00007f4fd0596000,0x00007f4fd0697000)]
  0x00007f4fe40db000 JavaThread "Service Thread" daemon [_thread_blocked, id=30117, stack(0x00007f4fd3089000,0x00007f4fd318a000)]
=>0x00007f4fe40d8000 JavaThread "C1 CompilerThread1" daemon [_thread_in_vm, id=30116, stack(0x00007f4fd318b000,0x00007f4fd328b000)]
  0x00007f4fe40d5800 JavaThread "C2 CompilerThread0" daemon [_thread_in_vm, id=30115, stack(0x00007f4fd328c000,0x00007f4fd338c000)]
  0x00007f4fe40d4000 JavaThread "Signal Dispatcher" daemon [_thread_blocked, id=30114, stack(0x00007f4fd338c000,0x00007f4fd348d000)]
  0x00007f4fe40a2000 JavaThread "Finalizer" daemon [_thread_blocked, id=30113, stack(0x00007f4fd3628000,0x00007f4fd3729000)]
  0x00007f4fe409f800 JavaThread "Reference Handler" daemon [_thread_blocked, id=30112, stack(0x00007f4fd3729000,0x00007f4fd382a000)]

Other Threads:
  0x00007f4fe4096000 VMThread [stack: 0x00007f4fd382b000,0x00007f4fd392b000] [id=30111]
  0x00007f4fe40de000 WatcherThread [stack: 0x00007f4fd2f89000,0x00007f4fd3089000] [id=30118]

VM state:not at safepoint (normal execution)

VM Mutex/Monitor currently owned by a thread:  ([mutex/lock_event])
[0x00007f4fe4007660] CompileStatistics_lock - owner thread: 0x00007f4fe40d5800
[0x00007f4fe4007960] MethodData_lock - owner thread: 0x00007f4fe40d8000

heap address: 0x0000000080000000, size: 2048 MB, Compressed Oops mode: 32-bit
Narrow klass base: 0x0000000000000000, Narrow klass shift: 3
Compressed class space size: 1073741824 Address: 0x0000000100000000

Heap:
 def new generation   total 629120K, used 216155K [0x0000000080000000, 0x00000000aaaa0000, 0x00000000aaaa0000)
  eden space 559232K,  32% used [0x0000000080000000, 0x000000008b159398, 0x00000000a2220000)
  from space 69888K,  49% used [0x00000000a6660000, 0x00000000a881daa8, 0x00000000aaaa0000)
  to   space 69888K,   0% used [0x00000000a2220000, 0x00000000a2220000, 0x00000000a6660000)
 tenured generation   total 1398144K, used 810701K [0x00000000aaaa0000, 0x0000000100000000, 0x0000000100000000)
   the space 1398144K,  57% used [0x00000000aaaa0000, 0x00000000dc253600, 0x00000000dc253600, 0x0000000100000000)
 Metaspace       used 88930K, capacity 97602K, committed 97684K, reserved 1134592K
  class space    used 11715K, capacity 13733K, committed 13756K, reserved 1048576K

Card table byte_map: [0x00007f4fd4424000,0x00007f4fd4825000] byte_map_base: 0x00007f4fd4024000

Polling page: 0x00007f4feb443000

CodeCache: size=245760Kb used=47517Kb max_used=47768Kb free=198242Kb
 bounds [0x00007f4fd4be5000, 0x00007f4fd7ae5000, 0x00007f4fe3be5000]
 total_blobs=14947 nmethods=14007 adapters=848
 compilation: enabled

Compilation events (10 events):
Event: 585.098 Thread 0x00007f4fe40d8000 23331       3       net.minecraft.server.v1_14_R1.ChunkMapDistance$$Lambda$3282/1013916463::run (12 bytes)
Event: 586.269 Thread 0x00007f4fe40d5800 23332       4       net.minecraft.server.v1_14_R1.ItemStack::cloneItemStack (44 bytes)
Event: 586.659 Thread 0x00007f4fe40d8000 nmethod 23331 0x00007f4fd6187850 code [0x00007f4fd6187a00, 0x00007f4fd6187fc0]
Event: 586.947 Thread 0x00007f4fe40d5800 nmethod 23332 0x00007f4fd7a94e50 code [0x00007f4fd7a95080, 0x00007f4fd7a96418]
Event: 587.230 Thread 0x00007f4fe40d8000 23333       3       net.minecraft.server.v1_14_R1.ContainerWorkbench::getBukkitView (5 bytes)
Event: 587.283 Thread 0x00007f4fe40d8000 nmethod 23333 0x00007f4fd6369250 code [0x00007f4fd63693c0, 0x00007f4fd6369540]
Event: 587.286 Thread 0x00007f4fe40d5800 23335       4       java.util.IdentityHashMap::containsKey (55 bytes)
Event: 587.291 Thread 0x00007f4fe40d8000 23334       3       net.minecraft.server.v1_14_R1.ContainerWorkbench::getBukkitView (56 bytes)
Event: 587.339 Thread 0x00007f4fe40d8000 nmethod 23334 0x00007f4fd63fa850 code [0x00007f4fd63faa00, 0x00007f4fd63fb000]
Event: 588.527 Thread 0x00007f4fe40d8000 23336       3       net.minecraft.server.v1_14_R1.TileEntityFurnace::tick (435 bytes)

GC Heap History (10 events):
Event: 566.293 GC heap before
{Heap before GC invocations=137 (full 3):
 def new generation   total 629120K, used 593171K [0x0000000080000000, 0x00000000aaaa0000, 0x00000000aaaa0000)
  eden space 559232K, 100% used [0x0000000080000000, 0x00000000a2220000, 0x00000000a2220000)
  from space 69888K,  48% used [0x00000000a2220000, 0x00000000a4344e70, 0x00000000a6660000)
  to   space 69888K,   0% used [0x00000000a6660000, 0x00000000a6660000, 0x00000000aaaa0000)
 tenured generation   total 1398144K, used 798654K [0x00000000aaaa0000, 0x0000000100000000, 0x0000000100000000)
   the space 1398144K,  57% used [0x00000000aaaa0000, 0x00000000db68fb90, 0x00000000db68fc00, 0x0000000100000000)
 Metaspace       used 88897K, capacity 97590K, committed 97684K, reserved 1132544K
  class space    used 11713K, capacity 13731K, committed 13756K, reserved 1048576K
Event: 566.348 GC heap after
Heap after GC invocations=138 (full 3):
 def new generation   total 629120K, used 37010K [0x0000000080000000, 0x00000000aaaa0000, 0x00000000aaaa0000)
  eden space 559232K,   0% used [0x0000000080000000, 0x0000000080000000, 0x00000000a2220000)
  from space 69888K,  52% used [0x00000000a6660000, 0x00000000a8a84b98, 0x00000000aaaa0000)
  to   space 69888K,   0% used [0x00000000a2220000, 0x00000000a2220000, 0x00000000a6660000)
 tenured generation   total 1398144K, used 798654K [0x00000000aaaa0000, 0x0000000100000000, 0x0000000100000000)
   the space 1398144K,  57% used [0x00000000aaaa0000, 0x00000000db68fb90, 0x00000000db68fc00, 0x0000000100000000)
 Metaspace       used 88897K, capacity 97590K, committed 97684K, reserved 1132544K
  class space    used 11713K, capacity 13731K, committed 13756K, reserved 1048576K
}
Event: 570.438 GC heap before
{Heap before GC invocations=138 (full 3):
 def new generation   total 629120K, used 596242K [0x0000000080000000, 0x00000000aaaa0000, 0x00000000aaaa0000)
  eden space 559232K, 100% used [0x0000000080000000, 0x00000000a2220000, 0x00000000a2220000)
  from space 69888K,  52% used [0x00000000a6660000, 0x00000000a8a84b98, 0x00000000aaaa0000)
  to   space 69888K,   0% used [0x00000000a2220000, 0x00000000a2220000, 0x00000000a6660000)
 tenured generation   total 1398144K, used 798654K [0x00000000aaaa0000, 0x0000000100000000, 0x0000000100000000)
   the space 1398144K,  57% used [0x00000000aaaa0000, 0x00000000db68fb90, 0x00000000db68fc00, 0x0000000100000000)
 Metaspace       used 88898K, capacity 97590K, committed 97684K, reserved 1132544K
  class space    used 11713K, capacity 13731K, committed 13756K, reserved 1048576K
Event: 570.490 GC heap after
Heap after GC invocations=139 (full 3):
 def new generation   total 629120K, used 34162K [0x0000000080000000, 0x00000000aaaa0000, 0x00000000aaaa0000)
  eden space 559232K,   0% used [0x0000000080000000, 0x0000000080000000, 0x00000000a2220000)
  from space 69888K,  48% used [0x00000000a2220000, 0x00000000a437ca58, 0x00000000a6660000)
  to   space 69888K,   0% used [0x00000000a6660000, 0x00000000a6660000, 0x00000000aaaa0000)
 tenured generation   total 1398144K, used 803598K [0x00000000aaaa0000, 0x0000000100000000, 0x0000000100000000)
   the space 1398144K,  57% used [0x00000000aaaa0000, 0x00000000dbb63b60, 0x00000000dbb63c00, 0x0000000100000000)
 Metaspace       used 88898K, capacity 97590K, committed 97684K, reserved 1132544K
  class space    used 11713K, capacity 13731K, committed 13756K, reserved 1048576K
}
Event: 575.543 GC heap before
{Heap before GC invocations=139 (full 3):
 def new generation   total 629120K, used 593394K [0x0000000080000000, 0x00000000aaaa0000, 0x00000000aaaa0000)
  eden space 559232K, 100% used [0x0000000080000000, 0x00000000a2220000, 0x00000000a2220000)
  from space 69888K,  48% used [0x00000000a2220000, 0x00000000a437ca58, 0x00000000a6660000)
  to   space 69888K,   0% used [0x00000000a6660000, 0x00000000a6660000, 0x00000000aaaa0000)
 tenured generation   total 1398144K, used 803598K [0x00000000aaaa0000, 0x0000000100000000, 0x0000000100000000)
   the space 1398144K,  57% used [0x00000000aaaa0000, 0x00000000dbb63b60, 0x00000000dbb63c00, 0x0000000100000000)
 Metaspace       used 88915K, capacity 97600K, committed 97684K, reserved 1132544K
  class space    used 11714K, capacity 13732K, committed 13756K, reserved 1048576K
Event: 575.637 GC heap after
Heap after GC invocations=140 (full 3):
 def new generation   total 629120K, used 37910K [0x0000000080000000, 0x00000000aaaa0000, 0x00000000aaaa0000)
  eden space 559232K,   0% used [0x0000000080000000, 0x0000000080000000, 0x00000000a2220000)
  from space 69888K,  54% used [0x00000000a6660000, 0x00000000a8b65818, 0x00000000aaaa0000)
  to   space 69888K,   0% used [0x00000000a2220000, 0x00000000a2220000, 0x00000000a6660000)
 tenured generation   total 1398144K, used 803598K [0x00000000aaaa0000, 0x0000000100000000, 0x0000000100000000)
   the space 1398144K,  57% used [0x00000000aaaa0000, 0x00000000dbb63b60, 0x00000000dbb63c00, 0x0000000100000000)
 Metaspace       used 88915K, capacity 97600K, committed 97684K, reserved 1132544K
  class space    used 11714K, capacity 13732K, committed 13756K, reserved 1048576K
}
Event: 579.721 GC heap before
{Heap before GC invocations=140 (full 3):
 def new generation   total 629120K, used 597142K [0x0000000080000000, 0x00000000aaaa0000, 0x00000000aaaa0000)
  eden space 559232K, 100% used [0x0000000080000000, 0x00000000a2220000, 0x00000000a2220000)
  from space 69888K,  54% used [0x00000000a6660000, 0x00000000a8b65818, 0x00000000aaaa0000)
  to   space 69888K,   0% used [0x00000000a2220000, 0x00000000a2220000, 0x00000000a6660000)
 tenured generation   total 1398144K, used 803598K [0x00000000aaaa0000, 0x0000000100000000, 0x0000000100000000)
   the space 1398144K,  57% used [0x00000000aaaa0000, 0x00000000dbb63b60, 0x00000000dbb63c00, 0x0000000100000000)
 Metaspace       used 88922K, capacity 97600K, committed 97684K, reserved 1132544K
  class space    used 11714K, capacity 13732K, committed 13756K, reserved 1048576K
Event: 579.833 GC heap after
Heap after GC invocations=141 (full 3):
 def new generation   total 629120K, used 37687K [0x0000000080000000, 0x00000000aaaa0000, 0x00000000aaaa0000)
  eden space 559232K,   0% used [0x0000000080000000, 0x0000000080000000, 0x00000000a2220000)
  from space 69888K,  53% used [0x00000000a2220000, 0x00000000a46edcb8, 0x00000000a6660000)
  to   space 69888K,   0% used [0x00000000a6660000, 0x00000000a6660000, 0x00000000aaaa0000)
 tenured generation   total 1398144K, used 807037K [0x00000000aaaa0000, 0x0000000100000000, 0x0000000100000000)
   the space 1398144K,  57% used [0x00000000aaaa0000, 0x00000000dbebf6a0, 0x00000000dbebf800, 0x0000000100000000)
 Metaspace       used 88922K, capacity 97600K, committed 97684K, reserved 1132544K
  class space    used 11714K, capacity 13732K, committed 13756K, reserved 1048576K
}
Event: 584.767 GC heap before
{Heap before GC invocations=141 (full 3):
 def new generation   total 629120K, used 596919K [0x0000000080000000, 0x00000000aaaa0000, 0x00000000aaaa0000)
  eden space 559232K, 100% used [0x0000000080000000, 0x00000000a2220000, 0x00000000a2220000)
  from space 69888K,  53% used [0x00000000a2220000, 0x00000000a46edcb8, 0x00000000a6660000)
  to   space 69888K,   0% used [0x00000000a6660000, 0x00000000a6660000, 0x00000000aaaa0000)
 tenured generation   total 1398144K, used 807037K [0x00000000aaaa0000, 0x0000000100000000, 0x0000000100000000)
   the space 1398144K,  57% used [0x00000000aaaa0000, 0x00000000dbebf6a0, 0x00000000dbebf800, 0x0000000100000000)
 Metaspace       used 88925K, capacity 97602K, committed 97684K, reserved 1132544K
  class space    used 11715K, capacity 13733K, committed 13756K, reserved 1048576K
Event: 584.899 GC heap after
Heap after GC invocations=142 (full 3):
 def new generation   total 629120K, used 34550K [0x0000000080000000, 0x00000000aaaa0000, 0x00000000aaaa0000)
  eden space 559232K,   0% used [0x0000000080000000, 0x0000000080000000, 0x00000000a2220000)
  from space 69888K,  49% used [0x00000000a6660000, 0x00000000a881daa8, 0x00000000aaaa0000)
  to   space 69888K,   0% used [0x00000000a2220000, 0x00000000a2220000, 0x00000000a6660000)
 tenured generation   total 1398144K, used 810701K [0x00000000aaaa0000, 0x0000000100000000, 0x0000000100000000)
   the space 1398144K,  57% used [0x00000000aaaa0000, 0x00000000dc253600, 0x00000000dc253600, 0x0000000100000000)
 Metaspace       used 88925K, capacity 97602K, committed 97684K, reserved 1132544K
  class space    used 11715K, capacity 13733K, committed 13756K, reserved 1048576K
}

Deoptimization events (10 events):
Event: 570.349 Thread 0x00007f4fe4d9c800 Uncommon trap: reason=unstable_if action=reinterpret pc=0x00007f4fd7726094 method=net.minecraft.server.v1_14_R1.EntityMinecartAbstract.tick()V @ 431
Event: 570.350 Thread 0x00007f4fe4d9c800 Uncommon trap: reason=bimorphic action=maybe_recompile pc=0x00007f4fd68ad334 method=net.minecraft.server.v1_14_R1.Entity.move(Lnet/minecraft/server/v1_14_R1/EnumMoveType;Lnet/minecraft/server/v1_14_R1/Vec3D;)V @ 1172
Event: 570.908 Thread 0x00007f4fe4d9c800 Uncommon trap: reason=bimorphic action=maybe_recompile pc=0x00007f4fd68ad334 method=net.minecraft.server.v1_14_R1.Entity.move(Lnet/minecraft/server/v1_14_R1/EnumMoveType;Lnet/minecraft/server/v1_14_R1/Vec3D;)V @ 1172
Event: 570.908 Thread 0x00007f4fe4d9c800 Uncommon trap: reason=bimorphic action=maybe_recompile pc=0x00007f4fd68ad334 method=net.minecraft.server.v1_14_R1.Entity.move(Lnet/minecraft/server/v1_14_R1/EnumMoveType;Lnet/minecraft/server/v1_14_R1/Vec3D;)V @ 1172
Event: 571.050 Thread 0x00007f4fe4d9c800 Uncommon trap: reason=bimorphic action=maybe_recompile pc=0x00007f4fd73a8380 method=net.minecraft.server.v1_14_R1.Entity.entityBaseTick()V @ 190
Event: 571.050 Thread 0x00007f4fe4d9c800 Uncommon trap: reason=bimorphic action=maybe_recompile pc=0x00007f4fd73a8380 method=net.minecraft.server.v1_14_R1.Entity.entityBaseTick()V @ 190
Event: 571.050 Thread 0x00007f4fe4d9c800 Uncommon trap: reason=bimorphic action=maybe_recompile pc=0x00007f4fd73a8380 method=net.minecraft.server.v1_14_R1.Entity.entityBaseTick()V @ 190
Event: 571.050 Thread 0x00007f4fe4d9c800 Uncommon trap: reason=bimorphic action=maybe_recompile pc=0x00007f4fd73a8380 method=net.minecraft.server.v1_14_R1.Entity.entityBaseTick()V @ 190
Event: 580.882 Thread 0x00007f4fe4d9c800 Uncommon trap: reason=unstable_if action=reinterpret pc=0x00007f4fd691e0d4 method=net.minecraft.server.v1_14_R1.EntityFishSchool.tick()V @ 63
Event: 587.928 Thread 0x00007f4fe4d9c800 Uncommon trap: reason=unstable_if action=reinterpret pc=0x00007f4fd6c18990 method=net.minecraft.server.v1_14_R1.PathfinderNormal.a(Lnet/minecraft/server/v1_14_R1/IBlockAccess;IIILnet/minecraft/server/v1_14_R1/EntityInsentient;IIIZZ)Lnet/minecraft/server/v

Classes redefined (0 events):
No events

Internal exceptions (10 events):
Event: 406.481 Thread 0x00007f4fe4d9c800 Implicit null exception at 0x00007f4fd651c944 to 0x00007f4fd651cc69
Event: 449.060 Thread 0x00007f4fe4d9c800 Implicit null exception at 0x00007f4fd6edc4d1 to 0x00007f4fd6eddba1
Event: 458.014 Thread 0x00007f4fe4d9c800 Implicit null exception at 0x00007f4fd6c23852 to 0x00007f4fd6c24095
Event: 458.014 Thread 0x00007f4fe4d9c800 Implicit null exception at 0x00007f4fd6be6114 to 0x00007f4fd6be6421
Event: 468.014 Thread 0x00007f4fe4d9c800 Implicit null exception at 0x00007f4fd6078ad2 to 0x00007f4fd6078fa5
Event: 485.854 Thread 0x00007f4fccced800 Implicit null exception at 0x00007f4fd5fdae88 to 0x00007f4fd5fdbac1
Event: 497.859 Thread 0x00007f4fe4d9c800 Implicit null exception at 0x00007f4fd65780d1 to 0x00007f4fd657815e
Event: 510.250 Thread 0x00007f4fe4d9c800 Exception <a 'java/lang/NoSuchMethodError': java.lang.Object.lambda$0(Ljava/util/function/BiConsumer;Lnet/minecraft/server/v1_14_R1/World;Lnet/minecraft/server/v1_14_R1/BlockPosition;)Ljava/util/Optional;> (0x00000000810e9570) thrown at [/build/openjdk-8-
Event: 525.502 Thread 0x00007f4fe4d9c800 Implicit null exception at 0x00007f4fd6c44350 to 0x00007f4fd6c44911
Event: 570.349 Thread 0x00007f4fe4d9c800 Implicit null exception at 0x00007f4fd7724893 to 0x00007f4fd7726030

Events (10 events):
Event: 580.883 Thread 0x00007f4fe4d9c800 DEOPT UNPACKING pc=0x00007f4fd4c2a47a sp=0x00007f4fd0192590 mode 2
Event: 584.399 loading class net/minecraft/server/v1_14_R1/MinecraftKey
Event: 584.399 loading class net/minecraft/server/v1_14_R1/MinecraftKey done
Event: 584.401 loading class net/minecraft/server/v1_14_R1/MinecraftKey
Event: 584.401 loading class net/minecraft/server/v1_14_R1/MinecraftKey done
Event: 584.765 Executing VM operation: GenCollectForAllocation
Event: 584.923 Executing VM operation: GenCollectForAllocation done
Event: 587.490 Thread 0x00007f4fe4d9c800 Uncommon trap: trap_request=0xffffff65 fr.pc=0x00007f4fd6c18990
Event: 587.964 Thread 0x00007f4fe4d9c800 DEOPT PACKING pc=0x00007f4fd6c18990 sp=0x00007f4fd0191ad0
Event: 587.977 Thread 0x00007f4fe4d9c800 DEOPT UNPACKING pc=0x00007f4fd4c2a47a sp=0x00007f4fd0191a18 mode 2


Dynamic libraries:
80000000-100d6f000 rw-p 00000000 00:00 0 
100d6f000-140000000 ---p 00000000 00:00 0 
55b91d98b000-55b91d98c000 r-xp 00000000 08:01 139114                     /usr/lib/jvm/java-8-openjdk-amd64/jre/bin/java
55b91db8b000-55b91db8c000 r--p 00000000 08:01 139114                     /usr/lib/jvm/java-8-openjdk-amd64/jre/bin/java
55b91db8c000-55b91db8d000 rw-p 00001000 08:01 139114                     /usr/lib/jvm/java-8-openjdk-amd64/jre/bin/java
55b91df84000-55b91dfca000 rw-p 00000000 00:00 0                          [heap]
7f4fa9c8b000-7f4fa9e4b000 ---p 00000000 00:00 0 
7f4fa9e4b000-7f4faa04b000 rw-p 00000000 00:00 0 
7f4faa04b000-7f4faa24b000 rw-p 00000000 00:00 0 
7f4faa24b000-7f4faa44b000 rw-p 00000000 00:00 0 
7f4faa44b000-7f4faa44e000 ---p 00000000 00:00 0 
7f4faa44e000-7f4faa54c000 rw-p 00000000 00:00 0 
7f4faa54c000-7f4faa54f000 ---p 00000000 00:00 0 
7f4faa54f000-7f4faa64d000 rw-p 00000000 00:00 0 
7f4faa64d000-7f4faa84d000 rw-p 00000000 00:00 0 
7f4faa84d000-7f4faa850000 ---p 00000000 00:00 0 
7f4faa850000-7f4faa94e000 rw-p 00000000 00:00 0 
7f4faa94e000-7f4faab4e000 rw-p 00000000 00:00 0 
7f4faab4e000-7f4facb50000 rw-p 00000000 00:00 0 
7f4facb50000-7f4facb53000 ---p 00000000 00:00 0 
7f4facb53000-7f4facc51000 rw-p 00000000 00:00 0 
7f4facc51000-7f4facc54000 ---p 00000000 00:00 0 
7f4facc54000-7f4facd52000 rw-p 00000000 00:00 0 
7f4facd52000-7f4facd55000 ---p 00000000 00:00 0 
7f4facd55000-7f4face53000 rw-p 00000000 00:00 0 
7f4face53000-7f4fad053000 rw-p 00000000 00:00 0 
7f4fad053000-7f4fad253000 rw-p 00000000 00:00 0 
7f4fad253000-7f4fad453000 rw-p 00000000 00:00 0 
7f4fad453000-7f4fad456000 ---p 00000000 00:00 0 
7f4fad456000-7f4fad554000 rw-p 00000000 00:00 0 
7f4fad554000-7f4fad557000 ---p 00000000 00:00 0 
7f4fad557000-7f4fad655000 rw-p 00000000 00:00 0 
7f4fad655000-7f4fad855000 rw-p 00000000 00:00 0 
7f4fad855000-7f4fad858000 ---p 00000000 00:00 0 
7f4fad858000-7f4fad956000 rw-p 00000000 00:00 0 
7f4fad956000-7f4fad959000 ---p 00000000 00:00 0 
7f4fad959000-7f4fada57000 rw-p 00000000 00:00 0 
7f4fada57000-7f4fada5a000 ---p 00000000 00:00 0 
7f4fada5a000-7f4fadb58000 rw-p 00000000 00:00 0 
7f4fadb58000-7f4fadb5b000 ---p 00000000 00:00 0 
7f4fadb5b000-7f4fadc59000 rw-p 00000000 00:00 0 
7f4fadc59000-7f4fadc5c000 ---p 00000000 00:00 0 
7f4fadc5c000-7f4fadd5a000 rw-p 00000000 00:00 0 
7f4fadd5a000-7f4fadd5d000 ---p 00000000 00:00 0 
7f4fadd5d000-7f4fade5b000 rw-p 00000000 00:00 0 
7f4fade5b000-7f4fade5e000 ---p 00000000 00:00 0 
7f4fade5e000-7f4fadf5c000 rw-p 00000000 00:00 0 
7f4fadf5c000-7f4fadf5f000 ---p 00000000 00:00 0 
7f4fadf5f000-7f4fae05d000 rw-p 00000000 00:00 0 
7f4fae05d000-7f4fae25d000 rw-p 00000000 00:00 0 
7f4fae25d000-7f4fae260000 ---p 00000000 00:00 0 
7f4fae260000-7f4fae35e000 rw-p 00000000 00:00 0 
7f4fae35e000-7f4fae371000 r--s 00346000 08:01 139202                     /usr/lib/jvm/java-8-openjdk-amd64/jre/lib/resources.jar
7f4fae371000-7f4fae385000 r-xp 00000000 08:01 1287                       /lib/x86_64-linux-gnu/libresolv-2.24.so
7f4fae385000-7f4fae584000 ---p 00014000 08:01 1287                       /lib/x86_64-linux-gnu/libresolv-2.24.so
7f4fae584000-7f4fae585000 r--p 00013000 08:01 1287                       /lib/x86_64-linux-gnu/libresolv-2.24.so
7f4fae585000-7f4fae586000 rw-p 00014000 08:01 1287                       /lib/x86_64-linux-gnu/libresolv-2.24.so
7f4fae586000-7f4fae588000 rw-p 00000000 00:00 0 
7f4fae588000-7f4fae58d000 r-xp 00000000 08:01 1280                       /lib/x86_64-linux-gnu/libnss_dns-2.24.so
7f4fae58d000-7f4fae78c000 ---p 00005000 08:01 1280                       /lib/x86_64-linux-gnu/libnss_dns-2.24.so
7f4fae78c000-7f4fae78d000 r--p 00004000 08:01 1280                       /lib/x86_64-linux-gnu/libnss_dns-2.24.so
7f4fae78d000-7f4fae78e000 rw-p 00005000 08:01 1280                       /lib/x86_64-linux-gnu/libnss_dns-2.24.so
7f4fae78e000-7f4fae98e000 rw-p 00000000 00:00 0 
7f4fae98e000-7f4fae9b6000 r-xp 00000000 08:01 139157                     /usr/lib/jvm/java-8-openjdk-amd64/jre/lib/amd64/libsunec.so
7f4fae9b6000-7f4faebb5000 ---p 00028000 08:01 139157                     /usr/lib/jvm/java-8-openjdk-amd64/jre/lib/amd64/libsunec.so
7f4faebb5000-7f4faebb9000 r--p 00027000 08:01 139157                     /usr/lib/jvm/java-8-openjdk-amd64/jre/lib/amd64/libsunec.so
7f4faebb9000-7f4faebba000 rw-p 0002b000 08:01 139157                     /usr/lib/jvm/java-8-openjdk-amd64/jre/lib/amd64/libsunec.so
7f4faebba000-7f4faedba000 rw-p 00000000 00:00 0 
7f4faedba000-7f4faedbd000 ---p 00000000 00:00 0 
7f4faedbd000-7f4faeebb000 rw-p 00000000 00:00 0 
7f4faeebb000-7f4faf0bb000 rw-p 00000000 00:00 0 
7f4faf0bb000-7f4faf2bb000 rw-p 00000000 00:00 0 
7f4faf2bb000-7f4faf4bb000 rw-p 00000000 00:00 0 
7f4faf4bb000-7f4faf4be000 ---p 00000000 00:00 0 
7f4faf4be000-7f4faf5bc000 rw-p 00000000 00:00 0 
7f4faf5bc000-7f4faf7bc000 rw-p 00000000 00:00 0 
7f4faf7bc000-7f4faf9bc000 rw-p 00000000 00:00 0 
7f4faf9bc000-7f4faf9bf000 ---p 00000000 00:00 0 
7f4faf9bf000-7f4fafabd000 rw-p 00000000 00:00 0 
7f4fafabd000-7f4fafcbd000 rw-p 00000000 00:00 0 
7f4fafcbd000-7f4fafebd000 rw-p 00000000 00:00 0 
7f4fafebd000-7f4faff23000 r--s 004ce000 08:01 403264                     /home/mim/serverMC/plugins/DiscordChat-1.4.2-Spigot.jar
7f4faff23000-7f4fb0123000 rw-p 00000000 00:00 0 
7f4fb0123000-7f4fb0323000 rw-p 00000000 00:00 0 
7f4fb0323000-7f4fb0326000 ---p 00000000 00:00 0 
7f4fb0326000-7f4fb0424000 rw-p 00000000 00:00 0 
7f4fb0424000-7f4fb042b000 r-xp 00000000 08:01 139131                     /usr/lib/jvm/java-8-openjdk-amd64/jre/lib/amd64/libawt_headless.so
7f4fb042b000-7f4fb062a000 ---p 00007000 08:01 139131                     /usr/lib/jvm/java-8-openjdk-amd64/jre/lib/amd64/libawt_headless.so
7f4fb062a000-7f4fb062b000 r--p 00006000 08:01 139131                     /usr/lib/jvm/java-8-openjdk-amd64/jre/lib/amd64/libawt_headless.so
7f4fb062b000-7f4fb062c000 rw-p 00007000 08:01 139131                     /usr/lib/jvm/java-8-openjdk-amd64/jre/lib/amd64/libawt_headless.so
7f4fb062c000-7f4fb06cb000 r-xp 00000000 08:01 139130                     /usr/lib/jvm/java-8-openjdk-amd64/jre/lib/amd64/libawt.so
7f4fb06cb000-7f4fb08cb000 ---p 0009f000 08:01 139130                     /usr/lib/jvm/java-8-openjdk-amd64/jre/lib/amd64/libawt.so
7f4fb08cb000-7f4fb08cc000 r--p 0009f000 08:01 139130                     /usr/lib/jvm/java-8-openjdk-amd64/jre/lib/amd64/libawt.so
7f4fb08cc000-7f4fb08d7000 rw-p 000a0000 08:01 139130                     /usr/lib/jvm/java-8-openjdk-amd64/jre/lib/amd64/libawt.so
7f4fb08d7000-7f4fb0afc000 rw-p 00000000 00:00 0 
7f4fb0afc000-7f4fb0aff000 ---p 00000000 00:00 0 
7f4fb0aff000-7f4fb0bfd000 rw-p 00000000 00:00 0 
7f4fb0bfd000-7f4fb0dfd000 rw-p 00000000 00:00 0 
7f4fb0dfd000-7f4fb0e00000 ---p 00000000 00:00 0 
7f4fb0e00000-7f4fb0efe000 rw-p 00000000 00:00 0 
7f4fb0efe000-7f4fb0f01000 ---p 00000000 00:00 0 
7f4fb0f01000-7f4fb4000000 rw-p 00000000 00:00 0 
7f4fb4000000-7f4fb56b6000 rw-p 00000000 00:00 0 
7f4fb56b6000-7f4fb8000000 ---p 00000000 00:00 0 
7f4fb8000000-7f4fb8021000 rw-p 00000000 00:00 0 
7f4fb8021000-7f4fbc000000 ---p 00000000 00:00 0 
7f4fbc000000-7f4fbc021000 rw-p 00000000 00:00 0 
7f4fbc021000-7f4fc0000000 ---p 00000000 00:00 0 
7f4fc0000000-7f4fc2edf000 rw-p 00000000 00:00 0 
7f4fc2edf000-7f4fc4000000 ---p 00000000 00:00 0 
7f4fc4000000-7f4fc424c000 rw-p 00000000 00:00 0 
7f4fc424c000-7f4fc8000000 ---p 00000000 00:00 0 
7f4fc8000000-7f4fc8021000 rw-p 00000000 00:00 0 
7f4fc8021000-7f4fcc000000 ---p 00000000 00:00 0 
7f4fcc000000-7f4fccd50000 rw-p 00000000 00:00 0 
7f4fccd50000-7f4fd0000000 ---p 00000000 00:00 0 
7f4fd0012000-7f4fd0015000 r--s 00018000 08:01 385206                     /home/mim/serverMC/plugins/Multiverse-Portals-4.1.0.jar
7f4fd0015000-7f4fd001f000 r--s 00068000 08:01 385205                     /home/mim/serverMC/plugins/Multiverse-Core-4.1.0.jar
7f4fd001f000-7f4fd002d000 r--s 00159000 08:01 385204                     /home/mim/serverMC/plugins/EssentialsX-2.17.1.0.jar
7f4fd002d000-7f4fd0093000 r--s 004ce000 08:01 403264                     /home/mim/serverMC/plugins/DiscordChat-1.4.2-Spigot.jar
7f4fd0093000-7f4fd0096000 ---p 00000000 00:00 0 
7f4fd0096000-7f4fd0194000 rw-p 00000000 00:00 0 
7f4fd0194000-7f4fd0197000 ---p 00000000 00:00 0 
7f4fd0197000-7f4fd0295000 rw-p 00000000 00:00 0 
7f4fd0295000-7f4fd0298000 ---p 00000000 00:00 0 
7f4fd0298000-7f4fd0396000 rw-p 00000000 00:00 0 
7f4fd0396000-7f4fd0596000 rw-p 00000000 00:00 0 
7f4fd0596000-7f4fd0599000 ---p 00000000 00:00 0 
7f4fd0599000-7f4fd0697000 rw-p 00000000 00:00 0 
7f4fd0697000-7f4fd069a000 r--s 00018000 08:01 385206                     /home/mim/serverMC/plugins/Multiverse-Portals-4.1.0.jar
7f4fd069a000-7f4fd06a4000 r--s 00068000 08:01 385205                     /home/mim/serverMC/plugins/Multiverse-Core-4.1.0.jar
7f4fd06a4000-7f4fd06b2000 r--s 00159000 08:01 385204                     /home/mim/serverMC/plugins/EssentialsX-2.17.1.0.jar
7f4fd06b2000-7f4fd06e0000 r--s 00237000 08:01 385207                     /home/mim/serverMC/plugins/worldedit-bukkit-7.0.1.jar
7f4fd06e0000-7f4fd06e4000 r--s 00020000 08:01 385203                     /home/mim/serverMC/plugins/Clearlag.jar
7f4fd06e4000-7f4fd0712000 r--s 00237000 08:01 385207                     /home/mim/serverMC/plugins/worldedit-bukkit-7.0.1.jar
7f4fd0712000-7f4fd0715000 ---p 00000000 00:00 0 
7f4fd0715000-7f4fd0813000 rw-p 00000000 00:00 0 
7f4fd0813000-7f4fd0820000 r-xp 00000000 08:01 7928                       /tmp/libnetty_transport_native_epoll_x86_64972021216339798770.so (deleted)
7f4fd0820000-7f4fd0a1f000 ---p 0000d000 08:01 7928                       /tmp/libnetty_transport_native_epoll_x86_64972021216339798770.so (deleted)
7f4fd0a1f000-7f4fd0a21000 rw-p 0000c000 08:01 7928                       /tmp/libnetty_transport_native_epoll_x86_64972021216339798770.so (deleted)
7f4fd0a21000-7f4fd0c21000 rw-p 00000000 00:00 0 
7f4fd0c21000-7f4fd0e21000 rw-p 00000000 00:00 0 
7f4fd0e21000-7f4fd1017000 rw-p 00000000 00:00 0 
7f4fd1017000-7f4fd1021000 ---p 00000000 00:00 0 
7f4fd1021000-7f4fd1221000 rw-p 00000000 00:00 0 
7f4fd1221000-7f4fd1421000 rw-p 00000000 00:00 0 
7f4fd1421000-7f4fd1621000 rw-p 00000000 00:00 0 
7f4fd1621000-7f4fd1821000 rw-p 00000000 00:00 0 
7f4fd1821000-7f4fd1a21000 rw-p 00000000 00:00 0 
7f4fd1a21000-7f4fd1c21000 rw-p 00000000 00:00 0 
7f4fd1c21000-7f4fd1e21000 rw-p 00000000 00:00 0 
7f4fd1e21000-7f4fd2021000 rw-p 00000000 00:00 0 
7f4fd2021000-7f4fd2024000 ---p 00000000 00:00 0 
7f4fd2024000-7f4fd2122000 rw-p 00000000 00:00 0 
7f4fd2122000-7f4fd2133000 r-xp 00000000 08:01 139153                     /usr/lib/jvm/java-8-openjdk-amd64/jre/lib/amd64/libnio.so
7f4fd2133000-7f4fd2332000 ---p 00011000 08:01 139153                     /usr/lib/jvm/java-8-openjdk-amd64/jre/lib/amd64/libnio.so
7f4fd2332000-7f4fd2333000 r--p 00010000 08:01 139153                     /usr/lib/jvm/java-8-openjdk-amd64/jre/lib/amd64/libnio.so
7f4fd2333000-7f4fd2334000 rw-p 00011000 08:01 139153                     /usr/lib/jvm/java-8-openjdk-amd64/jre/lib/amd64/libnio.so
7f4fd2334000-7f4fd234b000 r-xp 00000000 08:01 139152                     /usr/lib/jvm/java-8-openjdk-amd64/jre/lib/amd64/libnet.so
7f4fd234b000-7f4fd254a000 ---p 00017000 08:01 139152                     /usr/lib/jvm/java-8-openjdk-amd64/jre/lib/amd64/libnet.so
7f4fd254a000-7f4fd254b000 r--p 00016000 08:01 139152                     /usr/lib/jvm/java-8-openjdk-amd64/jre/lib/amd64/libnet.so
7f4fd254b000-7f4fd254c000 rw-p 00017000 08:01 139152                     /usr/lib/jvm/java-8-openjdk-amd64/jre/lib/amd64/libnet.so
7f4fd254c000-7f4fd274c000 rw-p 00000000 00:00 0 
7f4fd274c000-7f4fd294c000 rw-p 00000000 00:00 0 
7f4fd294c000-7f4fd2955000 r-xp 00000000 08:01 139150                     /usr/lib/jvm/java-8-openjdk-amd64/jre/lib/amd64/libmanagement.so
7f4fd2955000-7f4fd2b54000 ---p 00009000 08:01 139150                     /usr/lib/jvm/java-8-openjdk-amd64/jre/lib/amd64/libmanagement.so
7f4fd2b54000-7f4fd2b55000 r--p 00008000 08:01 139150                     /usr/lib/jvm/java-8-openjdk-amd64/jre/lib/amd64/libmanagement.so
7f4fd2b55000-7f4fd2b56000 rw-p 00009000 08:01 139150                     /usr/lib/jvm/java-8-openjdk-amd64/jre/lib/amd64/libmanagement.so
7f4fd2b56000-7f4fd2b57000 r-xp 00000000 08:01 6803                       /tmp/libjansi-64-git-Bukkit-03b145b-4516011538473363991.so
7f4fd2b57000-7f4fd2d56000 ---p 00001000 08:01 6803                       /tmp/libjansi-64-git-Bukkit-03b145b-4516011538473363991.so
7f4fd2d56000-7f4fd2d57000 rw-p 00000000 08:01 6803                       /tmp/libjansi-64-git-Bukkit-03b145b-4516011538473363991.so
7f4fd2d57000-7f4fd2d5a000 ---p 00000000 00:00 0 
7f4fd2d5a000-7f4fd2d90000 rw-p 00000000 00:00 0 
7f4fd2d90000-7f4fd2f52000 r--s 01c9a000 08:01 385191                     /home/mim/serverMC/craftbukkit-1.14.4.jar
7f4fd2f52000-7f4fd2f6d000 r--s 001d6000 08:01 139179                     /usr/lib/jvm/java-8-openjdk-amd64/jre/lib/ext/nashorn.jar
7f4fd2f6d000-7f4fd2f88000 r--s 00394000 08:01 139174                     /usr/lib/jvm/java-8-openjdk-amd64/jre/lib/ext/cldrdata.jar
7f4fd2f88000-7f4fd2f89000 ---p 00000000 00:00 0 
7f4fd2f89000-7f4fd3089000 rw-p 00000000 00:00 0 
7f4fd3089000-7f4fd308c000 ---p 00000000 00:00 0 
7f4fd308c000-7f4fd318a000 rw-p 00000000 00:00 0 
7f4fd318a000-7f4fd318b000 ---p 00000000 00:00 0 
7f4fd318b000-7f4fd318e000 ---p 00000000 00:00 0 
7f4fd318e000-7f4fd328b000 rw-p 00000000 00:00 0 
7f4fd328b000-7f4fd328c000 ---p 00000000 00:00 0 
7f4fd328c000-7f4fd328f000 ---p 00000000 00:00 0 
7f4fd328f000-7f4fd338c000 rw-p 00000000 00:00 0 
7f4fd338c000-7f4fd338f000 ---p 00000000 00:00 0 
7f4fd338f000-7f4fd348d000 rw-p 00000000 00:00 0 
7f4fd348d000-7f4fd3628000 r--p 00000000 08:01 28518                      /usr/lib/locale/locale-archive
7f4fd3628000-7f4fd362b000 ---p 00000000 00:00 0 
7f4fd362b000-7f4fd3729000 rw-p 00000000 00:00 0 
7f4fd3729000-7f4fd372c000 ---p 00000000 00:00 0 
7f4fd372c000-7f4fd382a000 rw-p 00000000 00:00 0 
7f4fd382a000-7f4fd382b000 ---p 00000000 00:00 0 
7f4fd382b000-7f4fd3979000 rw-p 00000000 00:00 0 
7f4fd3979000-7f4fd4179000 rw-p 00000000 00:00 0 
7f4fd4179000-7f4fd4824000 rw-p 00000000 00:00 0 
7f4fd4824000-7f4fd48e1000 rw-p 00000000 00:00 0 
7f4fd48e1000-7f4fd4be5000 ---p 00000000 00:00 0 
7f4fd4be5000-7f4fd7ae5000 rwxp 00000000 00:00 0 
7f4fd7ae5000-7f4fe3be5000 ---p 00000000 00:00 0 
7f4fe3be5000-7f4fe3bed000 r-xp 00000000 08:01 139160                     /usr/lib/jvm/java-8-openjdk-amd64/jre/lib/amd64/libzip.so
7f4fe3bed000-7f4fe3dec000 ---p 00008000 08:01 139160                     /usr/lib/jvm/java-8-openjdk-amd64/jre/lib/amd64/libzip.so
7f4fe3dec000-7f4fe3ded000 r--p 00007000 08:01 139160                     /usr/lib/jvm/java-8-openjdk-amd64/jre/lib/amd64/libzip.so
7f4fe3ded000-7f4fe3dee000 rw-p 00008000 08:01 139160                     /usr/lib/jvm/java-8-openjdk-amd64/jre/lib/amd64/libzip.so
7f4fe3dee000-7f4fe3df8000 r-xp 00000000 08:01 1281                       /lib/x86_64-linux-gnu/libnss_files-2.24.so
7f4fe3df8000-7f4fe3ff8000 ---p 0000a000 08:01 1281                       /lib/x86_64-linux-gnu/libnss_files-2.24.so
7f4fe3ff8000-7f4fe3ff9000 r--p 0000a000 08:01 1281                       /lib/x86_64-linux-gnu/libnss_files-2.24.so
7f4fe3ff9000-7f4fe3ffa000 rw-p 0000b000 08:01 1281                       /lib/x86_64-linux-gnu/libnss_files-2.24.so
7f4fe3ffa000-7f4fe4000000 rw-p 00000000 00:00 0 
7f4fe4000000-7f4fe4e1a000 rw-p 00000000 00:00 0 
7f4fe4e1a000-7f4fe8000000 ---p 00000000 00:00 0 
7f4fe8000000-7f4fe8004000 r--s 00020000 08:01 385203                     /home/mim/serverMC/plugins/Clearlag.jar
7f4fe8004000-7f4fe8009000 r--s 000a3000 08:01 139197                     /usr/lib/jvm/java-8-openjdk-amd64/jre/lib/jsse.jar
7f4fe8009000-7f4fe81d9000 r--s 03c5c000 08:01 139203                     /usr/lib/jvm/java-8-openjdk-amd64/jre/lib/rt.jar
7f4fe81d9000-7f4fe81e4000 r-xp 00000000 08:01 1283                       /lib/x86_64-linux-gnu/libnss_nis-2.24.so
7f4fe81e4000-7f4fe83e3000 ---p 0000b000 08:01 1283                       /lib/x86_64-linux-gnu/libnss_nis-2.24.so
7f4fe83e3000-7f4fe83e4000 r--p 0000a000 08:01 1283                       /lib/x86_64-linux-gnu/libnss_nis-2.24.so
7f4fe83e4000-7f4fe83e5000 rw-p 0000b000 08:01 1283                       /lib/x86_64-linux-gnu/libnss_nis-2.24.so
7f4fe83e5000-7f4fe83f9000 r-xp 00000000 08:01 1277                       /lib/x86_64-linux-gnu/libnsl-2.24.so
7f4fe83f9000-7f4fe85f9000 ---p 00014000 08:01 1277                       /lib/x86_64-linux-gnu/libnsl-2.24.so
7f4fe85f9000-7f4fe85fa000 r--p 00014000 08:01 1277                       /lib/x86_64-linux-gnu/libnsl-2.24.so
7f4fe85fa000-7f4fe85fb000 rw-p 00015000 08:01 1277                       /lib/x86_64-linux-gnu/libnsl-2.24.so
7f4fe85fb000-7f4fe85fd000 rw-p 00000000 00:00 0 
7f4fe85fd000-7f4fe8604000 r-xp 00000000 08:01 1279                       /lib/x86_64-linux-gnu/libnss_compat-2.24.so
7f4fe8604000-7f4fe8803000 ---p 00007000 08:01 1279                       /lib/x86_64-linux-gnu/libnss_compat-2.24.so
7f4fe8803000-7f4fe8804000 r--p 00006000 08:01 1279                       /lib/x86_64-linux-gnu/libnss_compat-2.24.so
7f4fe8804000-7f4fe8805000 rw-p 00007000 08:01 1279                       /lib/x86_64-linux-gnu/libnss_compat-2.24.so
7f4fe8805000-7f4fe882e000 r-xp 00000000 08:01 139141                     /usr/lib/jvm/java-8-openjdk-amd64/jre/lib/amd64/libjava.so
7f4fe882e000-7f4fe8a2d000 ---p 00029000 08:01 139141                     /usr/lib/jvm/java-8-openjdk-amd64/jre/lib/amd64/libjava.so
7f4fe8a2d000-7f4fe8a2e000 r--p 00028000 08:01 139141                     /usr/lib/jvm/java-8-openjdk-amd64/jre/lib/amd64/libjava.so
7f4fe8a2e000-7f4fe8a30000 rw-p 00029000 08:01 139141                     /usr/lib/jvm/java-8-openjdk-amd64/jre/lib/amd64/libjava.so
7f4fe8a30000-7f4fe8a3f000 r-xp 00000000 08:01 139159                     /usr/lib/jvm/java-8-openjdk-amd64/jre/lib/amd64/libverify.so
7f4fe8a3f000-7f4fe8c3e000 ---p 0000f000 08:01 139159                     /usr/lib/jvm/java-8-openjdk-amd64/jre/lib/amd64/libverify.so
7f4fe8c3e000-7f4fe8c40000 r--p 0000e000 08:01 139159                     /usr/lib/jvm/java-8-openjdk-amd64/jre/lib/amd64/libverify.so
7f4fe8c40000-7f4fe8c41000 rw-p 00010000 08:01 139159                     /usr/lib/jvm/java-8-openjdk-amd64/jre/lib/amd64/libverify.so
7f4fe8c41000-7f4fe8c48000 r-xp 00000000 08:01 1288                       /lib/x86_64-linux-gnu/librt-2.24.so
7f4fe8c48000-7f4fe8e47000 ---p 00007000 08:01 1288                       /lib/x86_64-linux-gnu/librt-2.24.so
7f4fe8e47000-7f4fe8e48000 r--p 00006000 08:01 1288                       /lib/x86_64-linux-gnu/librt-2.24.so
7f4fe8e48000-7f4fe8e49000 rw-p 00007000 08:01 1288                       /lib/x86_64-linux-gnu/librt-2.24.so
7f4fe8e49000-7f4fe8e5f000 r-xp 00000000 08:01 729                        /lib/x86_64-linux-gnu/libgcc_s.so.1
7f4fe8e5f000-7f4fe905e000 ---p 00016000 08:01 729                        /lib/x86_64-linux-gnu/libgcc_s.so.1
7f4fe905e000-7f4fe905f000 r--p 00015000 08:01 729                        /lib/x86_64-linux-gnu/libgcc_s.so.1
7f4fe905f000-7f4fe9060000 rw-p 00016000 08:01 729                        /lib/x86_64-linux-gnu/libgcc_s.so.1
7f4fe9060000-7f4fe9163000 r-xp 00000000 08:01 939                        /lib/x86_64-linux-gnu/libm-2.24.so
7f4fe9163000-7f4fe9362000 ---p 00103000 08:01 939                        /lib/x86_64-linux-gnu/libm-2.24.so
7f4fe9362000-7f4fe9363000 r--p 00102000 08:01 939                        /lib/x86_64-linux-gnu/libm-2.24.so
7f4fe9363000-7f4fe9364000 rw-p 00103000 08:01 939                        /lib/x86_64-linux-gnu/libm-2.24.so
7f4fe9364000-7f4fe94d6000 r-xp 00000000 08:01 747                        /usr/lib/x86_64-linux-gnu/libstdc++.so.6.0.22
7f4fe94d6000-7f4fe96d6000 ---p 00172000 08:01 747                        /usr/lib/x86_64-linux-gnu/libstdc++.so.6.0.22
7f4fe96d6000-7f4fe96e0000 r--p 00172000 08:01 747                        /usr/lib/x86_64-linux-gnu/libstdc++.so.6.0.22
7f4fe96e0000-7f4fe96e2000 rw-p 0017c000 08:01 747                        /usr/lib/x86_64-linux-gnu/libstdc++.so.6.0.22
7f4fe96e2000-7f4fe96e6000 rw-p 00000000 00:00 0 
7f4fe96e6000-7f4fea34d000 r-xp 00000000 08:01 139163                     /usr/lib/jvm/java-8-openjdk-amd64/jre/lib/amd64/server/libjvm.so
7f4fea34d000-7f4fea54c000 ---p 00c67000 08:01 139163                     /usr/lib/jvm/java-8-openjdk-amd64/jre/lib/amd64/server/libjvm.so
7f4fea54c000-7f4fea5e0000 r--p 00c66000 08:01 139163                     /usr/lib/jvm/java-8-openjdk-amd64/jre/lib/amd64/server/libjvm.so
7f4fea5e0000-7f4fea609000 rw-p 00cfa000 08:01 139163                     /usr/lib/jvm/java-8-openjdk-amd64/jre/lib/amd64/server/libjvm.so
7f4fea609000-7f4fea639000 rw-p 00000000 00:00 0 
7f4fea639000-7f4fea7ce000 r-xp 00000000 08:01 928                        /lib/x86_64-linux-gnu/libc-2.24.so
7f4fea7ce000-7f4fea9ce000 ---p 00195000 08:01 928                        /lib/x86_64-linux-gnu/libc-2.24.so
7f4fea9ce000-7f4fea9d2000 r--p 00195000 08:01 928                        /lib/x86_64-linux-gnu/libc-2.24.so
7f4fea9d2000-7f4fea9d4000 rw-p 00199000 08:01 928                        /lib/x86_64-linux-gnu/libc-2.24.so
7f4fea9d4000-7f4fea9d8000 rw-p 00000000 00:00 0 
7f4fea9d8000-7f4fea9db000 r-xp 00000000 08:01 936                        /lib/x86_64-linux-gnu/libdl-2.24.so
7f4fea9db000-7f4feabda000 ---p 00003000 08:01 936                        /lib/x86_64-linux-gnu/libdl-2.24.so
7f4feabda000-7f4feabdb000 r--p 00002000 08:01 936                        /lib/x86_64-linux-gnu/libdl-2.24.so
7f4feabdb000-7f4feabdc000 rw-p 00003000 08:01 936                        /lib/x86_64-linux-gnu/libdl-2.24.so
7f4feabdc000-7f4feabe9000 r-xp 00000000 08:01 139127                     /usr/lib/jvm/java-8-openjdk-amd64/jre/lib/amd64/jli/libjli.so
7f4feabe9000-7f4feade8000 ---p 0000d000 08:01 139127                     /usr/lib/jvm/java-8-openjdk-amd64/jre/lib/amd64/jli/libjli.so
7f4feade8000-7f4feade9000 r--p 0000c000 08:01 139127                     /usr/lib/jvm/java-8-openjdk-amd64/jre/lib/amd64/jli/libjli.so
7f4feade9000-7f4feadea000 rw-p 0000d000 08:01 139127                     /usr/lib/jvm/java-8-openjdk-amd64/jre/lib/amd64/jli/libjli.so
7f4feadea000-7f4feae03000 r-xp 00000000 08:01 2278                       /lib/x86_64-linux-gnu/libz.so.1.2.8
7f4feae03000-7f4feb002000 ---p 00019000 08:01 2278                       /lib/x86_64-linux-gnu/libz.so.1.2.8
7f4feb002000-7f4feb003000 r--p 00018000 08:01 2278                       /lib/x86_64-linux-gnu/libz.so.1.2.8
7f4feb003000-7f4feb004000 rw-p 00019000 08:01 2278                       /lib/x86_64-linux-gnu/libz.so.1.2.8
7f4feb004000-7f4feb01c000 r-xp 00000000 08:01 1286                       /lib/x86_64-linux-gnu/libpthread-2.24.so
7f4feb01c000-7f4feb21b000 ---p 00018000 08:01 1286                       /lib/x86_64-linux-gnu/libpthread-2.24.so
7f4feb21b000-7f4feb21c000 r--p 00017000 08:01 1286                       /lib/x86_64-linux-gnu/libpthread-2.24.so
7f4feb21c000-7f4feb21d000 rw-p 00018000 08:01 1286                       /lib/x86_64-linux-gnu/libpthread-2.24.so
7f4feb21d000-7f4feb221000 rw-p 00000000 00:00 0 
7f4feb221000-7f4feb244000 r-xp 00000000 08:01 825                        /lib/x86_64-linux-gnu/ld-2.24.so
7f4feb246000-7f4feb248000 r--s 00016000 08:01 139195                     /usr/lib/jvm/java-8-openjdk-amd64/jre/lib/jce.jar
7f4feb248000-7f4feb249000 r--s 0000d000 08:01 139180                     /usr/lib/jvm/java-8-openjdk-amd64/jre/lib/ext/sunec.jar
7f4feb249000-7f4feb24e000 r--s 0003c000 08:01 139181                     /usr/lib/jvm/java-8-openjdk-amd64/jre/lib/ext/sunjce_provider.jar
7f4feb24e000-7f4feb24f000 r--s 00010000 08:01 139183                     /usr/lib/jvm/java-8-openjdk-amd64/jre/lib/ext/zipfs.jar
7f4feb24f000-7f4feb251000 r--s 00007000 08:01 33925                      /usr/share/java/java-atk-wrapper.jar
7f4feb251000-7f4feb252000 r--s 0000a000 08:01 139177                     /usr/lib/jvm/java-8-openjdk-amd64/jre/lib/ext/jaccess.jar
7f4feb252000-7f4feb254000 r--s 00001000 08:01 139175                     /usr/lib/jvm/java-8-openjdk-amd64/jre/lib/ext/dnsns.jar
7f4feb254000-7f4feb25e000 r--s 00116000 08:01 139178                     /usr/lib/jvm/java-8-openjdk-amd64/jre/lib/ext/localedata.jar
7f4feb25e000-7f4feb261000 r--s 00039000 08:01 139182                     /usr/lib/jvm/java-8-openjdk-amd64/jre/lib/ext/sunpkcs11.jar
7f4feb261000-7f4feb264000 r--s 0000f000 08:01 139176                     /usr/lib/jvm/java-8-openjdk-amd64/jre/lib/ext/icedtea-sound.jar
7f4feb264000-7f4feb335000 rw-p 00000000 00:00 0 
7f4feb335000-7f4feb336000 ---p 00000000 00:00 0 
7f4feb336000-7f4feb339000 ---p 00000000 00:00 0 
7f4feb339000-7f4feb43a000 rw-p 00000000 00:00 0 
7f4feb43a000-7f4feb442000 rw-s 00000000 08:01 127                        /tmp/hsperfdata_mim/30109
7f4feb442000-7f4feb443000 rw-p 00000000 00:00 0 
7f4feb443000-7f4feb444000 r--p 00000000 00:00 0 
7f4feb444000-7f4feb445000 r--p 00023000 08:01 825                        /lib/x86_64-linux-gnu/ld-2.24.so
7f4feb445000-7f4feb446000 rw-p 00024000 08:01 825                        /lib/x86_64-linux-gnu/ld-2.24.so
7f4feb446000-7f4feb447000 rw-p 00000000 00:00 0 
7fff86244000-7fff86265000 rw-p 00000000 00:00 0                          [stack]
7fff862f4000-7fff862f6000 r--p 00000000 00:00 0                          [vvar]
7fff862f6000-7fff862f8000 r-xp 00000000 00:00 0                          [vdso]
ffffffffff600000-ffffffffff601000 r-xp 00000000 00:00 0                  [vsyscall]

VM Arguments:
jvm_args: -Xmx2048M -Xms2048M 
java_command: craftbukkit-1.14.4.jar
java_class_path (initial): craftbukkit-1.14.4.jar
Launcher Type: SUN_STANDARD

Environment Variables:
PATH=/usr/local/bin:/usr/bin:/bin:/usr/local/games:/usr/games
SHELL=/bin/bash

Signal Handlers:
SIGSEGV: [libjvm.so+0xa7cfe0], sa_mask[0]=11111111011111111101111111111110, sa_flags=SA_RESTART|SA_SIGINFO
SIGBUS: [libjvm.so+0xa7cfe0], sa_mask[0]=11111111011111111101111111111110, sa_flags=SA_RESTART|SA_SIGINFO
SIGFPE: [libjvm.so+0x8c64a0], sa_mask[0]=11111111011111111101111111111110, sa_flags=SA_RESTART|SA_SIGINFO
SIGPIPE: [libjvm.so+0x8c64a0], sa_mask[0]=11111111011111111101111111111110, sa_flags=SA_RESTART|SA_SIGINFO
SIGXFSZ: [libjvm.so+0x8c64a0], sa_mask[0]=11111111011111111101111111111110, sa_flags=SA_RESTART|SA_SIGINFO
SIGILL: [libjvm.so+0x8c64a0], sa_mask[0]=11111111011111111101111111111110, sa_flags=SA_RESTART|SA_SIGINFO
SIGUSR1: SIG_DFL, sa_mask[0]=00000000000000000000000000000000, sa_flags=none
SIGUSR2: [libjvm.so+0x8c6350], sa_mask[0]=00000000000000000000000000000000, sa_flags=SA_RESTART|SA_SIGINFO
SIGHUP: [libjvm.so+0x8c69c0], sa_mask[0]=11111111011111111101111111111110, sa_flags=SA_RESTART|SA_SIGINFO
SIGINT: [libjvm.so+0x8c69c0], sa_mask[0]=11111111011111111101111111111110, sa_flags=SA_RESTART|SA_SIGINFO
SIGTERM: [libjvm.so+0x8c69c0], sa_mask[0]=11111111011111111101111111111110, sa_flags=SA_RESTART|SA_SIGINFO
SIGQUIT: [libjvm.so+0x8c69c0], sa_mask[0]=11111111011111111101111111111110, sa_flags=SA_RESTART|SA_SIGINFO


---------------  S Y S T E M  ---------------

OS:PRETTY_NAME="Debian GNU/Linux 9 (stretch)"
NAME="Debian GNU/Linux"
VERSION_ID="9"
VERSION="9 (stretch)"
VERSION_CODENAME=stretch
ID=debian
HOME_URL="https://www.debian.org/"
SUPPORT_URL="https://www.debian.org/support"
BUG_REPORT_URL="https://bugs.debian.org/"

uname:Linux 4.9.0-11-amd64 #1 SMP Debian 4.9.189-3 (2019-09-02) x86_64
libc:glibc 2.24 NPTL 2.24 
rlimit: STACK 8192k, CORE 0k, NPROC 7736, NOFILE 1048576, AS infinity
load average:2.31 2.33 1.95

/proc/meminfo:
MemTotal:        2003308 kB
MemFree:           64996 kB
MemAvailable:          0 kB
Buffers:             380 kB
Cached:            27796 kB
SwapCached:            0 kB
Active:          1860848 kB
Inactive:          23776 kB
Active(anon):    1856652 kB
Inactive(anon):    20228 kB
Active(file):       4196 kB
Inactive(file):     3548 kB
Unevictable:           0 kB
Mlocked:               0 kB
SwapTotal:             0 kB
SwapFree:              0 kB
Dirty:               472 kB
Writeback:            48 kB
AnonPages:       1856456 kB
Mapped:             7344 kB
Shmem:             20424 kB
Slab:              30784 kB
SReclaimable:       8896 kB
SUnreclaim:        21888 kB
KernelStack:        2080 kB
PageTables:         6100 kB
NFS_Unstable:          0 kB
Bounce:                0 kB
WritebackTmp:          0 kB
CommitLimit:     1001652 kB
Committed_AS:    2773912 kB
VmallocTotal:   34359738367 kB
VmallocUsed:           0 kB
VmallocChunk:          0 kB
HardwareCorrupted:     0 kB
AnonHugePages:         0 kB
ShmemHugePages:        0 kB
ShmemPmdMapped:        0 kB
HugePages_Total:       0
HugePages_Free:        0
HugePages_Rsvd:        0
HugePages_Surp:        0
Hugepagesize:       2048 kB
DirectMap4k:      118640 kB
DirectMap2M:     1929216 kB

container (cgroup) information:
container_type: cgroupv1
cpu_cpuset_cpus: 0
cpu_memory_nodes: 0
active_processor_count: 1
cpu_quota: -1
cpu_period: 100000
cpu_shares: -1
memory_limit_in_bytes: -1
memory_and_swap_limit_in_bytes: -2
memory_soft_limit_in_bytes: -1
memory_usage_in_bytes: 1930186752
memory_max_usage_in_bytes: 0


CPU:total 1 (initial active 1) (1 cores per cpu, 1 threads per core) family 6 model 60 stepping 1, cmov, cx8, fxsr, mmx, sse, sse2, sse3, ssse3, sse4.1, sse4.2, popcnt, avx, avx2, aes, clmul, erms, lzcnt, tsc, bmi1, bmi2

/proc/cpuinfo:
processor	: 0
vendor_id	: GenuineIntel
cpu family	: 6
model		: 60
model name	: Intel Core Processor (Haswell, no TSX)
stepping	: 1
microcode	: 0x1
cpu MHz		: 2399.988
cache size	: 4096 KB
physical id	: 0
siblings	: 1
core id		: 0
cpu cores	: 1
apicid		: 0
initial apicid	: 0
fpu		: yes
fpu_exception	: yes
cpuid level	: 13
wp		: yes
flags		: fpu vme de pse tsc msr pae mce cx8 apic sep mtrr pge mca cmov pat pse36 clflush mmx fxsr sse sse2 syscall nx rdtscp lm constant_tsc rep_good nopl pni pclmulqdq vmx ssse3 fma cx16 pcid sse4_1 sse4_2 x2apic movbe popcnt tsc_deadline_timer aes xsave avx f16c rdrand hypervisor lahf_lm abm invpcid_single kaiser tpr_shadow vnmi flexpriority ept vpid fsgsbase bmi1 avx2 smep bmi2 erms invpcid xsaveopt arat
bugs		: cpu_meltdown spectre_v1 spectre_v2 spec_store_bypass l1tf mds swapgs
bogomips	: 4799.97
clflush size	: 64
cache_alignment	: 64
address sizes	: 40 bits physical, 48 bits virtual
power management:



Memory: 4k page, physical 2003308k(64748k free), swap 0k(0k free)

vm_info: OpenJDK 64-Bit Server VM (25.222-b10) for linux-amd64 JRE (1.8.0_222-8u222-b10-1~deb9u1-b10), built on Jul 19 2019 16:57:48 by "pbuilder" with gcc 6.3.0 20170516

time: Mon Sep 30 20:03:30 2019
timezone: UTC
elapsed time: 590 seconds (0d 0h 9m 50s)

