#
# There is insufficient memory for the Java Runtime Environment to continue.
# Native memory allocation (mmap) failed to map 12288 bytes for committing reserved memory.
# Possible reasons:
#   The system is out of physical RAM or swap space
#   The process is running with CompressedOops enabled, and the Java Heap may be blocking the growth of the native heap
# Possible solutions:
#   Reduce memory load on the system
#   Increase physical memory or swap space
#   Check if swap backing store is full
#   Decrease Java heap size (-Xmx/-Xms)
#   Decrease number of Java threads
#   Decrease Java thread stack sizes (-Xss)
#   Set larger code cache with -XX:ReservedCodeCacheSize=
#   JVM is running with Unscaled Compressed Oops mode in which the Java heap is
#     placed in the first 4GB address space. The Java Heap base address is the
#     maximum limit for the native heap growth. Please use -XX:HeapBaseMinAddress
#     to set the Java Heap base and to place the Java Heap above 4GB virtual address.
# This output file may be truncated or incomplete.
#
#  Out of Memory Error (os_linux.cpp:2757), pid=27382, tid=0x00007fb31c86b700
#
# JRE version: OpenJDK Runtime Environment (8.0_222-b10) (build 1.8.0_222-8u222-b10-1~deb9u1-b10)
# Java VM: OpenJDK 64-Bit Server VM (25.222-b10 mixed mode linux-amd64 compressed oops)
# Failed to write core dump. Core dumps have been disabled. To enable core dumping, try "ulimit -c unlimited" before starting Java again
#

---------------  T H R E A D  ---------------

Current thread (0x00007fb33cdeb000):  JavaThread "Server-Worker-100" daemon [_thread_new, id=30005, stack(0x00007fb31c76b000,0x00007fb31c86c000)]

Stack: [0x00007fb31c76b000,0x00007fb31c86c000],  sp=0x00007fb31c86ab50,  free space=1022k
Native frames: (J=compiled Java code, j=interpreted, Vv=VM code, C=native code)
V  [libjvm.so+0xa7c530]
V  [libjvm.so+0x4cbb3c]
V  [libjvm.so+0x8cae0c]
V  [libjvm.so+0x8c239e]
V  [libjvm.so+0x8cc397]
V  [libjvm.so+0xa1dd48]
V  [libjvm.so+0xa21e7c]
V  [libjvm.so+0x8c8622]
C  [libpthread.so.0+0x74a4]  start_thread+0xc4


---------------  P R O C E S S  ---------------

Java Threads: ( => current thread )
=>0x00007fb33cdeb000 JavaThread "Server-Worker-100" daemon [_thread_new, id=30005, stack(0x00007fb31c76b000,0x00007fb31c86c000)]
  0x00007fb354ac6800 JavaThread "JDA MainWS-WriteThread" [_thread_blocked, id=28986, stack(0x00007fb31db77000,0x00007fb31dc78000)]
  0x00007fb354718000 JavaThread "JDA MainWS-ReadThread" [_thread_in_native, id=28985, stack(0x00007fb31d571000,0x00007fb31d672000)]
  0x00007fb3243bf000 JavaThread "pool-9-thread-1" [_thread_blocked, id=27541, stack(0x00007fb31a066000,0x00007fb31a167000)]
  0x00007fb3246c5000 JavaThread "Netty Epoll Server IO #1" daemon [_thread_blocked, id=27526, stack(0x00007fb31d975000,0x00007fb31da76000)]
  0x00007fb33ca2a000 JavaThread "Server Watchdog" daemon [_thread_blocked, id=27524, stack(0x00007fb31d06e000,0x00007fb31d16f000)]
  0x00007fb35470e800 JavaThread "JDA RateLimit-Worker 4" daemon [_thread_blocked, id=27513, stack(0x00007fb31d16f000,0x00007fb31d270000)]
  0x00007fb35470a000 JavaThread "JDA RateLimit-Worker 3" daemon [_thread_blocked, id=27512, stack(0x00007fb31d270000,0x00007fb31d371000)]
  0x00007fb33c9ce800 JavaThread "pool-10-thread-1" [_thread_blocked, id=27511, stack(0x00007fb31ef37000,0x00007fb31f038000)]
  0x00007fb33407e000 JavaThread "JDA Gateway-Worker 1" daemon [_thread_blocked, id=27505, stack(0x00007fb31d672000,0x00007fb31d773000)]
  0x00007fb33c97b800 JavaThread "JDA RateLimit-Worker 2" daemon [_thread_blocked, id=27501, stack(0x00007fb31d874000,0x00007fb31d975000)]
  0x00007fb33c979800 JavaThread "JDA RateLimit-Worker 1" daemon [_thread_blocked, id=27495, stack(0x00007fb31dc78000,0x00007fb31dd79000)]
  0x00007fb33c6d5000 JavaThread "Timer-0" daemon [_thread_blocked, id=27436, stack(0x00007fb31edc2000,0x00007fb31eec3000)]
  0x00007fb33c587800 JavaThread "WorldEdit Session Manager" [_thread_blocked, id=27431, stack(0x00007fb31f638000,0x00007fb31f739000)]
  0x00007fb33c287000 JavaThread "Java2D Disposer" daemon [_thread_blocked, id=27422, stack(0x00007fb3204ec000,0x00007fb3205ed000)]
  0x00007fb33c0d9800 JavaThread "Netty Epoll Server IO #0" daemon [_thread_blocked, id=27419, stack(0x00007fb3207ed000,0x00007fb3208ee000)]
  0x00007fb33c0dc800 JavaThread "ObjectCleanerThread" daemon [_thread_blocked, id=27418, stack(0x00007fb3208ee000,0x00007fb3209ef000)]
  0x00007fb33c181800 JavaThread "Server console handler" daemon [_thread_in_native, id=27415, stack(0x00007fb320dfd000,0x00007fb320efe000)]
  0x00007fb33c185000 JavaThread "Thread-4" daemon [_thread_blocked, id=27414, stack(0x00007fb320efe000,0x00007fb320fff000)]
  0x00007fb35400a800 JavaThread "DestroyJavaVM" [_thread_blocked, id=27383, stack(0x00007fb35afd5000,0x00007fb35b0d5000)]
  0x00007fb354ca2000 JavaThread "Server thread" [_thread_in_vm, id=27413, stack(0x00007fb3400c0000,0x00007fb3401c1000)]
  0x00007fb354ca0800 JavaThread "Server Infinisleeper" daemon [_thread_blocked, id=27412, stack(0x00007fb3401c1000,0x00007fb3402c2000)]
  0x00007fb354c5e000 JavaThread "NonBlockingInputStreamThread" daemon [_thread_blocked, id=27411, stack(0x00007fb3402c2000,0x00007fb3403c3000)]
  0x00007fb354c5f000 JavaThread "Snooper Timer" daemon [_thread_blocked, id=27400, stack(0x00007fb3405c3000,0x00007fb3406c4000)]
  0x00007fb3540e5000 JavaThread "Service Thread" daemon [_thread_blocked, id=27390, stack(0x00007fb342cfb000,0x00007fb342dfc000)]
  0x00007fb3540d8000 JavaThread "C1 CompilerThread1" daemon [_thread_in_vm, id=27389, stack(0x00007fb342dfd000,0x00007fb342efd000)]
  0x00007fb3540d5800 JavaThread "C2 CompilerThread0" daemon [_thread_in_vm, id=27388, stack(0x00007fb342efe000,0x00007fb342ffe000)]
  0x00007fb3540d4000 JavaThread "Signal Dispatcher" daemon [_thread_blocked, id=27387, stack(0x00007fb342ffe000,0x00007fb3430ff000)]
  0x00007fb3540a2000 JavaThread "Finalizer" daemon [_thread_blocked, id=27386, stack(0x00007fb34329a000,0x00007fb34339b000)]
  0x00007fb35409f800 JavaThread "Reference Handler" daemon [_thread_blocked, id=27385, stack(0x00007fb34339b000,0x00007fb34349c000)]

Other Threads:
  0x00007fb354096000 VMThread [stack: 0x00007fb34349d000,0x00007fb34359d000] [id=27384]
  0x00007fb3540e8000 WatcherThread [stack: 0x00007fb342bfb000,0x00007fb342cfb000] [id=27391]

VM state:synchronizing (normal execution)

VM Mutex/Monitor currently owned by a thread:  ([mutex/lock_event])
[0x00007fb354006e60] Safepoint_lock - owner thread: 0x00007fb354096000
[0x00007fb354006ee0] Threads_lock - owner thread: 0x00007fb354096000
[0x00007fb354007560] CompiledIC_lock - owner thread: 0x00007fb354ca2000

heap address: 0x0000000080000000, size: 2048 MB, Compressed Oops mode: 32-bit
Narrow klass base: 0x0000000000000000, Narrow klass shift: 3
Compressed class space size: 1073741824 Address: 0x0000000100000000

Heap:
 def new generation   total 629120K, used 493474K [0x0000000080000000, 0x00000000aaaa0000, 0x00000000aaaa0000)
  eden space 559232K,  81% used [0x0000000080000000, 0x000000009bd229e8, 0x00000000a2220000)
  from space 69888K,  53% used [0x00000000a2220000, 0x00000000a46e61d8, 0x00000000a6660000)
  to   space 69888K,   0% used [0x00000000a6660000, 0x00000000a6660000, 0x00000000aaaa0000)
 tenured generation   total 1398144K, used 822973K [0x00000000aaaa0000, 0x0000000100000000, 0x0000000100000000)
   the space 1398144K,  58% used [0x00000000aaaa0000, 0x00000000dce4f520, 0x00000000dce4f600, 0x0000000100000000)
 Metaspace       used 90673K, capacity 99890K, committed 100116K, reserved 1136640K
  class space    used 11814K, capacity 13817K, committed 13884K, reserved 1048576K

Card table byte_map: [0x00007fb344218000,0x00007fb344619000] byte_map_base: 0x00007fb343e18000

Polling page: 0x00007fb35b0e2000

CodeCache: size=245760Kb used=55625Kb max_used=56012Kb free=190134Kb
 bounds [0x00007fb3449d9000, 0x00007fb348109000, 0x00007fb3539d9000]
 total_blobs=16930 nmethods=15978 adapters=860
 compilation: enabled

Compilation events (10 events):
Event: 8855.632 Thread 0x00007fb3540d5800 27110       4       net.minecraft.server.v1_14_R1.EntityTypes::getUpdateInterval (212 bytes)
Event: 8855.820 Thread 0x00007fb3540d5800 nmethod 27110 0x00007fb34677f290 code [0x00007fb34677f460, 0x00007fb34677f858]
Event: 8856.038 Thread 0x00007fb3540d5800 27111       4       net.minecraft.server.v1_14_R1.ControllerLook::b (38 bytes)
Event: 8856.522 Thread 0x00007fb3540d8000 27112       3       net.minecraft.server.v1_14_R1.Container::a (23 bytes)
Event: 8856.620 Thread 0x00007fb3540d5800 nmethod 27111 0x00007fb3452acd90 code [0x00007fb3452acee0, 0x00007fb3452acf78]
Event: 8856.788 Thread 0x00007fb3540d8000 nmethod 27112 0x00007fb345fb4010 code [0x00007fb345fb41a0, 0x00007fb345fb4600]
Event: 8856.864 Thread 0x00007fb3540d5800 27113       4       net.minecraft.server.v1_14_R1.ControllerLook::a (19 bytes)
Event: 8857.146 Thread 0x00007fb3540d8000 27114       3       net.minecraft.server.v1_14_R1.EntityTameableAnimal::c (16 bytes)
Event: 8858.085 Thread 0x00007fb3540d8000 nmethod 27114 0x00007fb346afe210 code [0x00007fb346afe420, 0x00007fb346aff100]
Event: 8858.560 Thread 0x00007fb3540d8000 27115       3       net.minecraft.server.v1_14_R1.EntityTameableAnimal::h (14 bytes)

GC Heap History (10 events):
Event: 8840.499 GC heap before
{Heap before GC invocations=589 (full 4):
 def new generation   total 629120K, used 594308K [0x0000000080000000, 0x00000000aaaa0000, 0x00000000aaaa0000)
  eden space 559232K, 100% used [0x0000000080000000, 0x00000000a2220000, 0x00000000a2220000)
  from space 69888K,  50% used [0x00000000a6660000, 0x00000000a88a10c8, 0x00000000aaaa0000)
  to   space 69888K,   0% used [0x00000000a2220000, 0x00000000a2220000, 0x00000000a6660000)
 tenured generation   total 1398144K, used 810019K [0x00000000aaaa0000, 0x0000000100000000, 0x0000000100000000)
   the space 1398144K,  57% used [0x00000000aaaa0000, 0x00000000dc1a8c88, 0x00000000dc1a8e00, 0x0000000100000000)
 Metaspace       used 90638K, capacity 99870K, committed 100116K, reserved 1136640K
  class space    used 11812K, capacity 13813K, committed 13884K, reserved 1048576K
Event: 8840.561 GC heap after
Heap after GC invocations=590 (full 4):
 def new generation   total 629120K, used 35102K [0x0000000080000000, 0x00000000aaaa0000, 0x00000000aaaa0000)
  eden space 559232K,   0% used [0x0000000080000000, 0x0000000080000000, 0x00000000a2220000)
  from space 69888K,  50% used [0x00000000a2220000, 0x00000000a44678e8, 0x00000000a6660000)
  to   space 69888K,   0% used [0x00000000a6660000, 0x00000000a6660000, 0x00000000aaaa0000)
 tenured generation   total 1398144K, used 812937K [0x00000000aaaa0000, 0x0000000100000000, 0x0000000100000000)
   the space 1398144K,  58% used [0x00000000aaaa0000, 0x00000000dc4825f0, 0x00000000dc482600, 0x0000000100000000)
 Metaspace       used 90638K, capacity 99870K, committed 100116K, reserved 1136640K
  class space    used 11812K, capacity 13813K, committed 13884K, reserved 1048576K
}
Event: 8844.648 GC heap before
{Heap before GC invocations=590 (full 4):
 def new generation   total 629120K, used 594334K [0x0000000080000000, 0x00000000aaaa0000, 0x00000000aaaa0000)
  eden space 559232K, 100% used [0x0000000080000000, 0x00000000a2220000, 0x00000000a2220000)
  from space 69888K,  50% used [0x00000000a2220000, 0x00000000a44678e8, 0x00000000a6660000)
  to   space 69888K,   0% used [0x00000000a6660000, 0x00000000a6660000, 0x00000000aaaa0000)
 tenured generation   total 1398144K, used 812937K [0x00000000aaaa0000, 0x0000000100000000, 0x0000000100000000)
   the space 1398144K,  58% used [0x00000000aaaa0000, 0x00000000dc4825f0, 0x00000000dc482600, 0x0000000100000000)
 Metaspace       used 90649K, capacity 99870K, committed 100116K, reserved 1136640K
  class space    used 11812K, capacity 13813K, committed 13884K, reserved 1048576K
Event: 8844.711 GC heap after
Heap after GC invocations=591 (full 4):
 def new generation   total 629120K, used 36842K [0x0000000080000000, 0x00000000aaaa0000, 0x00000000aaaa0000)
  eden space 559232K,   0% used [0x0000000080000000, 0x0000000080000000, 0x00000000a2220000)
  from space 69888K,  52% used [0x00000000a6660000, 0x00000000a8a5aa48, 0x00000000aaaa0000)
  to   space 69888K,   0% used [0x00000000a2220000, 0x00000000a2220000, 0x00000000a6660000)
 tenured generation   total 1398144K, used 814823K [0x00000000aaaa0000, 0x0000000100000000, 0x0000000100000000)
   the space 1398144K,  58% used [0x00000000aaaa0000, 0x00000000dc659f50, 0x00000000dc65a000, 0x0000000100000000)
 Metaspace       used 90649K, capacity 99870K, committed 100116K, reserved 1136640K
  class space    used 11812K, capacity 13813K, committed 13884K, reserved 1048576K
}
Event: 8848.517 GC heap before
{Heap before GC invocations=591 (full 4):
 def new generation   total 629120K, used 596074K [0x0000000080000000, 0x00000000aaaa0000, 0x00000000aaaa0000)
  eden space 559232K, 100% used [0x0000000080000000, 0x00000000a2220000, 0x00000000a2220000)
  from space 69888K,  52% used [0x00000000a6660000, 0x00000000a8a5aa48, 0x00000000aaaa0000)
  to   space 69888K,   0% used [0x00000000a2220000, 0x00000000a2220000, 0x00000000a6660000)
 tenured generation   total 1398144K, used 814823K [0x00000000aaaa0000, 0x0000000100000000, 0x0000000100000000)
   the space 1398144K,  58% used [0x00000000aaaa0000, 0x00000000dc659f50, 0x00000000dc65a000, 0x0000000100000000)
 Metaspace       used 90661K, capacity 99886K, committed 100116K, reserved 1136640K
  class space    used 11814K, capacity 13817K, committed 13884K, reserved 1048576K
Event: 8848.584 GC heap after
Heap after GC invocations=592 (full 4):
 def new generation   total 629120K, used 37509K [0x0000000080000000, 0x00000000aaaa0000, 0x00000000aaaa0000)
  eden space 559232K,   0% used [0x0000000080000000, 0x0000000080000000, 0x00000000a2220000)
  from space 69888K,  53% used [0x00000000a2220000, 0x00000000a46c1668, 0x00000000a6660000)
  to   space 69888K,   0% used [0x00000000a6660000, 0x00000000a6660000, 0x00000000aaaa0000)
 tenured generation   total 1398144K, used 817065K [0x00000000aaaa0000, 0x0000000100000000, 0x0000000100000000)
   the space 1398144K,  58% used [0x00000000aaaa0000, 0x00000000dc88a688, 0x00000000dc88a800, 0x0000000100000000)
 Metaspace       used 90661K, capacity 99886K, committed 100116K, reserved 1136640K
  class space    used 11814K, capacity 13817K, committed 13884K, reserved 1048576K
}
Event: 8851.438 GC heap before
{Heap before GC invocations=592 (full 4):
 def new generation   total 629120K, used 596741K [0x0000000080000000, 0x00000000aaaa0000, 0x00000000aaaa0000)
  eden space 559232K, 100% used [0x0000000080000000, 0x00000000a2220000, 0x00000000a2220000)
  from space 69888K,  53% used [0x00000000a2220000, 0x00000000a46c1668, 0x00000000a6660000)
  to   space 69888K,   0% used [0x00000000a6660000, 0x00000000a6660000, 0x00000000aaaa0000)
 tenured generation   total 1398144K, used 817065K [0x00000000aaaa0000, 0x0000000100000000, 0x0000000100000000)
   the space 1398144K,  58% used [0x00000000aaaa0000, 0x00000000dc88a688, 0x00000000dc88a800, 0x0000000100000000)
 Metaspace       used 90668K, capacity 99886K, committed 100116K, reserved 1136640K
  class space    used 11814K, capacity 13817K, committed 13884K, reserved 1048576K
Event: 8851.501 GC heap after
Heap after GC invocations=593 (full 4):
 def new generation   total 629120K, used 37418K [0x0000000080000000, 0x00000000aaaa0000, 0x00000000aaaa0000)
  eden space 559232K,   0% used [0x0000000080000000, 0x0000000080000000, 0x00000000a2220000)
  from space 69888K,  53% used [0x00000000a6660000, 0x00000000a8aea9d0, 0x00000000aaaa0000)
  to   space 69888K,   0% used [0x00000000a2220000, 0x00000000a2220000, 0x00000000a6660000)
 tenured generation   total 1398144K, used 819790K [0x00000000aaaa0000, 0x0000000100000000, 0x0000000100000000)
   the space 1398144K,  58% used [0x00000000aaaa0000, 0x00000000dcb33878, 0x00000000dcb33a00, 0x0000000100000000)
 Metaspace       used 90668K, capacity 99886K, committed 100116K, reserved 1136640K
  class space    used 11814K, capacity 13817K, committed 13884K, reserved 1048576K
}
Event: 8854.960 GC heap before
{Heap before GC invocations=593 (full 4):
 def new generation   total 629120K, used 596650K [0x0000000080000000, 0x00000000aaaa0000, 0x00000000aaaa0000)
  eden space 559232K, 100% used [0x0000000080000000, 0x00000000a2220000, 0x00000000a2220000)
  from space 69888K,  53% used [0x00000000a6660000, 0x00000000a8aea9d0, 0x00000000aaaa0000)
  to   space 69888K,   0% used [0x00000000a2220000, 0x00000000a2220000, 0x00000000a6660000)
 tenured generation   total 1398144K, used 819790K [0x00000000aaaa0000, 0x0000000100000000, 0x0000000100000000)
   the space 1398144K,  58% used [0x00000000aaaa0000, 0x00000000dcb33878, 0x00000000dcb33a00, 0x0000000100000000)
 Metaspace       used 90671K, capacity 99890K, committed 100116K, reserved 1136640K
  class space    used 11814K, capacity 13817K, committed 13884K, reserved 1048576K
Event: 8855.025 GC heap after
Heap after GC invocations=594 (full 4):
 def new generation   total 629120K, used 37656K [0x0000000080000000, 0x00000000aaaa0000, 0x00000000aaaa0000)
  eden space 559232K,   0% used [0x0000000080000000, 0x0000000080000000, 0x00000000a2220000)
  from space 69888K,  53% used [0x00000000a2220000, 0x00000000a46e61d8, 0x00000000a6660000)
  to   space 69888K,   0% used [0x00000000a6660000, 0x00000000a6660000, 0x00000000aaaa0000)
 tenured generation   total 1398144K, used 822973K [0x00000000aaaa0000, 0x0000000100000000, 0x0000000100000000)
   the space 1398144K,  58% used [0x00000000aaaa0000, 0x00000000dce4f520, 0x00000000dce4f600, 0x0000000100000000)
 Metaspace       used 90671K, capacity 99890K, committed 100116K, reserved 1136640K
  class space    used 11814K, capacity 13817K, committed 13884K, reserved 1048576K
}

Deoptimization events (10 events):
Event: 8839.997 Thread 0x00007fb354ca2000 Uncommon trap: reason=unstable_if action=reinterpret pc=0x00007fb347a874f4 method=net.minecraft.server.v1_14_R1.PathfinderNormal.b()Lnet/minecraft/server/v1_14_R1/PathPoint; @ 141
Event: 8840.683 Thread 0x00007fb354ca2000 Uncommon trap: reason=class_check action=maybe_recompile pc=0x00007fb34803775c method=net.minecraft.server.v1_14_R1.Entity.move(Lnet/minecraft/server/v1_14_R1/EnumMoveType;Lnet/minecraft/server/v1_14_R1/Vec3D;)V @ 737
Event: 8840.799 Thread 0x00007fb354ca2000 Uncommon trap: reason=class_check action=maybe_recompile pc=0x00007fb34803775c method=net.minecraft.server.v1_14_R1.Entity.move(Lnet/minecraft/server/v1_14_R1/EnumMoveType;Lnet/minecraft/server/v1_14_R1/Vec3D;)V @ 737
Event: 8842.301 Thread 0x00007fb354ca2000 Uncommon trap: reason=unstable_if action=reinterpret pc=0x00007fb345730e18 method=net.minecraft.server.v1_14_R1.PathfinderGoalLookAtPlayer.b()Z @ 7
Event: 8843.778 Thread 0x00007fb354ca2000 Uncommon trap: reason=unstable_if action=reinterpret pc=0x00007fb34625973c method=net.minecraft.server.v1_14_R1.PathfinderGoalLookAtPlayer.a()Z @ 27
Event: 8846.988 Thread 0x00007fb354ca2000 Uncommon trap: reason=unstable_if action=reinterpret pc=0x00007fb347ca8444 method=net.minecraft.server.v1_14_R1.Chunk.setType(Lnet/minecraft/server/v1_14_R1/BlockPosition;Lnet/minecraft/server/v1_14_R1/IBlockData;ZZ)Lnet/minecraft/server/v1_14_R1/IBlockDa
Event: 8847.591 Thread 0x00007fb3246c5000 Uncommon trap: reason=unstable_if action=reinterpret pc=0x00007fb34755d2b8 method=java.util.concurrent.locks.AbstractQueuedSynchronizer.releaseShared(I)Z @ 5
Event: 8848.279 Thread 0x00007fb354ca2000 Uncommon trap: reason=unstable_if action=reinterpret pc=0x00007fb346e25524 method=net.minecraft.server.v1_14_R1.EntityLiving.tickPotionEffects()V @ 281
Event: 8848.295 Thread 0x00007fb354ca2000 Uncommon trap: reason=unstable_if action=reinterpret pc=0x00007fb347936eb8 method=java.util.concurrent.locks.AbstractQueuedSynchronizer.releaseShared(I)Z @ 5
Event: 8872.395 Thread 0x00007fb354ca2000 Uncommon trap: reason=unstable_if action=reinterpret pc=0x00007fb345b5908c method=net.minecraft.server.v1_14_R1.MinecraftServer.canExecute(Lnet/minecraft/server/v1_14_R1/TickTask;)Z @ 10

Classes redefined (0 events):
No events

Internal exceptions (10 events):
Event: 8409.015 Thread 0x00007fb354ca2000 Implicit null exception at 0x00007fb345f1beed to 0x00007fb345f1c388
Event: 8414.474 Thread 0x00007fb354ca2000 Implicit null exception at 0x00007fb346878f91 to 0x00007fb346879022
Event: 8605.917 Thread 0x00007fb354ca2000 Implicit null exception at 0x00007fb345fb40a8 to 0x00007fb345fb4571
Event: 8607.843 Thread 0x00007fb33cde6000 Implicit null exception at 0x00007fb346e1d3d6 to 0x00007fb346e1e1dd
Event: 8607.843 Thread 0x00007fb33cde6000 Implicit null exception at 0x00007fb345776171 to 0x00007fb3457762bd
Event: 8631.295 Thread 0x00007fb354ca2000 Implicit null exception at 0x00007fb346fc1da4 to 0x00007fb346fc2fe5
Event: 8631.301 Thread 0x00007fb354ca2000 Implicit null exception at 0x00007fb3451e8b25 to 0x00007fb3451e8f6d
Event: 8738.298 Thread 0x00007fb354ca2000 Implicit null exception at 0x00007fb346d2377b to 0x00007fb346d24011
Event: 8739.009 Thread 0x00007fb354ca2000 Implicit null exception at 0x00007fb346b03204 to 0x00007fb346b0333d
Event: 8740.284 Thread 0x00007fb354ca2000 Implicit null exception at 0x00007fb34626d9f3 to 0x00007fb34626ece6

Events (10 events):
Event: 8851.502 Executing VM operation: GenCollectForAllocation done
Event: 8854.957 Executing VM operation: GenCollectForAllocation
Event: 8855.035 Executing VM operation: GenCollectForAllocation done
Event: 8871.933 Thread 0x00007fb354ca2000 Uncommon trap: trap_request=0xffffff65 fr.pc=0x00007fb345b5908c
Event: 8873.106 Thread 0x00007fb354ca2000 DEOPT PACKING pc=0x00007fb345b5908c sp=0x00007fb3401bf6d0
Event: 8873.937 Executing VM operation: RevokeBias
Event: 8873.965 Thread 0x00007fb354ca2000 DEOPT UNPACKING pc=0x00007fb344a1e47a sp=0x00007fb3401bf620 mode 2
Event: 8875.403 Executing VM operation: RevokeBias done
Event: 8875.979 Thread 0x00007fb33cdeb000 Thread exited: 0x00007fb33cdeb000
Event: 8879.383 Thread 0x00007fb33cdeb000 Thread added: 0x00007fb33cdeb000


Dynamic libraries:
80000000-100d8f000 rw-p 00000000 00:00 0 
100d8f000-140000000 ---p 00000000 00:00 0 
55e140978000-55e140979000 r-xp 00000000 08:01 139114                     /usr/lib/jvm/java-8-openjdk-amd64/jre/bin/java
55e140b78000-55e140b79000 r--p 00000000 08:01 139114                     /usr/lib/jvm/java-8-openjdk-amd64/jre/bin/java
55e140b79000-55e140b7a000 rw-p 00001000 08:01 139114                     /usr/lib/jvm/java-8-openjdk-amd64/jre/bin/java
55e1427a4000-55e14280c000 rw-p 00000000 00:00 0                          [heap]
7fb319666000-7fb3196a6000 rw-p 00000000 00:00 0 
7fb3196a6000-7fb319866000 ---p 00000000 00:00 0 
7fb319866000-7fb319a66000 rw-p 00000000 00:00 0 
7fb319a66000-7fb319c66000 rw-p 00000000 00:00 0 
7fb319c66000-7fb319e66000 rw-p 00000000 00:00 0 
7fb319e66000-7fb31a066000 rw-p 00000000 00:00 0 
7fb31a066000-7fb31a069000 ---p 00000000 00:00 0 
7fb31a069000-7fb31a167000 rw-p 00000000 00:00 0 
7fb31a167000-7fb31a367000 rw-p 00000000 00:00 0 
7fb31a367000-7fb31a36a000 ---p 00000000 00:00 0 
7fb31a36a000-7fb31b469000 rw-p 00000000 00:00 0 
7fb31b469000-7fb31b669000 rw-p 00000000 00:00 0 
7fb31b669000-7fb31c66a000 rw-p 00000000 00:00 0 
7fb31c66a000-7fb31c66d000 ---p 00000000 00:00 0 
7fb31c66d000-7fb31c76b000 rw-p 00000000 00:00 0 
7fb31c76e000-7fb31c86c000 rw-p 00000000 00:00 0 
7fb31c86c000-7fb31c86f000 ---p 00000000 00:00 0 
7fb31c86f000-7fb31c96d000 rw-p 00000000 00:00 0 
7fb31c96d000-7fb31c970000 ---p 00000000 00:00 0 
7fb31c970000-7fb31ca6e000 rw-p 00000000 00:00 0 
7fb31ca6e000-7fb31cc6e000 rw-p 00000000 00:00 0 
7fb31cc6e000-7fb31ce6e000 rw-p 00000000 00:00 0 
7fb31ce6e000-7fb31d06e000 rw-p 00000000 00:00 0 
7fb31d06e000-7fb31d071000 ---p 00000000 00:00 0 
7fb31d071000-7fb31d16f000 rw-p 00000000 00:00 0 
7fb31d16f000-7fb31d172000 ---p 00000000 00:00 0 
7fb31d172000-7fb31d270000 rw-p 00000000 00:00 0 
7fb31d270000-7fb31d273000 ---p 00000000 00:00 0 
7fb31d273000-7fb31d371000 rw-p 00000000 00:00 0 
7fb31d371000-7fb31d571000 rw-p 00000000 00:00 0 
7fb31d571000-7fb31d574000 ---p 00000000 00:00 0 
7fb31d574000-7fb31d672000 rw-p 00000000 00:00 0 
7fb31d672000-7fb31d675000 ---p 00000000 00:00 0 
7fb31d675000-7fb31d773000 rw-p 00000000 00:00 0 
7fb31d773000-7fb31d776000 ---p 00000000 00:00 0 
7fb31d776000-7fb31d874000 rw-p 00000000 00:00 0 
7fb31d874000-7fb31d877000 ---p 00000000 00:00 0 
7fb31d877000-7fb31d975000 rw-p 00000000 00:00 0 
7fb31d975000-7fb31d978000 ---p 00000000 00:00 0 
7fb31d978000-7fb31da76000 rw-p 00000000 00:00 0 
7fb31da76000-7fb31da79000 ---p 00000000 00:00 0 
7fb31da79000-7fb31db77000 rw-p 00000000 00:00 0 
7fb31db77000-7fb31db7a000 ---p 00000000 00:00 0 
7fb31db7a000-7fb31dc78000 rw-p 00000000 00:00 0 
7fb31dc78000-7fb31dc7b000 ---p 00000000 00:00 0 
7fb31dc7b000-7fb31dd79000 rw-p 00000000 00:00 0 
7fb31dd79000-7fb31df79000 rw-p 00000000 00:00 0 
7fb31df79000-7fb31df8d000 r-xp 00000000 08:01 1287                       /lib/x86_64-linux-gnu/libresolv-2.24.so
7fb31df8d000-7fb31e18c000 ---p 00014000 08:01 1287                       /lib/x86_64-linux-gnu/libresolv-2.24.so
7fb31e18c000-7fb31e18d000 r--p 00013000 08:01 1287                       /lib/x86_64-linux-gnu/libresolv-2.24.so
7fb31e18d000-7fb31e18e000 rw-p 00014000 08:01 1287                       /lib/x86_64-linux-gnu/libresolv-2.24.so
7fb31e18e000-7fb31e190000 rw-p 00000000 00:00 0 
7fb31e190000-7fb31e195000 r-xp 00000000 08:01 1280                       /lib/x86_64-linux-gnu/libnss_dns-2.24.so
7fb31e195000-7fb31e394000 ---p 00005000 08:01 1280                       /lib/x86_64-linux-gnu/libnss_dns-2.24.so
7fb31e394000-7fb31e395000 r--p 00004000 08:01 1280                       /lib/x86_64-linux-gnu/libnss_dns-2.24.so
7fb31e395000-7fb31e396000 rw-p 00005000 08:01 1280                       /lib/x86_64-linux-gnu/libnss_dns-2.24.so
7fb31e396000-7fb31e596000 rw-p 00000000 00:00 0 
7fb31e596000-7fb31e5be000 r-xp 00000000 08:01 139157                     /usr/lib/jvm/java-8-openjdk-amd64/jre/lib/amd64/libsunec.so
7fb31e5be000-7fb31e7bd000 ---p 00028000 08:01 139157                     /usr/lib/jvm/java-8-openjdk-amd64/jre/lib/amd64/libsunec.so
7fb31e7bd000-7fb31e7c1000 r--p 00027000 08:01 139157                     /usr/lib/jvm/java-8-openjdk-amd64/jre/lib/amd64/libsunec.so
7fb31e7c1000-7fb31e7c2000 rw-p 0002b000 08:01 139157                     /usr/lib/jvm/java-8-openjdk-amd64/jre/lib/amd64/libsunec.so
7fb31e7c2000-7fb31e9c2000 rw-p 00000000 00:00 0 
7fb31e9c2000-7fb31ebc2000 rw-p 00000000 00:00 0 
7fb31ebc2000-7fb31edc2000 rw-p 00000000 00:00 0 
7fb31edc2000-7fb31edc5000 ---p 00000000 00:00 0 
7fb31edc5000-7fb31eec3000 rw-p 00000000 00:00 0 
7fb31ef37000-7fb31ef3a000 ---p 00000000 00:00 0 
7fb31ef3a000-7fb31f038000 rw-p 00000000 00:00 0 
7fb31f038000-7fb31f238000 rw-p 00000000 00:00 0 
7fb31f238000-7fb31f438000 rw-p 00000000 00:00 0 
7fb31f438000-7fb31f638000 rw-p 00000000 00:00 0 
7fb31f638000-7fb31f63b000 ---p 00000000 00:00 0 
7fb31f63b000-7fb31f739000 rw-p 00000000 00:00 0 
7fb31f739000-7fb31f939000 rw-p 00000000 00:00 0 
7fb31f939000-7fb31fb39000 rw-p 00000000 00:00 0 
7fb31fb39000-7fb31fb9f000 r--s 004ce000 08:01 403264                     /home/mim/serverMC/plugins/DiscordChat-1.4.2-Spigot.jar
7fb31fb9f000-7fb31fc05000 r--s 004ce000 08:01 403264                     /home/mim/serverMC/plugins/DiscordChat-1.4.2-Spigot.jar
7fb31fc05000-7fb31fe05000 rw-p 00000000 00:00 0 
7fb31fe05000-7fb320005000 rw-p 00000000 00:00 0 
7fb320005000-7fb32000c000 r-xp 00000000 08:01 139131                     /usr/lib/jvm/java-8-openjdk-amd64/jre/lib/amd64/libawt_headless.so
7fb32000c000-7fb32020b000 ---p 00007000 08:01 139131                     /usr/lib/jvm/java-8-openjdk-amd64/jre/lib/amd64/libawt_headless.so
7fb32020b000-7fb32020c000 r--p 00006000 08:01 139131                     /usr/lib/jvm/java-8-openjdk-amd64/jre/lib/amd64/libawt_headless.so
7fb32020c000-7fb32020d000 rw-p 00007000 08:01 139131                     /usr/lib/jvm/java-8-openjdk-amd64/jre/lib/amd64/libawt_headless.so
7fb32020d000-7fb3202ac000 r-xp 00000000 08:01 139130                     /usr/lib/jvm/java-8-openjdk-amd64/jre/lib/amd64/libawt.so
7fb3202ac000-7fb3204ac000 ---p 0009f000 08:01 139130                     /usr/lib/jvm/java-8-openjdk-amd64/jre/lib/amd64/libawt.so
7fb3204ac000-7fb3204ad000 r--p 0009f000 08:01 139130                     /usr/lib/jvm/java-8-openjdk-amd64/jre/lib/amd64/libawt.so
7fb3204ad000-7fb3204b8000 rw-p 000a0000 08:01 139130                     /usr/lib/jvm/java-8-openjdk-amd64/jre/lib/amd64/libawt.so
7fb3204b8000-7fb3204dd000 rw-p 00000000 00:00 0 
7fb3204ec000-7fb3204ef000 ---p 00000000 00:00 0 
7fb3204ef000-7fb3205ed000 rw-p 00000000 00:00 0 
7fb3205ed000-7fb3207ed000 rw-p 00000000 00:00 0 
7fb3207ed000-7fb3207f0000 ---p 00000000 00:00 0 
7fb3207f0000-7fb3208ee000 rw-p 00000000 00:00 0 
7fb3208ee000-7fb3208f1000 ---p 00000000 00:00 0 
7fb3208f1000-7fb3209ef000 rw-p 00000000 00:00 0 
7fb3209ef000-7fb320bef000 rw-p 00000000 00:00 0 
7fb320bef000-7fb320bfc000 r-xp 00000000 08:01 6803                       /tmp/libnetty_transport_native_epoll_x86_643025625148134359415.so (deleted)
7fb320bfc000-7fb320dfb000 ---p 0000d000 08:01 6803                       /tmp/libnetty_transport_native_epoll_x86_643025625148134359415.so (deleted)
7fb320dfb000-7fb320dfd000 rw-p 0000c000 08:01 6803                       /tmp/libnetty_transport_native_epoll_x86_643025625148134359415.so (deleted)
7fb320dfd000-7fb320e00000 ---p 00000000 00:00 0 
7fb320e00000-7fb320efe000 rw-p 00000000 00:00 0 
7fb320efe000-7fb320f01000 ---p 00000000 00:00 0 
7fb320f01000-7fb324000000 rw-p 00000000 00:00 0 
7fb324000000-7fb324f61000 rw-p 00000000 00:00 0 
7fb324f61000-7fb328000000 ---p 00000000 00:00 0 
7fb328000000-7fb32804a000 rw-p 00000000 00:00 0 
7fb32804a000-7fb32c000000 ---p 00000000 00:00 0 
7fb32c000000-7fb32c055000 rw-p 00000000 00:00 0 
7fb32c055000-7fb330000000 ---p 00000000 00:00 0 
7fb330000000-7fb333198000 rw-p 00000000 00:00 0 
7fb333198000-7fb334000000 ---p 00000000 00:00 0 
7fb334000000-7fb3340dc000 rw-p 00000000 00:00 0 
7fb3340dc000-7fb338000000 ---p 00000000 00:00 0 
7fb338000000-7fb338046000 rw-p 00000000 00:00 0 
7fb338046000-7fb33c000000 ---p 00000000 00:00 0 
7fb33c000000-7fb33cee2000 rw-p 00000000 00:00 0 
7fb33cee2000-7fb340000000 ---p 00000000 00:00 0 
7fb340013000-7fb340026000 r--s 00346000 08:01 139202                     /usr/lib/jvm/java-8-openjdk-amd64/jre/lib/resources.jar
7fb340026000-7fb340029000 r--s 00018000 08:01 385206                     /home/mim/serverMC/plugins/Multiverse-Portals-4.1.0.jar
7fb340029000-7fb340033000 r--s 00068000 08:01 385205                     /home/mim/serverMC/plugins/Multiverse-Core-4.1.0.jar
7fb340033000-7fb340036000 r--s 00018000 08:01 385206                     /home/mim/serverMC/plugins/Multiverse-Portals-4.1.0.jar
7fb340036000-7fb340044000 r--s 00159000 08:01 385204                     /home/mim/serverMC/plugins/EssentialsX-2.17.1.0.jar
7fb340044000-7fb34004e000 r--s 00068000 08:01 385205                     /home/mim/serverMC/plugins/Multiverse-Core-4.1.0.jar
7fb34004e000-7fb34005c000 r--s 00159000 08:01 385204                     /home/mim/serverMC/plugins/EssentialsX-2.17.1.0.jar
7fb34005c000-7fb34008a000 r--s 00237000 08:01 385207                     /home/mim/serverMC/plugins/worldedit-bukkit-7.0.1.jar
7fb34008a000-7fb34008e000 r--s 00020000 08:01 385203                     /home/mim/serverMC/plugins/Clearlag.jar
7fb34008e000-7fb3400bc000 r--s 00237000 08:01 385207                     /home/mim/serverMC/plugins/worldedit-bukkit-7.0.1.jar
7fb3400bc000-7fb3400c0000 r--s 00020000 08:01 385203                     /home/mim/serverMC/plugins/Clearlag.jar
7fb3400c0000-7fb3400c3000 ---p 00000000 00:00 0 
7fb3400c3000-7fb3401c1000 rw-p 00000000 00:00 0 
7fb3401c1000-7fb3401c4000 ---p 00000000 00:00 0 
7fb3401c4000-7fb3402c2000 rw-p 00000000 00:00 0 
7fb3402c2000-7fb3402c5000 ---p 00000000 00:00 0 
7fb3402c5000-7fb3403c3000 rw-p 00000000 00:00 0 
7fb3403c3000-7fb3405c3000 rw-p 00000000 00:00 0 
7fb3405c3000-7fb3405c6000 ---p 00000000 00:00 0 
7fb3405c6000-7fb3406c4000 rw-p 00000000 00:00 0 
7fb3406c4000-7fb3408c4000 rw-p 00000000 00:00 0 
7fb3408c4000-7fb340ac4000 rw-p 00000000 00:00 0 
7fb340ac4000-7fb340cba000 rw-p 00000000 00:00 0 
7fb340cba000-7fb340cc4000 ---p 00000000 00:00 0 
7fb340cc4000-7fb340ec4000 rw-p 00000000 00:00 0 
7fb340ec4000-7fb3410c4000 rw-p 00000000 00:00 0 
7fb3410c4000-7fb3412c4000 rw-p 00000000 00:00 0 
7fb3412c4000-7fb3414c4000 rw-p 00000000 00:00 0 
7fb3414c4000-7fb3416c4000 rw-p 00000000 00:00 0 
7fb3416c4000-7fb3418c4000 rw-p 00000000 00:00 0 
7fb3418c4000-7fb341ac4000 rw-p 00000000 00:00 0 
7fb341ac4000-7fb341cc4000 rw-p 00000000 00:00 0 
7fb341cc4000-7fb341cc7000 ---p 00000000 00:00 0 
7fb341cc7000-7fb341dc5000 rw-p 00000000 00:00 0 
7fb341dc5000-7fb341dd6000 r-xp 00000000 08:01 139153                     /usr/lib/jvm/java-8-openjdk-amd64/jre/lib/amd64/libnio.so
7fb341dd6000-7fb341fd5000 ---p 00011000 08:01 139153                     /usr/lib/jvm/java-8-openjdk-amd64/jre/lib/amd64/libnio.so
7fb341fd5000-7fb341fd6000 r--p 00010000 08:01 139153                     /usr/lib/jvm/java-8-openjdk-amd64/jre/lib/amd64/libnio.so
7fb341fd6000-7fb341fd7000 rw-p 00011000 08:01 139153                     /usr/lib/jvm/java-8-openjdk-amd64/jre/lib/amd64/libnio.so
7fb341fd7000-7fb341fee000 r-xp 00000000 08:01 139152                     /usr/lib/jvm/java-8-openjdk-amd64/jre/lib/amd64/libnet.so
7fb341fee000-7fb3421ed000 ---p 00017000 08:01 139152                     /usr/lib/jvm/java-8-openjdk-amd64/jre/lib/amd64/libnet.so
7fb3421ed000-7fb3421ee000 r--p 00016000 08:01 139152                     /usr/lib/jvm/java-8-openjdk-amd64/jre/lib/amd64/libnet.so
7fb3421ee000-7fb3421ef000 rw-p 00017000 08:01 139152                     /usr/lib/jvm/java-8-openjdk-amd64/jre/lib/amd64/libnet.so
7fb3421ef000-7fb3423ef000 rw-p 00000000 00:00 0 
7fb3423ef000-7fb3425ef000 rw-p 00000000 00:00 0 
7fb3425ef000-7fb3425f8000 r-xp 00000000 08:01 139150                     /usr/lib/jvm/java-8-openjdk-amd64/jre/lib/amd64/libmanagement.so
7fb3425f8000-7fb3427f7000 ---p 00009000 08:01 139150                     /usr/lib/jvm/java-8-openjdk-amd64/jre/lib/amd64/libmanagement.so
7fb3427f7000-7fb3427f8000 r--p 00008000 08:01 139150                     /usr/lib/jvm/java-8-openjdk-amd64/jre/lib/amd64/libmanagement.so
7fb3427f8000-7fb3427f9000 rw-p 00009000 08:01 139150                     /usr/lib/jvm/java-8-openjdk-amd64/jre/lib/amd64/libmanagement.so
7fb3427f9000-7fb3427fa000 r-xp 00000000 08:01 5429                       /tmp/libjansi-64-git-Bukkit-03b145b-5651562164237646504.so
7fb3427fa000-7fb3429f9000 ---p 00001000 08:01 5429                       /tmp/libjansi-64-git-Bukkit-03b145b-5651562164237646504.so
7fb3429f9000-7fb3429fa000 rw-p 00000000 08:01 5429                       /tmp/libjansi-64-git-Bukkit-03b145b-5651562164237646504.so
7fb3429fa000-7fb3429fd000 ---p 00000000 00:00 0 
7fb3429fd000-7fb342a33000 rw-p 00000000 00:00 0 
7fb342a33000-7fb342a38000 r--s 000a3000 08:01 139197                     /usr/lib/jvm/java-8-openjdk-amd64/jre/lib/jsse.jar
7fb342a38000-7fb342bfa000 r--s 01c9a000 08:01 385191                     /home/mim/serverMC/craftbukkit-1.14.4.jar
7fb342bfa000-7fb342bfb000 ---p 00000000 00:00 0 
7fb342bfb000-7fb342cfb000 rw-p 00000000 00:00 0 
7fb342cfb000-7fb342cfe000 ---p 00000000 00:00 0 
7fb342cfe000-7fb342dfc000 rw-p 00000000 00:00 0 
7fb342dfc000-7fb342dfd000 ---p 00000000 00:00 0 
7fb342dfd000-7fb342e00000 ---p 00000000 00:00 0 
7fb342e00000-7fb342efd000 rw-p 00000000 00:00 0 
7fb342efd000-7fb342efe000 ---p 00000000 00:00 0 
7fb342efe000-7fb342f01000 ---p 00000000 00:00 0 
7fb342f01000-7fb342ffe000 rw-p 00000000 00:00 0 
7fb342ffe000-7fb343001000 ---p 00000000 00:00 0 
7fb343001000-7fb3430ff000 rw-p 00000000 00:00 0 
7fb3430ff000-7fb34329a000 r--p 00000000 08:01 28518                      /usr/lib/locale/locale-archive
7fb34329a000-7fb34329d000 ---p 00000000 00:00 0 
7fb34329d000-7fb34339b000 rw-p 00000000 00:00 0 
7fb34339b000-7fb34339e000 ---p 00000000 00:00 0 
7fb34339e000-7fb34349c000 rw-p 00000000 00:00 0 
7fb34349c000-7fb34349d000 ---p 00000000 00:00 0 
7fb34349d000-7fb34359d000 rw-p 00000000 00:00 0 
7fb34359d000-7fb34376d000 r--s 03c5c000 08:01 139203                     /usr/lib/jvm/java-8-openjdk-amd64/jre/lib/rt.jar
7fb34376d000-7fb343f6d000 rw-p 00000000 00:00 0 
7fb343f6d000-7fb344618000 rw-p 00000000 00:00 0 
7fb344618000-7fb3446f6000 rw-p 00000000 00:00 0 
7fb3446f6000-7fb3449d9000 ---p 00000000 00:00 0 
7fb3449d9000-7fb348109000 rwxp 00000000 00:00 0 
7fb348109000-7fb3539d9000 ---p 00000000 00:00 0 
7fb3539d9000-7fb3539e1000 r-xp 00000000 08:01 139160                     /usr/lib/jvm/java-8-openjdk-amd64/jre/lib/amd64/libzip.so
7fb3539e1000-7fb353be0000 ---p 00008000 08:01 139160                     /usr/lib/jvm/java-8-openjdk-amd64/jre/lib/amd64/libzip.so
7fb353be0000-7fb353be1000 r--p 00007000 08:01 139160                     /usr/lib/jvm/java-8-openjdk-amd64/jre/lib/amd64/libzip.so
7fb353be1000-7fb353be2000 rw-p 00008000 08:01 139160                     /usr/lib/jvm/java-8-openjdk-amd64/jre/lib/amd64/libzip.so
7fb353be2000-7fb353bec000 r-xp 00000000 08:01 1281                       /lib/x86_64-linux-gnu/libnss_files-2.24.so
7fb353bec000-7fb353dec000 ---p 0000a000 08:01 1281                       /lib/x86_64-linux-gnu/libnss_files-2.24.so
7fb353dec000-7fb353ded000 r--p 0000a000 08:01 1281                       /lib/x86_64-linux-gnu/libnss_files-2.24.so
7fb353ded000-7fb353dee000 rw-p 0000b000 08:01 1281                       /lib/x86_64-linux-gnu/libnss_files-2.24.so
7fb353dee000-7fb353df4000 rw-p 00000000 00:00 0 
7fb353df4000-7fb353dff000 r-xp 00000000 08:01 1283                       /lib/x86_64-linux-gnu/libnss_nis-2.24.so
7fb353dff000-7fb353ffe000 ---p 0000b000 08:01 1283                       /lib/x86_64-linux-gnu/libnss_nis-2.24.so
7fb353ffe000-7fb353fff000 r--p 0000a000 08:01 1283                       /lib/x86_64-linux-gnu/libnss_nis-2.24.so
7fb353fff000-7fb354000000 rw-p 0000b000 08:01 1283                       /lib/x86_64-linux-gnu/libnss_nis-2.24.so
7fb354000000-7fb354d1f000 rw-p 00000000 00:00 0 
7fb354d1f000-7fb358000000 ---p 00000000 00:00 0 
7fb358000000-7fb35801b000 r--s 001d6000 08:01 139179                     /usr/lib/jvm/java-8-openjdk-amd64/jre/lib/ext/nashorn.jar
7fb35801b000-7fb358036000 r--s 00394000 08:01 139174                     /usr/lib/jvm/java-8-openjdk-amd64/jre/lib/ext/cldrdata.jar
7fb358036000-7fb358084000 rw-p 00000000 00:00 0 
7fb358084000-7fb358098000 r-xp 00000000 08:01 1277                       /lib/x86_64-linux-gnu/libnsl-2.24.so
7fb358098000-7fb358298000 ---p 00014000 08:01 1277                       /lib/x86_64-linux-gnu/libnsl-2.24.so
7fb358298000-7fb358299000 r--p 00014000 08:01 1277                       /lib/x86_64-linux-gnu/libnsl-2.24.so
7fb358299000-7fb35829a000 rw-p 00015000 08:01 1277                       /lib/x86_64-linux-gnu/libnsl-2.24.so
7fb35829a000-7fb35829c000 rw-p 00000000 00:00 0 
7fb35829c000-7fb3582a3000 r-xp 00000000 08:01 1279                       /lib/x86_64-linux-gnu/libnss_compat-2.24.so
7fb3582a3000-7fb3584a2000 ---p 00007000 08:01 1279                       /lib/x86_64-linux-gnu/libnss_compat-2.24.so
7fb3584a2000-7fb3584a3000 r--p 00006000 08:01 1279                       /lib/x86_64-linux-gnu/libnss_compat-2.24.so
7fb3584a3000-7fb3584a4000 rw-p 00007000 08:01 1279                       /lib/x86_64-linux-gnu/libnss_compat-2.24.so
7fb3584a4000-7fb3584cd000 r-xp 00000000 08:01 139141                     /usr/lib/jvm/java-8-openjdk-amd64/jre/lib/amd64/libjava.so
7fb3584cd000-7fb3586cc000 ---p 00029000 08:01 139141                     /usr/lib/jvm/java-8-openjdk-amd64/jre/lib/amd64/libjava.so
7fb3586cc000-7fb3586cd000 r--p 00028000 08:01 139141                     /usr/lib/jvm/java-8-openjdk-amd64/jre/lib/amd64/libjava.so
7fb3586cd000-7fb3586cf000 rw-p 00029000 08:01 139141                     /usr/lib/jvm/java-8-openjdk-amd64/jre/lib/amd64/libjava.so
7fb3586cf000-7fb3586de000 r-xp 00000000 08:01 139159                     /usr/lib/jvm/java-8-openjdk-amd64/jre/lib/amd64/libverify.so
7fb3586de000-7fb3588dd000 ---p 0000f000 08:01 139159                     /usr/lib/jvm/java-8-openjdk-amd64/jre/lib/amd64/libverify.so
7fb3588dd000-7fb3588df000 r--p 0000e000 08:01 139159                     /usr/lib/jvm/java-8-openjdk-amd64/jre/lib/amd64/libverify.so
7fb3588df000-7fb3588e0000 rw-p 00010000 08:01 139159                     /usr/lib/jvm/java-8-openjdk-amd64/jre/lib/amd64/libverify.so
7fb3588e0000-7fb3588e7000 r-xp 00000000 08:01 1288                       /lib/x86_64-linux-gnu/librt-2.24.so
7fb3588e7000-7fb358ae6000 ---p 00007000 08:01 1288                       /lib/x86_64-linux-gnu/librt-2.24.so
7fb358ae6000-7fb358ae7000 r--p 00006000 08:01 1288                       /lib/x86_64-linux-gnu/librt-2.24.so
7fb358ae7000-7fb358ae8000 rw-p 00007000 08:01 1288                       /lib/x86_64-linux-gnu/librt-2.24.so
7fb358ae8000-7fb358afe000 r-xp 00000000 08:01 729                        /lib/x86_64-linux-gnu/libgcc_s.so.1
7fb358afe000-7fb358cfd000 ---p 00016000 08:01 729                        /lib/x86_64-linux-gnu/libgcc_s.so.1
7fb358cfd000-7fb358cfe000 r--p 00015000 08:01 729                        /lib/x86_64-linux-gnu/libgcc_s.so.1
7fb358cfe000-7fb358cff000 rw-p 00016000 08:01 729                        /lib/x86_64-linux-gnu/libgcc_s.so.1
7fb358cff000-7fb358e02000 r-xp 00000000 08:01 939                        /lib/x86_64-linux-gnu/libm-2.24.so
7fb358e02000-7fb359001000 ---p 00103000 08:01 939                        /lib/x86_64-linux-gnu/libm-2.24.so
7fb359001000-7fb359002000 r--p 00102000 08:01 939                        /lib/x86_64-linux-gnu/libm-2.24.so
7fb359002000-7fb359003000 rw-p 00103000 08:01 939                        /lib/x86_64-linux-gnu/libm-2.24.so
7fb359003000-7fb359175000 r-xp 00000000 08:01 747                        /usr/lib/x86_64-linux-gnu/libstdc++.so.6.0.22
7fb359175000-7fb359375000 ---p 00172000 08:01 747                        /usr/lib/x86_64-linux-gnu/libstdc++.so.6.0.22
7fb359375000-7fb35937f000 r--p 00172000 08:01 747                        /usr/lib/x86_64-linux-gnu/libstdc++.so.6.0.22
7fb35937f000-7fb359381000 rw-p 0017c000 08:01 747                        /usr/lib/x86_64-linux-gnu/libstdc++.so.6.0.22
7fb359381000-7fb359385000 rw-p 00000000 00:00 0 
7fb359385000-7fb359fec000 r-xp 00000000 08:01 139163                     /usr/lib/jvm/java-8-openjdk-amd64/jre/lib/amd64/server/libjvm.so
7fb359fec000-7fb35a1eb000 ---p 00c67000 08:01 139163                     /usr/lib/jvm/java-8-openjdk-amd64/jre/lib/amd64/server/libjvm.so
7fb35a1eb000-7fb35a27f000 r--p 00c66000 08:01 139163                     /usr/lib/jvm/java-8-openjdk-amd64/jre/lib/amd64/server/libjvm.so
7fb35a27f000-7fb35a2a8000 rw-p 00cfa000 08:01 139163                     /usr/lib/jvm/java-8-openjdk-amd64/jre/lib/amd64/server/libjvm.so
7fb35a2a8000-7fb35a2d8000 rw-p 00000000 00:00 0 
7fb35a2d8000-7fb35a46d000 r-xp 00000000 08:01 928                        /lib/x86_64-linux-gnu/libc-2.24.so
7fb35a46d000-7fb35a66d000 ---p 00195000 08:01 928                        /lib/x86_64-linux-gnu/libc-2.24.so
7fb35a66d000-7fb35a671000 r--p 00195000 08:01 928                        /lib/x86_64-linux-gnu/libc-2.24.so
7fb35a671000-7fb35a673000 rw-p 00199000 08:01 928                        /lib/x86_64-linux-gnu/libc-2.24.so
7fb35a673000-7fb35a677000 rw-p 00000000 00:00 0 
7fb35a677000-7fb35a67a000 r-xp 00000000 08:01 936                        /lib/x86_64-linux-gnu/libdl-2.24.so
7fb35a67a000-7fb35a879000 ---p 00003000 08:01 936                        /lib/x86_64-linux-gnu/libdl-2.24.so
7fb35a879000-7fb35a87a000 r--p 00002000 08:01 936                        /lib/x86_64-linux-gnu/libdl-2.24.so
7fb35a87a000-7fb35a87b000 rw-p 00003000 08:01 936                        /lib/x86_64-linux-gnu/libdl-2.24.so
7fb35a87b000-7fb35a888000 r-xp 00000000 08:01 139127                     /usr/lib/jvm/java-8-openjdk-amd64/jre/lib/amd64/jli/libjli.so
7fb35a888000-7fb35aa87000 ---p 0000d000 08:01 139127                     /usr/lib/jvm/java-8-openjdk-amd64/jre/lib/amd64/jli/libjli.so
7fb35aa87000-7fb35aa88000 r--p 0000c000 08:01 139127                     /usr/lib/jvm/java-8-openjdk-amd64/jre/lib/amd64/jli/libjli.so
7fb35aa88000-7fb35aa89000 rw-p 0000d000 08:01 139127                     /usr/lib/jvm/java-8-openjdk-amd64/jre/lib/amd64/jli/libjli.so
7fb35aa89000-7fb35aaa2000 r-xp 00000000 08:01 2278                       /lib/x86_64-linux-gnu/libz.so.1.2.8
7fb35aaa2000-7fb35aca1000 ---p 00019000 08:01 2278                       /lib/x86_64-linux-gnu/libz.so.1.2.8
7fb35aca1000-7fb35aca2000 r--p 00018000 08:01 2278                       /lib/x86_64-linux-gnu/libz.so.1.2.8
7fb35aca2000-7fb35aca3000 rw-p 00019000 08:01 2278                       /lib/x86_64-linux-gnu/libz.so.1.2.8
7fb35aca3000-7fb35acbb000 r-xp 00000000 08:01 1286                       /lib/x86_64-linux-gnu/libpthread-2.24.so
7fb35acbb000-7fb35aeba000 ---p 00018000 08:01 1286                       /lib/x86_64-linux-gnu/libpthread-2.24.so
7fb35aeba000-7fb35aebb000 r--p 00017000 08:01 1286                       /lib/x86_64-linux-gnu/libpthread-2.24.so
7fb35aebb000-7fb35aebc000 rw-p 00018000 08:01 1286                       /lib/x86_64-linux-gnu/libpthread-2.24.so
7fb35aebc000-7fb35aec0000 rw-p 00000000 00:00 0 
7fb35aec0000-7fb35aee3000 r-xp 00000000 08:01 825                        /lib/x86_64-linux-gnu/ld-2.24.so
7fb35aee5000-7fb35aee7000 r--s 00016000 08:01 139195                     /usr/lib/jvm/java-8-openjdk-amd64/jre/lib/jce.jar
7fb35aee7000-7fb35aee8000 r--s 0000d000 08:01 139180                     /usr/lib/jvm/java-8-openjdk-amd64/jre/lib/ext/sunec.jar
7fb35aee8000-7fb35aeed000 r--s 0003c000 08:01 139181                     /usr/lib/jvm/java-8-openjdk-amd64/jre/lib/ext/sunjce_provider.jar
7fb35aeed000-7fb35aeee000 r--s 00010000 08:01 139183                     /usr/lib/jvm/java-8-openjdk-amd64/jre/lib/ext/zipfs.jar
7fb35aeee000-7fb35aef0000 r--s 00007000 08:01 33925                      /usr/share/java/java-atk-wrapper.jar
7fb35aef0000-7fb35aef1000 r--s 0000a000 08:01 139177                     /usr/lib/jvm/java-8-openjdk-amd64/jre/lib/ext/jaccess.jar
7fb35aef1000-7fb35aef3000 r--s 00001000 08:01 139175                     /usr/lib/jvm/java-8-openjdk-amd64/jre/lib/ext/dnsns.jar
7fb35aef3000-7fb35aefd000 r--s 00116000 08:01 139178                     /usr/lib/jvm/java-8-openjdk-amd64/jre/lib/ext/localedata.jar
7fb35aefd000-7fb35af00000 r--s 00039000 08:01 139182                     /usr/lib/jvm/java-8-openjdk-amd64/jre/lib/ext/sunpkcs11.jar
7fb35af00000-7fb35af03000 r--s 0000f000 08:01 139176                     /usr/lib/jvm/java-8-openjdk-amd64/jre/lib/ext/icedtea-sound.jar
7fb35af03000-7fb35afd4000 rw-p 00000000 00:00 0 
7fb35afd4000-7fb35afd5000 ---p 00000000 00:00 0 
7fb35afd5000-7fb35afd8000 ---p 00000000 00:00 0 
7fb35afd8000-7fb35b0d9000 rw-p 00000000 00:00 0 
7fb35b0d9000-7fb35b0e1000 rw-s 00000000 08:01 127                        /tmp/hsperfdata_mim/27382
7fb35b0e1000-7fb35b0e2000 rw-p 00000000 00:00 0 
7fb35b0e2000-7fb35b0e3000 ---p 00000000 00:00 0 
7fb35b0e3000-7fb35b0e4000 r--p 00023000 08:01 825                        /lib/x86_64-linux-gnu/ld-2.24.so
7fb35b0e4000-7fb35b0e5000 rw-p 00024000 08:01 825                        /lib/x86_64-linux-gnu/ld-2.24.so
7fb35b0e5000-7fb35b0e6000 rw-p 00000000 00:00 0 
7ffe0187a000-7ffe0189b000 rw-p 00000000 00:00 0                          [stack]
7ffe019ed000-7ffe019ef000 r--p 00000000 00:00 0                          [vvar]
7ffe019ef000-7ffe019f1000 r-xp 00000000 00:00 0                          [vdso]
ffffffffff600000-ffffffffff601000 r-xp 00000000 00:00 0                  [vsyscall]

VM Arguments:
jvm_args: -Xmx2048M -Xms2048M 
java_command: craftbukkit-1.14.4.jar
java_class_path (initial): craftbukkit-1.14.4.jar
Launcher Type: SUN_STANDARD

Environment Variables:
PATH=/usr/local/bin:/usr/bin:/bin:/usr/local/games:/usr/games
SHELL=/bin/bash

Signal Handlers:
SIGSEGV: [libjvm.so+0xa7cfe0], sa_mask[0]=11111111011111111101111111111110, sa_flags=SA_RESTART|SA_SIGINFO
SIGBUS: [libjvm.so+0xa7cfe0], sa_mask[0]=11111111011111111101111111111110, sa_flags=SA_RESTART|SA_SIGINFO
SIGFPE: [libjvm.so+0x8c64a0], sa_mask[0]=11111111011111111101111111111110, sa_flags=SA_RESTART|SA_SIGINFO
SIGPIPE: [libjvm.so+0x8c64a0], sa_mask[0]=11111111011111111101111111111110, sa_flags=SA_RESTART|SA_SIGINFO
SIGXFSZ: [libjvm.so+0x8c64a0], sa_mask[0]=11111111011111111101111111111110, sa_flags=SA_RESTART|SA_SIGINFO
SIGILL: [libjvm.so+0x8c64a0], sa_mask[0]=11111111011111111101111111111110, sa_flags=SA_RESTART|SA_SIGINFO
SIGUSR1: SIG_DFL, sa_mask[0]=00000000000000000000000000000000, sa_flags=none
SIGUSR2: [libjvm.so+0x8c6350], sa_mask[0]=00000000000000000000000000000000, sa_flags=SA_RESTART|SA_SIGINFO
SIGHUP: [libjvm.so+0x8c69c0], sa_mask[0]=11111111011111111101111111111110, sa_flags=SA_RESTART|SA_SIGINFO
SIGINT: [libjvm.so+0x8c69c0], sa_mask[0]=11111111011111111101111111111110, sa_flags=SA_RESTART|SA_SIGINFO
SIGTERM: [libjvm.so+0x8c69c0], sa_mask[0]=11111111011111111101111111111110, sa_flags=SA_RESTART|SA_SIGINFO
SIGQUIT: [libjvm.so+0x8c69c0], sa_mask[0]=11111111011111111101111111111110, sa_flags=SA_RESTART|SA_SIGINFO


---------------  S Y S T E M  ---------------

OS:PRETTY_NAME="Debian GNU/Linux 9 (stretch)"
NAME="Debian GNU/Linux"
VERSION_ID="9"
VERSION="9 (stretch)"
VERSION_CODENAME=stretch
ID=debian
HOME_URL="https://www.debian.org/"
SUPPORT_URL="https://www.debian.org/support"
BUG_REPORT_URL="https://bugs.debian.org/"

uname:Linux 4.9.0-11-amd64 #1 SMP Debian 4.9.189-3 (2019-09-02) x86_64
libc:glibc 2.24 NPTL 2.24 
rlimit: STACK 8192k, CORE 0k, NPROC 7736, NOFILE 1048576, AS infinity
load average:8.12 3.18 1.72

/proc/meminfo:
MemTotal:        2003308 kB
MemFree:           52840 kB
MemAvailable:          0 kB
Buffers:             304 kB
Cached:            35012 kB
SwapCached:            0 kB
Active:          1866696 kB
Inactive:          27732 kB
Active(anon):    1859368 kB
Inactive(anon):    20228 kB
Active(file):       7328 kB
Inactive(file):     7504 kB
Unevictable:           0 kB
Mlocked:               0 kB
SwapTotal:             0 kB
SwapFree:              0 kB
Dirty:                 4 kB
Writeback:            76 kB
AnonPages:       1859196 kB
Mapped:            14764 kB
Shmem:             20424 kB
Slab:              31536 kB
SReclaimable:       9280 kB
SUnreclaim:        22256 kB
KernelStack:        2168 kB
PageTables:         6844 kB
NFS_Unstable:          0 kB
Bounce:                0 kB
WritebackTmp:          0 kB
CommitLimit:     1001652 kB
Committed_AS:    2791428 kB
VmallocTotal:   34359738367 kB
VmallocUsed:           0 kB
VmallocChunk:          0 kB
HardwareCorrupted:     0 kB
AnonHugePages:         0 kB
ShmemHugePages:        0 kB
ShmemPmdMapped:        0 kB
HugePages_Total:       0
HugePages_Free:        0
HugePages_Rsvd:        0
HugePages_Surp:        0
Hugepagesize:       2048 kB
DirectMap4k:      118640 kB
DirectMap2M:     1929216 kB

container (cgroup) information:
container_type: cgroupv1
cpu_cpuset_cpus: 0
cpu_memory_nodes: 0
active_processor_count: 1
cpu_quota: -1
cpu_period: 100000
cpu_shares: -1
memory_limit_in_bytes: -1
memory_and_swap_limit_in_bytes: -2
memory_soft_limit_in_bytes: -1
memory_usage_in_bytes: 1939992576
memory_max_usage_in_bytes: 0


CPU:total 1 (initial active 1) (1 cores per cpu, 1 threads per core) family 6 model 60 stepping 1, cmov, cx8, fxsr, mmx, sse, sse2, sse3, ssse3, sse4.1, sse4.2, popcnt, avx, avx2, aes, clmul, erms, lzcnt, tsc, bmi1, bmi2

/proc/cpuinfo:
processor	: 0
vendor_id	: GenuineIntel
cpu family	: 6
model		: 60
model name	: Intel Core Processor (Haswell, no TSX)
stepping	: 1
microcode	: 0x1
cpu MHz		: 2399.988
cache size	: 4096 KB
physical id	: 0
siblings	: 1
core id		: 0
cpu cores	: 1
apicid		: 0
initial apicid	: 0
fpu		: yes
fpu_exception	: yes
cpuid level	: 13
wp		: yes
flags		: fpu vme de pse tsc msr pae mce cx8 apic sep mtrr pge mca cmov pat pse36 clflush mmx fxsr sse sse2 syscall nx rdtscp lm constant_tsc rep_good nopl pni pclmulqdq vmx ssse3 fma cx16 pcid sse4_1 sse4_2 x2apic movbe popcnt tsc_deadline_timer aes xsave avx f16c rdrand hypervisor lahf_lm abm invpcid_single kaiser tpr_shadow vnmi flexpriority ept vpid fsgsbase bmi1 avx2 smep bmi2 erms invpcid xsaveopt arat
bugs		: cpu_meltdown spectre_v1 spectre_v2 spec_store_bypass l1tf mds swapgs
bogomips	: 4799.97
clflush size	: 64
cache_alignment	: 64
address sizes	: 40 bits physical, 48 bits virtual
power management:



Memory: 4k page, physical 2003308k(52900k free), swap 0k(0k free)

vm_info: OpenJDK 64-Bit Server VM (25.222-b10) for linux-amd64 JRE (1.8.0_222-8u222-b10-1~deb9u1-b10), built on Jul 19 2019 16:57:48 by "pbuilder" with gcc 6.3.0 20170516

time: Mon Sep 30 19:52:04 2019
timezone: UTC
elapsed time: 8894 seconds (0d 2h 28m 14s)

