[16:53:32] [JDA MainWS-ReadThread/INFO]: [[0;34;1mDiscord[0;37;1m] <MiM> @Wanderer Fox grannnd fou ![m
[16:57:18] [JDA MainWS-ReadThread/INFO]: [[0;34;1mDiscord[0;37;1m] <Wanderer Fox> tu veux quoi ?[m
[16:57:48] [JDA MainWS-ReadThread/INFO]: [[0;34;1mDiscord[0;37;1m] <MiM> jouer 😃[m
[17:00:27] [JDA MainWS-ReadThread/INFO]: [[0;34;1mDiscord[0;37;1m] <MiM> @Wanderer Fox et toi ?[m
[17:12:03] [JDA MainWS-ReadThread/INFO]: [[0;34;1mDiscord[0;37;1m] <Wanderer Fox> Tu veux démote[m
[17:12:04] [JDA MainWS-ReadThread/INFO]: [[0;34;1mDiscord[0;37;1m] <Wanderer Fox> ?[m
[17:12:30] [JDA MainWS-ReadThread/INFO]: [[0;34;1mDiscord[0;37;1m] <Wanderer Fox> wea[m
[18:07:38] [User Authenticator #5/INFO]: UUID of player Gewalt is 57edab0a-9e9e-46c6-b19d-9811387a1d74
[18:07:39] [Server thread/INFO]: Gewalt[/109.222.10.21:60882] logged in with entity id 4283 at ([flatroom]1291.972761609839, 57.07913801166999, 131.0639303347741)
[18:07:39] [Server thread/WARN]: [Essentials] Task #6272 for Essentials v2.16.1.0 generated an exception
java.lang.NullPointerException: null
	at com.earth2me.essentials.xmpp.XMPPManager.updatePresence(XMPPManager.java:146) ~[?:?]
	at com.earth2me.essentials.xmpp.EssentialsXMPP.updatePresence(EssentialsXMPP.java:113) ~[?:?]
	at org.bukkit.craftbukkit.v1_13_R2.scheduler.CraftTask.run(CraftTask.java:81) ~[spigot-1.13.2.jar:git-Spigot-1a3504a-dfa7583]
	at org.bukkit.craftbukkit.v1_13_R2.scheduler.CraftScheduler.mainThreadHeartbeat(CraftScheduler.java:392) [spigot-1.13.2.jar:git-Spigot-1a3504a-dfa7583]
	at net.minecraft.server.v1_13_R2.MinecraftServer.b(MinecraftServer.java:889) [spigot-1.13.2.jar:git-Spigot-1a3504a-dfa7583]
	at net.minecraft.server.v1_13_R2.DedicatedServer.b(DedicatedServer.java:417) [spigot-1.13.2.jar:git-Spigot-1a3504a-dfa7583]
	at net.minecraft.server.v1_13_R2.MinecraftServer.a(MinecraftServer.java:831) [spigot-1.13.2.jar:git-Spigot-1a3504a-dfa7583]
	at net.minecraft.server.v1_13_R2.MinecraftServer.run(MinecraftServer.java:729) [spigot-1.13.2.jar:git-Spigot-1a3504a-dfa7583]
	at java.lang.Thread.run(Thread.java:748) [?:1.8.0_201]
[18:07:53] [Server thread/INFO]: Gewalt issued server command: /speed 1
[18:08:03] [Server thread/INFO]: Gewalt issued server command: //Pos1
[18:08:09] [Server thread/INFO]: Gewalt issued server command: //Pos2
[18:08:14] [Server thread/INFO]: Gewalt issued server command: //copy
[18:08:19] [Server thread/INFO]: Gewalt issued server command: /wea
[18:08:22] [Server thread/INFO]: Gewalt issued server command: //copy
[18:08:22] [Craft Scheduler Thread - 2804/WARN]: com.sk89q.worldedit.regions.CuboidRegion$2$1: End of iterator
[18:08:25] [Server thread/INFO]: Gewalt issued server command: //Rotate 90
[18:08:33] [Server thread/INFO]: Gewalt issued server command: //PAste -a
[18:08:33] [Craft Scheduler Thread - 2804/WARN]: com.sk89q.worldedit.regions.CuboidRegion$2$1: End of iterator
[18:11:42] [Server thread/INFO]: Gewalt issued server command: //pos1
[18:11:50] [Server thread/INFO]: Gewalt issued server command: //Pos2
[18:11:56] [Server thread/INFO]: Gewalt issued server command: //copy
[18:11:56] [Craft Scheduler Thread - 2802/WARN]: com.sk89q.worldedit.regions.CuboidRegion$2$1: End of iterator
[18:12:02] [Server thread/INFO]: Gewalt issued server command: //PAste
[18:12:30] [Server thread/INFO]: Gewalt issued server command: /day
[18:15:40] [Server thread/INFO]: Gewalt issued server command: //pos1
[18:15:52] [Server thread/INFO]: Gewalt issued server command: //Pos2
[18:15:54] [Server thread/INFO]: Gewalt issued server command: //copy
[18:15:54] [Craft Scheduler Thread - 2810/WARN]: com.sk89q.worldedit.regions.CuboidRegion$2$1: End of iterator
[18:16:01] [Server thread/INFO]: Gewalt issued server command: //Paste
[18:16:09] [Server thread/INFO]: Gewalt issued server command: /speed 2
[18:16:12] [Server thread/INFO]: Gewalt issued server command: //Pos1
[18:16:17] [Server thread/INFO]: Gewalt issued server command: //pos2
[18:16:19] [Server thread/INFO]: Gewalt issued server command: //cut
[18:16:19] [Craft Scheduler Thread - 2811/WARN]: com.sk89q.worldedit.regions.CuboidRegion$2$1: End of iterator
[18:16:27] [Server thread/INFO]: Gewalt issued server command: //Pos1
[18:16:48] [Server thread/INFO]: Gewalt issued server command: //Pos2
[18:16:51] [Server thread/INFO]: Gewalt issued server command: //copy
[18:16:51] [Craft Scheduler Thread - 2813/WARN]: com.sk89q.worldedit.regions.CuboidRegion$2$1: End of iterator
[18:16:52] [Server thread/INFO]: Gewalt issued server command: //flip
[18:16:54] [Server thread/INFO]: Gewalt issued server command: //PAste
[18:16:54] [Craft Scheduler Thread - 2813/WARN]: com.sk89q.worldedit.regions.CuboidRegion$2$1: End of iterator
[18:17:01] [Server thread/INFO]: Gewalt issued server command: /speed 1
[18:17:42] [Server thread/INFO]: Gewalt issued server command: //set 43:9
[18:22:58] [Server thread/INFO]: Gewalt issued server command: /day
[18:29:18] [Server thread/INFO]: Gewalt issued server command: /speed 5
[18:29:24] [Server thread/INFO]: Gewalt issued server command: //pos1
[18:29:29] [Server thread/INFO]: Gewalt issued server command: //Pos2
[18:29:43] [Server thread/INFO]: Gewalt issued server command: //copy
[18:29:43] [Craft Scheduler Thread - 2815/WARN]: com.sk89q.worldedit.regions.CuboidRegion$2$1: End of iterator
[18:29:52] [Server thread/INFO]: Gewalt issued server command: //PAste -a
[18:30:26] [Server thread/INFO]: Gewalt issued server command: //rotate 90
[18:30:27] [Server thread/INFO]: Gewalt issued server command: //rotate 90
[18:30:28] [Server thread/INFO]: Gewalt issued server command: //rotate 90
[18:30:31] [Server thread/INFO]: Gewalt issued server command: /speed 1
[18:30:44] [Server thread/INFO]: Gewalt issued server command: //PAste -a
[18:30:44] [Craft Scheduler Thread - 2818/WARN]: com.sk89q.worldedit.regions.CuboidRegion$2$1: End of iterator
[18:30:52] [Server thread/INFO]: Gewalt issued server command: /undo
[18:30:59] [Server thread/INFO]: Gewalt issued server command: //PAste -a
[18:30:59] [Craft Scheduler Thread - 2818/WARN]: com.sk89q.worldedit.regions.CuboidRegion$2$1: End of iterator
[18:31:37] [Server thread/INFO]: Gewalt issued server command: //PAste -a
[18:31:37] [Craft Scheduler Thread - 2820/WARN]: com.sk89q.worldedit.regions.CuboidRegion$2$1: End of iterator
[18:31:41] [Server thread/INFO]: Gewalt issued server command: //PAste -a
[18:31:41] [Craft Scheduler Thread - 2820/WARN]: com.sk89q.worldedit.regions.CuboidRegion$2$1: End of iterator
[18:31:49] [Server thread/INFO]: Gewalt issued server command: //PAste -a
[18:31:50] [Craft Scheduler Thread - 2818/WARN]: com.sk89q.worldedit.regions.CuboidRegion$2$1: End of iterator
[18:31:54] [Server thread/INFO]: Gewalt issued server command: //PAste -a
[18:31:54] [Craft Scheduler Thread - 2820/WARN]: com.sk89q.worldedit.regions.CuboidRegion$2$1: End of iterator
[18:32:04] [Server thread/INFO]: Gewalt issued server command: /speed 5
[18:32:08] [Server thread/INFO]: Gewalt issued server command: //Pos1
[18:32:17] [Server thread/INFO]: Gewalt issued server command: //Pos2
[18:32:24] [Server thread/INFO]: Gewalt issued server command: //copy
[18:32:24] [Craft Scheduler Thread - 2817/WARN]: com.sk89q.worldedit.regions.CuboidRegion$2$1: End of iterator
[18:32:25] [Server thread/INFO]: Gewalt issued server command: //flip
[18:32:27] [Server thread/INFO]: Gewalt issued server command: //PAste -a
[18:32:27] [Craft Scheduler Thread - 2817/WARN]: com.sk89q.worldedit.regions.CuboidRegion$2$1: End of iterator
[18:32:59] [Server thread/INFO]: Gewalt issued server command: /undo
[18:33:03] [Server thread/INFO]: Gewalt issued server command: /undo
[18:33:12] [Server thread/INFO]: Gewalt issued server command: /speed 1
[18:33:47] [Server thread/INFO]: Gewalt issued server command: /day
[18:36:19] [Server thread/INFO]: Gewalt issued server command: /speed 3
[18:36:26] [Server thread/INFO]: Gewalt issued server command: //pos1
[18:36:31] [Server thread/INFO]: Gewalt issued server command: //Pos2
[18:36:39] [Server thread/INFO]: Gewalt issued server command: //copy
[18:36:39] [Craft Scheduler Thread - 2817/WARN]: com.sk89q.worldedit.regions.CuboidRegion$2$1: End of iterator
[18:36:57] [Server thread/INFO]: Gewalt issued server command: /speed 1
[18:37:04] [Server thread/INFO]: Gewalt issued server command: //PAste -a
[18:37:09] [Server thread/INFO]: Gewalt issued server command: /undo
[18:37:17] [Server thread/INFO]: Gewalt issued server command: //rotate 90
[18:37:18] [Server thread/INFO]: Gewalt issued server command: //rotate 90
[18:37:19] [Server thread/INFO]: Gewalt issued server command: //rotate 90
[18:37:20] [Server thread/INFO]: Gewalt issued server command: /undo
[18:37:22] [Server thread/INFO]: Gewalt issued server command: /redo
[18:37:24] [Server thread/INFO]: Gewalt issued server command: //PAste -a
[18:37:24] [Craft Scheduler Thread - 2823/WARN]: com.sk89q.worldedit.regions.CuboidRegion$2$1: End of iterator
[18:37:30] [Server thread/INFO]: Gewalt issued server command: /undo
[18:37:32] [Server thread/INFO]: Gewalt issued server command: //rotate 90
[18:37:34] [Server thread/INFO]: Gewalt issued server command: //rotate 90
[18:37:34] [Server thread/INFO]: Gewalt issued server command: //rotate 90
[18:37:36] [Server thread/INFO]: Gewalt issued server command: //PAste -a
[18:37:36] [Craft Scheduler Thread - 2822/WARN]: com.sk89q.worldedit.regions.CuboidRegion$2$1: End of iterator
[18:39:09] [Server thread/INFO]: Gewalt issued server command: //PAste -a
[18:39:10] [Craft Scheduler Thread - 2826/WARN]: com.sk89q.worldedit.regions.CuboidRegion$2$1: End of iterator
[18:39:14] [Server thread/INFO]: Gewalt issued server command: //PAste -a
[18:39:14] [Craft Scheduler Thread - 2829/WARN]: com.sk89q.worldedit.regions.CuboidRegion$2$1: End of iterator
[18:39:36] [Server thread/INFO]: Gewalt issued server command: //rotate 90
[18:39:37] [Server thread/INFO]: Gewalt issued server command: //PAste -a
[18:39:37] [Craft Scheduler Thread - 2826/WARN]: com.sk89q.worldedit.regions.CuboidRegion$2$1: End of iterator
[18:39:58] [Server thread/INFO]: Gewalt issued server command: /undo
[18:40:06] [Server thread/INFO]: Gewalt issued server command: //PAste -a
[18:40:06] [Craft Scheduler Thread - 2827/WARN]: com.sk89q.worldedit.regions.CuboidRegion$2$1: End of iterator
[18:40:14] [Server thread/INFO]: Gewalt issued server command: /undo
[18:40:15] [Server thread/INFO]: Gewalt issued server command: //PAste -a
[18:40:15] [Craft Scheduler Thread - 2827/WARN]: com.sk89q.worldedit.regions.CuboidRegion$2$1: End of iterator
[18:41:27] [Server thread/INFO]: Gewalt issued server command: //stack 30 -a
[18:41:27] [Craft Scheduler Thread - 2827/WARN]: com.sk89q.worldedit.regions.CuboidRegion$2$1: End of iterator
[18:41:27] [Craft Scheduler Thread - 2827/WARN]: com.sk89q.worldedit.regions.CuboidRegion$2$1: End of iterator
[18:41:27] [Craft Scheduler Thread - 2827/WARN]: com.sk89q.worldedit.regions.CuboidRegion$2$1: End of iterator
[18:41:27] [Craft Scheduler Thread - 2827/WARN]: com.sk89q.worldedit.regions.CuboidRegion$2$1: End of iterator
[18:41:27] [Craft Scheduler Thread - 2827/WARN]: com.sk89q.worldedit.regions.CuboidRegion$2$1: End of iterator
[18:41:27] [Craft Scheduler Thread - 2827/WARN]: com.sk89q.worldedit.regions.CuboidRegion$2$1: End of iterator
[18:41:27] [Craft Scheduler Thread - 2827/WARN]: com.sk89q.worldedit.regions.CuboidRegion$2$1: End of iterator
[18:41:27] [Craft Scheduler Thread - 2827/WARN]: com.sk89q.worldedit.regions.CuboidRegion$2$1: End of iterator
[18:41:27] [Craft Scheduler Thread - 2827/WARN]: com.sk89q.worldedit.regions.CuboidRegion$2$1: End of iterator
[18:41:27] [Craft Scheduler Thread - 2827/WARN]: com.sk89q.worldedit.regions.CuboidRegion$2$1: End of iterator
[18:41:27] [Craft Scheduler Thread - 2827/WARN]: com.sk89q.worldedit.regions.CuboidRegion$2$1: End of iterator
[18:41:27] [Craft Scheduler Thread - 2827/WARN]: com.sk89q.worldedit.regions.CuboidRegion$2$1: End of iterator
[18:41:27] [Craft Scheduler Thread - 2827/WARN]: com.sk89q.worldedit.regions.CuboidRegion$2$1: End of iterator
[18:41:27] [Craft Scheduler Thread - 2827/WARN]: com.sk89q.worldedit.regions.CuboidRegion$2$1: End of iterator
[18:41:27] [Craft Scheduler Thread - 2827/WARN]: com.sk89q.worldedit.regions.CuboidRegion$2$1: End of iterator
[18:41:27] [Craft Scheduler Thread - 2827/WARN]: com.sk89q.worldedit.regions.CuboidRegion$2$1: End of iterator
[18:41:27] [Craft Scheduler Thread - 2827/WARN]: com.sk89q.worldedit.regions.CuboidRegion$2$1: End of iterator
[18:41:27] [Craft Scheduler Thread - 2827/WARN]: com.sk89q.worldedit.regions.CuboidRegion$2$1: End of iterator
[18:41:27] [Craft Scheduler Thread - 2827/WARN]: com.sk89q.worldedit.regions.CuboidRegion$2$1: End of iterator
[18:41:27] [Craft Scheduler Thread - 2827/WARN]: com.sk89q.worldedit.regions.CuboidRegion$2$1: End of iterator
[18:41:27] [Craft Scheduler Thread - 2827/WARN]: com.sk89q.worldedit.regions.CuboidRegion$2$1: End of iterator
[18:41:27] [Craft Scheduler Thread - 2827/WARN]: com.sk89q.worldedit.regions.CuboidRegion$2$1: End of iterator
[18:41:27] [Craft Scheduler Thread - 2827/WARN]: com.sk89q.worldedit.regions.CuboidRegion$2$1: End of iterator
[18:41:27] [Craft Scheduler Thread - 2827/WARN]: com.sk89q.worldedit.regions.CuboidRegion$2$1: End of iterator
[18:41:27] [Craft Scheduler Thread - 2827/WARN]: com.sk89q.worldedit.regions.CuboidRegion$2$1: End of iterator
[18:41:27] [Craft Scheduler Thread - 2827/WARN]: com.sk89q.worldedit.regions.CuboidRegion$2$1: End of iterator
[18:41:27] [Craft Scheduler Thread - 2827/WARN]: com.sk89q.worldedit.regions.CuboidRegion$2$1: End of iterator
[18:41:27] [Craft Scheduler Thread - 2827/WARN]: com.sk89q.worldedit.regions.CuboidRegion$2$1: End of iterator
[18:41:27] [Craft Scheduler Thread - 2827/WARN]: com.sk89q.worldedit.regions.CuboidRegion$2$1: End of iterator
[18:41:27] [Craft Scheduler Thread - 2827/WARN]: com.sk89q.worldedit.regions.CuboidRegion$2$1: End of iterator
[18:41:31] [Server thread/INFO]: Gewalt issued server command: //stack 5
[18:41:31] [Craft Scheduler Thread - 2832/WARN]: com.sk89q.worldedit.regions.CuboidRegion$2$1: End of iterator
[18:41:31] [Craft Scheduler Thread - 2832/WARN]: com.sk89q.worldedit.regions.CuboidRegion$2$1: End of iterator
[18:41:31] [Craft Scheduler Thread - 2832/WARN]: com.sk89q.worldedit.regions.CuboidRegion$2$1: End of iterator
[18:41:31] [Craft Scheduler Thread - 2832/WARN]: com.sk89q.worldedit.regions.CuboidRegion$2$1: End of iterator
[18:41:31] [Craft Scheduler Thread - 2832/WARN]: com.sk89q.worldedit.regions.CuboidRegion$2$1: End of iterator
[18:41:44] [Server thread/INFO]: Gewalt issued server command: //stack 40 -a
[18:41:44] [Craft Scheduler Thread - 2831/WARN]: com.sk89q.worldedit.regions.CuboidRegion$2$1: End of iterator
[18:41:44] [Craft Scheduler Thread - 2831/WARN]: com.sk89q.worldedit.regions.CuboidRegion$2$1: End of iterator
[18:41:44] [Craft Scheduler Thread - 2831/WARN]: com.sk89q.worldedit.regions.CuboidRegion$2$1: End of iterator
[18:41:44] [Craft Scheduler Thread - 2831/WARN]: com.sk89q.worldedit.regions.CuboidRegion$2$1: End of iterator
[18:41:44] [Craft Scheduler Thread - 2831/WARN]: com.sk89q.worldedit.regions.CuboidRegion$2$1: End of iterator
[18:41:44] [Craft Scheduler Thread - 2831/WARN]: com.sk89q.worldedit.regions.CuboidRegion$2$1: End of iterator
[18:41:44] [Craft Scheduler Thread - 2831/WARN]: com.sk89q.worldedit.regions.CuboidRegion$2$1: End of iterator
[18:41:44] [Craft Scheduler Thread - 2831/WARN]: com.sk89q.worldedit.regions.CuboidRegion$2$1: End of iterator
[18:41:44] [Craft Scheduler Thread - 2831/WARN]: com.sk89q.worldedit.regions.CuboidRegion$2$1: End of iterator
[18:41:44] [Craft Scheduler Thread - 2831/WARN]: com.sk89q.worldedit.regions.CuboidRegion$2$1: End of iterator
[18:41:44] [Craft Scheduler Thread - 2831/WARN]: com.sk89q.worldedit.regions.CuboidRegion$2$1: End of iterator
[18:41:44] [Craft Scheduler Thread - 2831/WARN]: com.sk89q.worldedit.regions.CuboidRegion$2$1: End of iterator
[18:41:44] [Craft Scheduler Thread - 2831/WARN]: com.sk89q.worldedit.regions.CuboidRegion$2$1: End of iterator
[18:41:44] [Craft Scheduler Thread - 2831/WARN]: com.sk89q.worldedit.regions.CuboidRegion$2$1: End of iterator
[18:41:44] [Craft Scheduler Thread - 2831/WARN]: com.sk89q.worldedit.regions.CuboidRegion$2$1: End of iterator
[18:41:44] [Craft Scheduler Thread - 2831/WARN]: com.sk89q.worldedit.regions.CuboidRegion$2$1: End of iterator
[18:41:44] [Craft Scheduler Thread - 2831/WARN]: com.sk89q.worldedit.regions.CuboidRegion$2$1: End of iterator
[18:41:44] [Craft Scheduler Thread - 2831/WARN]: com.sk89q.worldedit.regions.CuboidRegion$2$1: End of iterator
[18:41:44] [Craft Scheduler Thread - 2831/WARN]: com.sk89q.worldedit.regions.CuboidRegion$2$1: End of iterator
[18:41:44] [Craft Scheduler Thread - 2831/WARN]: com.sk89q.worldedit.regions.CuboidRegion$2$1: End of iterator
[18:41:44] [Craft Scheduler Thread - 2831/WARN]: com.sk89q.worldedit.regions.CuboidRegion$2$1: End of iterator
[18:41:44] [Craft Scheduler Thread - 2831/WARN]: com.sk89q.worldedit.regions.CuboidRegion$2$1: End of iterator
[18:41:44] [Craft Scheduler Thread - 2831/WARN]: com.sk89q.worldedit.regions.CuboidRegion$2$1: End of iterator
[18:41:44] [Craft Scheduler Thread - 2831/WARN]: com.sk89q.worldedit.regions.CuboidRegion$2$1: End of iterator
[18:41:44] [Craft Scheduler Thread - 2831/WARN]: com.sk89q.worldedit.regions.CuboidRegion$2$1: End of iterator
[18:41:44] [Craft Scheduler Thread - 2831/WARN]: com.sk89q.worldedit.regions.CuboidRegion$2$1: End of iterator
[18:41:44] [Craft Scheduler Thread - 2831/WARN]: com.sk89q.worldedit.regions.CuboidRegion$2$1: End of iterator
[18:41:44] [Craft Scheduler Thread - 2831/WARN]: com.sk89q.worldedit.regions.CuboidRegion$2$1: End of iterator
[18:41:44] [Craft Scheduler Thread - 2831/WARN]: com.sk89q.worldedit.regions.CuboidRegion$2$1: End of iterator
[18:41:44] [Craft Scheduler Thread - 2831/WARN]: com.sk89q.worldedit.regions.CuboidRegion$2$1: End of iterator
[18:41:44] [Craft Scheduler Thread - 2831/WARN]: com.sk89q.worldedit.regions.CuboidRegion$2$1: End of iterator
[18:41:44] [Craft Scheduler Thread - 2831/WARN]: com.sk89q.worldedit.regions.CuboidRegion$2$1: End of iterator
[18:41:44] [Craft Scheduler Thread - 2831/WARN]: com.sk89q.worldedit.regions.CuboidRegion$2$1: End of iterator
[18:41:44] [Craft Scheduler Thread - 2831/WARN]: com.sk89q.worldedit.regions.CuboidRegion$2$1: End of iterator
[18:41:44] [Craft Scheduler Thread - 2831/WARN]: com.sk89q.worldedit.regions.CuboidRegion$2$1: End of iterator
[18:41:44] [Craft Scheduler Thread - 2831/WARN]: com.sk89q.worldedit.regions.CuboidRegion$2$1: End of iterator
[18:41:44] [Craft Scheduler Thread - 2831/WARN]: com.sk89q.worldedit.regions.CuboidRegion$2$1: End of iterator
[18:41:44] [Craft Scheduler Thread - 2831/WARN]: com.sk89q.worldedit.regions.CuboidRegion$2$1: End of iterator
[18:41:44] [Craft Scheduler Thread - 2831/WARN]: com.sk89q.worldedit.regions.CuboidRegion$2$1: End of iterator
[18:41:44] [Craft Scheduler Thread - 2831/WARN]: com.sk89q.worldedit.regions.CuboidRegion$2$1: End of iterator
[18:44:24] [Server thread/INFO]: Gewalt issued server command: /flood 0 5
[18:44:27] [Server thread/INFO]: Gewalt issued server command: /flood 0 5
[18:47:18] [Server thread/INFO]: Gewalt issued server command: /none
[18:47:40] [Server thread/INFO]: Gewalt issued server command: /none
[18:52:04] [Server thread/INFO]: Gewalt issued server command: //replace 121 stripped_birch_wood
[18:52:04] [Craft Scheduler Thread - 2844/WARN]: com.sk89q.worldedit.regions.CuboidRegion$2$1: End of iterator
[18:52:19] [Server thread/INFO]: Gewalt issued server command: //replace 24 stripped_birch_wood
[18:52:19] [Craft Scheduler Thread - 2846/WARN]: com.sk89q.worldedit.regions.CuboidRegion$2$1: End of iterator
[18:52:36] [Server thread/INFO]: Gewalt issued server command: //replace 24 stripped_birch_wood
[18:52:36] [Craft Scheduler Thread - 2846/WARN]: com.sk89q.worldedit.regions.CuboidRegion$2$1: End of iterator
[18:52:44] [Server thread/INFO]: Gewalt issued server command: //replace sandstone stripped_birch_wood
[18:52:44] [Craft Scheduler Thread - 2846/WARN]: com.sk89q.worldedit.regions.CuboidRegion$2$1: End of iterator
[18:53:24] [Server thread/INFO]: Gewalt issued server command: //replace minecraft:cut_sandstone stripped_birch_wood
[18:53:24] [Craft Scheduler Thread - 2846/WARN]: com.sk89q.worldedit.regions.CuboidRegion$2$1: End of iterator
[18:53:32] [Server thread/INFO]: Gewalt issued server command: //replace minecraft:cut_sandstone stripped_birch_wood
[18:53:32] [Craft Scheduler Thread - 2849/WARN]: com.sk89q.worldedit.regions.CuboidRegion$2$1: End of iterator
[18:53:34] [Server thread/INFO]: Gewalt issued server command: //replace minecraft:cut_sandstone stripped_birch_wood
[18:53:34] [Craft Scheduler Thread - 2849/WARN]: com.sk89q.worldedit.regions.CuboidRegion$2$1: End of iterator
[18:53:44] [Server thread/INFO]: Gewalt issued server command: //replace 43:9 stripped_birch_wood
[18:53:44] [Craft Scheduler Thread - 2849/WARN]: com.sk89q.worldedit.regions.CuboidRegion$2$1: End of iterator
[18:53:47] [Server thread/INFO]: Gewalt issued server command: //replace 43:9 stripped_birch_wood
[18:53:47] [Craft Scheduler Thread - 2850/WARN]: com.sk89q.worldedit.regions.CuboidRegion$2$1: End of iterator
[18:54:11] [Server thread/INFO]: Gewalt issued server command: //cut
[18:54:11] [Craft Scheduler Thread - 2851/WARN]: com.sk89q.worldedit.regions.CuboidRegion$2$1: End of iterator
[18:59:48] [Server thread/INFO]: Gewalt issued server command: //Pos1
[18:59:59] [Server thread/INFO]: Gewalt issued server command: //pos2
[19:00:56] [Server thread/INFO]: Gewalt issued server command: //copy
[19:00:56] [Craft Scheduler Thread - 2850/WARN]: com.sk89q.worldedit.regions.CuboidRegion$2$1: End of iterator
[19:01:00] [Server thread/INFO]: Gewalt issued server command: //rotate 90
[19:01:01] [Server thread/INFO]: Gewalt issued server command: //rotate 90
[19:01:02] [Server thread/INFO]: Gewalt issued server command: //rotate 90
[19:01:08] [Server thread/INFO]: Gewalt issued server command: //PAste -a
[19:01:08] [Craft Scheduler Thread - 2850/WARN]: com.sk89q.worldedit.regions.CuboidRegion$2$1: End of iterator
[19:01:14] [Server thread/INFO]: Gewalt issued server command: //PAste -a
[19:01:14] [Craft Scheduler Thread - 2854/WARN]: com.sk89q.worldedit.regions.CuboidRegion$2$1: End of iterator
[19:03:13] [Server thread/INFO]: Gewalt issued server command: //PAste -a
[19:03:14] [Craft Scheduler Thread - 2856/WARN]: com.sk89q.worldedit.regions.CuboidRegion$2$1: End of iterator
[19:04:23] [Server thread/INFO]: Gewalt issued server command: /day
[19:05:00] [Server thread/INFO]: Gewalt issued server command: //Pos2
[19:05:02] [Server thread/INFO]: Gewalt issued server command: //cut
[19:05:02] [Craft Scheduler Thread - 2857/WARN]: com.sk89q.worldedit.regions.CuboidRegion$2$1: End of iterator
[19:05:13] [Server thread/INFO]: Gewalt issued server command: //cut
[19:05:13] [Craft Scheduler Thread - 2861/WARN]: com.sk89q.worldedit.regions.CuboidRegion$2$1: End of iterator
[19:07:15] [Server thread/INFO]: Gewalt issued server command: //stack 15
[19:07:15] [Craft Scheduler Thread - 2863/WARN]: com.sk89q.worldedit.regions.CuboidRegion$2$1: End of iterator
[19:07:15] [Craft Scheduler Thread - 2863/WARN]: com.sk89q.worldedit.regions.CuboidRegion$2$1: End of iterator
[19:07:15] [Craft Scheduler Thread - 2863/WARN]: com.sk89q.worldedit.regions.CuboidRegion$2$1: End of iterator
[19:07:15] [Craft Scheduler Thread - 2863/WARN]: com.sk89q.worldedit.regions.CuboidRegion$2$1: End of iterator
[19:07:15] [Craft Scheduler Thread - 2863/WARN]: com.sk89q.worldedit.regions.CuboidRegion$2$1: End of iterator
[19:07:15] [Craft Scheduler Thread - 2863/WARN]: com.sk89q.worldedit.regions.CuboidRegion$2$1: End of iterator
[19:07:15] [Craft Scheduler Thread - 2863/WARN]: com.sk89q.worldedit.regions.CuboidRegion$2$1: End of iterator
[19:07:15] [Craft Scheduler Thread - 2863/WARN]: com.sk89q.worldedit.regions.CuboidRegion$2$1: End of iterator
[19:07:15] [Craft Scheduler Thread - 2863/WARN]: com.sk89q.worldedit.regions.CuboidRegion$2$1: End of iterator
[19:07:15] [Craft Scheduler Thread - 2863/WARN]: com.sk89q.worldedit.regions.CuboidRegion$2$1: End of iterator
[19:07:15] [Craft Scheduler Thread - 2863/WARN]: com.sk89q.worldedit.regions.CuboidRegion$2$1: End of iterator
[19:07:15] [Craft Scheduler Thread - 2863/WARN]: com.sk89q.worldedit.regions.CuboidRegion$2$1: End of iterator
[19:07:15] [Craft Scheduler Thread - 2863/WARN]: com.sk89q.worldedit.regions.CuboidRegion$2$1: End of iterator
[19:07:15] [Craft Scheduler Thread - 2863/WARN]: com.sk89q.worldedit.regions.CuboidRegion$2$1: End of iterator
[19:07:15] [Craft Scheduler Thread - 2863/WARN]: com.sk89q.worldedit.regions.CuboidRegion$2$1: End of iterator
[19:10:14] [Server thread/INFO]: Gewalt issued server command: //Pos2
[19:10:16] [Server thread/INFO]: Gewalt issued server command: //cut
[19:10:16] [Craft Scheduler Thread - 2868/WARN]: com.sk89q.worldedit.regions.CuboidRegion$2$1: End of iterator
[19:14:37] [Server thread/INFO]: Gewalt issued server command: /day
[19:19:58] [Server thread/INFO]: Gewalt issued server command: //Pos:speed 5
[19:20:02] [Server thread/INFO]: Gewalt issued server command: //speed 5
[19:20:06] [Server thread/INFO]: Gewalt issued server command: /speed 5
[19:20:13] [Server thread/INFO]: Gewalt issued server command: //pos1
[19:20:24] [Server thread/INFO]: Gewalt issued server command: //Pos2
[19:20:30] [Server thread/INFO]: Gewalt issued server command: /copy
[19:20:31] [Server thread/INFO]: Gewalt issued server command: //flip
[19:20:33] [Server thread/INFO]: Gewalt issued server command: //PAste
[19:20:33] [Craft Scheduler Thread - 2875/WARN]: com.sk89q.worldedit.regions.CuboidRegion$2$1: End of iterator
[19:20:39] [Server thread/INFO]: Gewalt issued server command: /undo
[19:20:42] [Server thread/INFO]: Gewalt issued server command: //pos2
[19:20:46] [Server thread/INFO]: Gewalt issued server command: //copy
[19:20:46] [Craft Scheduler Thread - 2874/WARN]: com.sk89q.worldedit.regions.CuboidRegion$2$1: End of iterator
[19:20:47] [Server thread/INFO]: Gewalt issued server command: //flip
[19:20:48] [Server thread/INFO]: Gewalt issued server command: //Paste
[19:20:48] [Craft Scheduler Thread - 2874/WARN]: com.sk89q.worldedit.regions.CuboidRegion$2$1: End of iterator
[19:22:03] [Server thread/INFO]: Gewalt issued server command: /speed 1
[19:22:39] [Server thread/INFO]: Gewalt issued server command: /up 100
[19:24:51] [Server thread/INFO]: Gewalt issued server command: /day
[19:26:47] [Server thread/INFO]: Gewalt issued server command: //cut
[19:26:47] [Craft Scheduler Thread - 2877/WARN]: com.sk89q.worldedit.regions.CuboidRegion$2$1: End of iterator
[19:26:55] [Server thread/INFO]: Gewalt issued server command: //cut
[19:26:55] [Craft Scheduler Thread - 2884/WARN]: com.sk89q.worldedit.regions.CuboidRegion$2$1: End of iterator
[19:27:03] [Server thread/INFO]: Gewalt issued server command: //set 43:9
[19:27:07] [Server thread/INFO]: Gewalt issued server command: //set 43:9
[19:29:45] [Server thread/INFO]: Gewalt issued server command: //stack 1
[19:29:45] [Craft Scheduler Thread - 2885/WARN]: com.sk89q.worldedit.regions.CuboidRegion$2$1: End of iterator
[19:29:54] [Server thread/INFO]: Gewalt issued server command: //cut
[19:29:54] [Craft Scheduler Thread - 2887/WARN]: com.sk89q.worldedit.regions.CuboidRegion$2$1: End of iterator
[19:29:56] [Server thread/INFO]: Gewalt issued server command: //cut
[19:29:56] [Craft Scheduler Thread - 2886/WARN]: com.sk89q.worldedit.regions.CuboidRegion$2$1: End of iterator
[19:30:11] [Server thread/INFO]: Gewalt issued server command: /undo
[19:30:13] [Server thread/INFO]: Gewalt issued server command: /undo
[19:30:15] [Server thread/INFO]: Gewalt issued server command: /undo
[19:30:18] [Server thread/INFO]: Gewalt issued server command: //stack 2
[19:30:18] [Craft Scheduler Thread - 2889/WARN]: com.sk89q.worldedit.regions.CuboidRegion$2$1: End of iterator
[19:30:18] [Craft Scheduler Thread - 2889/WARN]: com.sk89q.worldedit.regions.CuboidRegion$2$1: End of iterator
[19:30:28] [Server thread/INFO]: Gewalt issued server command: //cut
[19:30:29] [Craft Scheduler Thread - 2889/WARN]: com.sk89q.worldedit.regions.CuboidRegion$2$1: End of iterator
[19:30:30] [Server thread/INFO]: Gewalt issued server command: //cut
[19:30:31] [Craft Scheduler Thread - 2886/WARN]: com.sk89q.worldedit.regions.CuboidRegion$2$1: End of iterator
[19:33:06] [Server thread/INFO]: Gewalt issued server command: //stack 10
[19:33:06] [Craft Scheduler Thread - 2887/WARN]: com.sk89q.worldedit.regions.CuboidRegion$2$1: End of iterator
[19:33:06] [Craft Scheduler Thread - 2887/WARN]: com.sk89q.worldedit.regions.CuboidRegion$2$1: End of iterator
[19:33:06] [Craft Scheduler Thread - 2887/WARN]: com.sk89q.worldedit.regions.CuboidRegion$2$1: End of iterator
[19:33:06] [Craft Scheduler Thread - 2887/WARN]: com.sk89q.worldedit.regions.CuboidRegion$2$1: End of iterator
[19:33:06] [Craft Scheduler Thread - 2887/WARN]: com.sk89q.worldedit.regions.CuboidRegion$2$1: End of iterator
[19:33:06] [Craft Scheduler Thread - 2887/WARN]: com.sk89q.worldedit.regions.CuboidRegion$2$1: End of iterator
[19:33:06] [Craft Scheduler Thread - 2887/WARN]: com.sk89q.worldedit.regions.CuboidRegion$2$1: End of iterator
[19:33:06] [Craft Scheduler Thread - 2887/WARN]: com.sk89q.worldedit.regions.CuboidRegion$2$1: End of iterator
[19:33:06] [Craft Scheduler Thread - 2887/WARN]: com.sk89q.worldedit.regions.CuboidRegion$2$1: End of iterator
[19:33:06] [Craft Scheduler Thread - 2887/WARN]: com.sk89q.worldedit.regions.CuboidRegion$2$1: End of iterator
[19:33:09] [Server thread/INFO]: Gewalt issued server command: //stack 20
[19:33:09] [Craft Scheduler Thread - 2893/WARN]: com.sk89q.worldedit.regions.CuboidRegion$2$1: End of iterator
[19:33:09] [Craft Scheduler Thread - 2893/WARN]: com.sk89q.worldedit.regions.CuboidRegion$2$1: End of iterator
[19:33:09] [Craft Scheduler Thread - 2893/WARN]: com.sk89q.worldedit.regions.CuboidRegion$2$1: End of iterator
[19:33:09] [Craft Scheduler Thread - 2893/WARN]: com.sk89q.worldedit.regions.CuboidRegion$2$1: End of iterator
[19:33:09] [Craft Scheduler Thread - 2893/WARN]: com.sk89q.worldedit.regions.CuboidRegion$2$1: End of iterator
[19:33:09] [Craft Scheduler Thread - 2893/WARN]: com.sk89q.worldedit.regions.CuboidRegion$2$1: End of iterator
[19:33:09] [Craft Scheduler Thread - 2893/WARN]: com.sk89q.worldedit.regions.CuboidRegion$2$1: End of iterator
[19:33:09] [Craft Scheduler Thread - 2893/WARN]: com.sk89q.worldedit.regions.CuboidRegion$2$1: End of iterator
[19:33:09] [Craft Scheduler Thread - 2893/WARN]: com.sk89q.worldedit.regions.CuboidRegion$2$1: End of iterator
[19:33:09] [Craft Scheduler Thread - 2893/WARN]: com.sk89q.worldedit.regions.CuboidRegion$2$1: End of iterator
[19:33:09] [Craft Scheduler Thread - 2893/WARN]: com.sk89q.worldedit.regions.CuboidRegion$2$1: End of iterator
[19:33:09] [Craft Scheduler Thread - 2893/WARN]: com.sk89q.worldedit.regions.CuboidRegion$2$1: End of iterator
[19:33:09] [Craft Scheduler Thread - 2893/WARN]: com.sk89q.worldedit.regions.CuboidRegion$2$1: End of iterator
[19:33:09] [Craft Scheduler Thread - 2893/WARN]: com.sk89q.worldedit.regions.CuboidRegion$2$1: End of iterator
[19:33:09] [Craft Scheduler Thread - 2893/WARN]: com.sk89q.worldedit.regions.CuboidRegion$2$1: End of iterator
[19:33:09] [Craft Scheduler Thread - 2893/WARN]: com.sk89q.worldedit.regions.CuboidRegion$2$1: End of iterator
[19:33:09] [Craft Scheduler Thread - 2893/WARN]: com.sk89q.worldedit.regions.CuboidRegion$2$1: End of iterator
[19:33:09] [Craft Scheduler Thread - 2893/WARN]: com.sk89q.worldedit.regions.CuboidRegion$2$1: End of iterator
[19:33:09] [Craft Scheduler Thread - 2893/WARN]: com.sk89q.worldedit.regions.CuboidRegion$2$1: End of iterator
[19:33:09] [Craft Scheduler Thread - 2893/WARN]: com.sk89q.worldedit.regions.CuboidRegion$2$1: End of iterator
[19:33:17] [Server thread/INFO]: Gewalt issued server command: //stack 20
[19:33:17] [Craft Scheduler Thread - 2893/WARN]: com.sk89q.worldedit.regions.CuboidRegion$2$1: End of iterator
[19:33:17] [Craft Scheduler Thread - 2893/WARN]: com.sk89q.worldedit.regions.CuboidRegion$2$1: End of iterator
[19:33:17] [Craft Scheduler Thread - 2893/WARN]: com.sk89q.worldedit.regions.CuboidRegion$2$1: End of iterator
[19:33:17] [Craft Scheduler Thread - 2893/WARN]: com.sk89q.worldedit.regions.CuboidRegion$2$1: End of iterator
[19:33:17] [Craft Scheduler Thread - 2893/WARN]: com.sk89q.worldedit.regions.CuboidRegion$2$1: End of iterator
[19:33:17] [Craft Scheduler Thread - 2893/WARN]: com.sk89q.worldedit.regions.CuboidRegion$2$1: End of iterator
[19:33:17] [Craft Scheduler Thread - 2893/WARN]: com.sk89q.worldedit.regions.CuboidRegion$2$1: End of iterator
[19:33:17] [Craft Scheduler Thread - 2893/WARN]: com.sk89q.worldedit.regions.CuboidRegion$2$1: End of iterator
[19:33:17] [Craft Scheduler Thread - 2893/WARN]: com.sk89q.worldedit.regions.CuboidRegion$2$1: End of iterator
[19:33:17] [Craft Scheduler Thread - 2893/WARN]: com.sk89q.worldedit.regions.CuboidRegion$2$1: End of iterator
[19:33:17] [Craft Scheduler Thread - 2893/WARN]: com.sk89q.worldedit.regions.CuboidRegion$2$1: End of iterator
[19:33:17] [Craft Scheduler Thread - 2893/WARN]: com.sk89q.worldedit.regions.CuboidRegion$2$1: End of iterator
[19:33:17] [Craft Scheduler Thread - 2893/WARN]: com.sk89q.worldedit.regions.CuboidRegion$2$1: End of iterator
[19:33:17] [Craft Scheduler Thread - 2893/WARN]: com.sk89q.worldedit.regions.CuboidRegion$2$1: End of iterator
[19:33:17] [Craft Scheduler Thread - 2893/WARN]: com.sk89q.worldedit.regions.CuboidRegion$2$1: End of iterator
[19:33:17] [Craft Scheduler Thread - 2893/WARN]: com.sk89q.worldedit.regions.CuboidRegion$2$1: End of iterator
[19:33:17] [Craft Scheduler Thread - 2893/WARN]: com.sk89q.worldedit.regions.CuboidRegion$2$1: End of iterator
[19:33:17] [Craft Scheduler Thread - 2893/WARN]: com.sk89q.worldedit.regions.CuboidRegion$2$1: End of iterator
[19:33:17] [Craft Scheduler Thread - 2893/WARN]: com.sk89q.worldedit.regions.CuboidRegion$2$1: End of iterator
[19:33:17] [Craft Scheduler Thread - 2893/WARN]: com.sk89q.worldedit.regions.CuboidRegion$2$1: End of iterator
[19:34:23] [Server thread/INFO]: Gewalt issued server command: //copy
[19:34:23] [Craft Scheduler Thread - 2887/WARN]: com.sk89q.worldedit.regions.CuboidRegion$2$1: End of iterator
[19:34:27] [Server thread/INFO]: Gewalt issued server command: //PAste
[19:35:27] [Server thread/INFO]: Gewalt issued server command: /day
[19:39:48] [JDA MainWS-ReadThread/INFO]: [[0;34;1mDiscord[0;37;1m] <MiM> SUPER GEWALT[m
[19:39:54] [Async Chat Thread - #2/INFO]: [[0;37;1mflatroom[0;37;1m][m<[0;31;22mGewalt[m> tg[m
[19:40:07] [Server thread/INFO]: Gewalt issued server command: //pos1
[19:40:16] [Server thread/INFO]: Gewalt issued server command: //Pos2
[19:40:22] [Server thread/INFO]: Gewalt issued server command: //copy
[19:40:22] [Craft Scheduler Thread - 2897/WARN]: com.sk89q.worldedit.regions.CuboidRegion$2$1: End of iterator
[19:40:23] [Server thread/INFO]: Gewalt issued server command: //flip
[19:40:27] [Server thread/INFO]: Gewalt issued server command: //paste
[19:40:27] [Craft Scheduler Thread - 2897/WARN]: com.sk89q.worldedit.regions.CuboidRegion$2$1: End of iterator
[19:41:17] [User Authenticator #6/INFO]: UUID of player MiMtv is 18b99c98-58e7-490d-b47e-47ba7ce9cfc4
[19:41:18] [Server thread/INFO]: MiMtv[/109.215.28.41:51473] logged in with entity id 5312 at ([flatroom]1278.2806119681416, 4.0, 104.83581563110126)
[19:41:18] [Server thread/WARN]: [Essentials] Task #10726 for Essentials v2.16.1.0 generated an exception
java.lang.NullPointerException: null
	at com.earth2me.essentials.xmpp.XMPPManager.updatePresence(XMPPManager.java:150) ~[?:?]
	at com.earth2me.essentials.xmpp.EssentialsXMPP.updatePresence(EssentialsXMPP.java:113) ~[?:?]
	at org.bukkit.craftbukkit.v1_13_R2.scheduler.CraftTask.run(CraftTask.java:81) ~[spigot-1.13.2.jar:git-Spigot-1a3504a-dfa7583]
	at org.bukkit.craftbukkit.v1_13_R2.scheduler.CraftScheduler.mainThreadHeartbeat(CraftScheduler.java:392) [spigot-1.13.2.jar:git-Spigot-1a3504a-dfa7583]
	at net.minecraft.server.v1_13_R2.MinecraftServer.b(MinecraftServer.java:889) [spigot-1.13.2.jar:git-Spigot-1a3504a-dfa7583]
	at net.minecraft.server.v1_13_R2.DedicatedServer.b(DedicatedServer.java:417) [spigot-1.13.2.jar:git-Spigot-1a3504a-dfa7583]
	at net.minecraft.server.v1_13_R2.MinecraftServer.a(MinecraftServer.java:831) [spigot-1.13.2.jar:git-Spigot-1a3504a-dfa7583]
	at net.minecraft.server.v1_13_R2.MinecraftServer.run(MinecraftServer.java:729) [spigot-1.13.2.jar:git-Spigot-1a3504a-dfa7583]
	at java.lang.Thread.run(Thread.java:748) [?:1.8.0_201]
[19:41:25] [Server thread/INFO]: Gewalt issued server command: /ban MiMtv
[19:41:31] [Async Chat Thread - #3/INFO]: [[0;37;1mflatroom[0;37;1m][m<[0;31;22mMiMtv[m> TG @JackEmy[m
[19:41:39] [Server thread/INFO]: MiMtv issued server command: /tts connard
[19:42:36] [Server thread/INFO]: Gewalt lost connection: Disconnected
[19:42:36] [Server thread/INFO]: Gewalt left the game
[19:42:36] [Server thread/WARN]: [Essentials] Task #10805 for Essentials v2.16.1.0 generated an exception
java.lang.NullPointerException: null
	at com.earth2me.essentials.xmpp.XMPPManager.updatePresence(XMPPManager.java:146) ~[?:?]
	at com.earth2me.essentials.xmpp.EssentialsXMPP.updatePresence(EssentialsXMPP.java:113) ~[?:?]
	at org.bukkit.craftbukkit.v1_13_R2.scheduler.CraftTask.run(CraftTask.java:81) ~[spigot-1.13.2.jar:git-Spigot-1a3504a-dfa7583]
	at org.bukkit.craftbukkit.v1_13_R2.scheduler.CraftScheduler.mainThreadHeartbeat(CraftScheduler.java:392) [spigot-1.13.2.jar:git-Spigot-1a3504a-dfa7583]
	at net.minecraft.server.v1_13_R2.MinecraftServer.b(MinecraftServer.java:889) [spigot-1.13.2.jar:git-Spigot-1a3504a-dfa7583]
	at net.minecraft.server.v1_13_R2.DedicatedServer.b(DedicatedServer.java:417) [spigot-1.13.2.jar:git-Spigot-1a3504a-dfa7583]
	at net.minecraft.server.v1_13_R2.MinecraftServer.a(MinecraftServer.java:831) [spigot-1.13.2.jar:git-Spigot-1a3504a-dfa7583]
	at net.minecraft.server.v1_13_R2.MinecraftServer.run(MinecraftServer.java:729) [spigot-1.13.2.jar:git-Spigot-1a3504a-dfa7583]
	at java.lang.Thread.run(Thread.java:748) [?:1.8.0_201]
[19:42:40] [User Authenticator #7/INFO]: UUID of player Gewalt is 57edab0a-9e9e-46c6-b19d-9811387a1d74
[19:42:41] [Server thread/INFO]: Gewalt[/109.222.10.21:61818] logged in with entity id 5379 at ([flatroom]1420.0368972497881, 62.373567111477975, 40.50164206944441)
[19:42:41] [Server thread/WARN]: [Essentials] Task #10812 for Essentials v2.16.1.0 generated an exception
java.lang.NullPointerException: null
	at com.earth2me.essentials.xmpp.XMPPManager.updatePresence(XMPPManager.java:150) ~[?:?]
	at com.earth2me.essentials.xmpp.EssentialsXMPP.updatePresence(EssentialsXMPP.java:113) ~[?:?]
	at org.bukkit.craftbukkit.v1_13_R2.scheduler.CraftTask.run(CraftTask.java:81) ~[spigot-1.13.2.jar:git-Spigot-1a3504a-dfa7583]
	at org.bukkit.craftbukkit.v1_13_R2.scheduler.CraftScheduler.mainThreadHeartbeat(CraftScheduler.java:392) [spigot-1.13.2.jar:git-Spigot-1a3504a-dfa7583]
	at net.minecraft.server.v1_13_R2.MinecraftServer.b(MinecraftServer.java:889) [spigot-1.13.2.jar:git-Spigot-1a3504a-dfa7583]
	at net.minecraft.server.v1_13_R2.DedicatedServer.b(DedicatedServer.java:417) [spigot-1.13.2.jar:git-Spigot-1a3504a-dfa7583]
	at net.minecraft.server.v1_13_R2.MinecraftServer.a(MinecraftServer.java:831) [spigot-1.13.2.jar:git-Spigot-1a3504a-dfa7583]
	at net.minecraft.server.v1_13_R2.MinecraftServer.run(MinecraftServer.java:729) [spigot-1.13.2.jar:git-Spigot-1a3504a-dfa7583]
	at java.lang.Thread.run(Thread.java:748) [?:1.8.0_201]
[19:44:10] [Server thread/INFO]: MiMtv issued server command: /endpattern
[19:44:13] [Server thread/INFO]: MiMtv lost connection: Disconnected
[19:44:13] [Server thread/INFO]: MiMtv left the game
[19:44:13] [Server thread/WARN]: [Essentials] Task #10854 for Essentials v2.16.1.0 generated an exception
java.lang.NullPointerException: null
	at com.earth2me.essentials.xmpp.XMPPManager.updatePresence(XMPPManager.java:146) ~[?:?]
	at com.earth2me.essentials.xmpp.EssentialsXMPP.updatePresence(EssentialsXMPP.java:113) ~[?:?]
	at org.bukkit.craftbukkit.v1_13_R2.scheduler.CraftTask.run(CraftTask.java:81) ~[spigot-1.13.2.jar:git-Spigot-1a3504a-dfa7583]
	at org.bukkit.craftbukkit.v1_13_R2.scheduler.CraftScheduler.mainThreadHeartbeat(CraftScheduler.java:392) [spigot-1.13.2.jar:git-Spigot-1a3504a-dfa7583]
	at net.minecraft.server.v1_13_R2.MinecraftServer.b(MinecraftServer.java:889) [spigot-1.13.2.jar:git-Spigot-1a3504a-dfa7583]
	at net.minecraft.server.v1_13_R2.DedicatedServer.b(DedicatedServer.java:417) [spigot-1.13.2.jar:git-Spigot-1a3504a-dfa7583]
	at net.minecraft.server.v1_13_R2.MinecraftServer.a(MinecraftServer.java:831) [spigot-1.13.2.jar:git-Spigot-1a3504a-dfa7583]
	at net.minecraft.server.v1_13_R2.MinecraftServer.run(MinecraftServer.java:729) [spigot-1.13.2.jar:git-Spigot-1a3504a-dfa7583]
	at java.lang.Thread.run(Thread.java:748) [?:1.8.0_201]
[19:44:13] [Server thread/INFO]: Gewalt issued server command: /end
[19:44:16] [Server thread/INFO]: Gewalt issued server command: /enderchest
[19:44:17] [User Authenticator #8/INFO]: UUID of player MiMtv is 18b99c98-58e7-490d-b47e-47ba7ce9cfc4
[19:44:17] [Server thread/INFO]: MiMtv[/109.215.28.41:51480] logged in with entity id 5524 at ([flatroom]1400.1449933238655, 4.0, 46.314631495054186)
[19:44:17] [Server thread/WARN]: [Essentials] Task #10861 for Essentials v2.16.1.0 generated an exception
java.lang.NullPointerException: null
	at com.earth2me.essentials.xmpp.XMPPManager.updatePresence(XMPPManager.java:150) ~[?:?]
	at com.earth2me.essentials.xmpp.EssentialsXMPP.updatePresence(EssentialsXMPP.java:113) ~[?:?]
	at org.bukkit.craftbukkit.v1_13_R2.scheduler.CraftTask.run(CraftTask.java:81) ~[spigot-1.13.2.jar:git-Spigot-1a3504a-dfa7583]
	at org.bukkit.craftbukkit.v1_13_R2.scheduler.CraftScheduler.mainThreadHeartbeat(CraftScheduler.java:392) [spigot-1.13.2.jar:git-Spigot-1a3504a-dfa7583]
	at net.minecraft.server.v1_13_R2.MinecraftServer.b(MinecraftServer.java:889) [spigot-1.13.2.jar:git-Spigot-1a3504a-dfa7583]
	at net.minecraft.server.v1_13_R2.DedicatedServer.b(DedicatedServer.java:417) [spigot-1.13.2.jar:git-Spigot-1a3504a-dfa7583]
	at net.minecraft.server.v1_13_R2.MinecraftServer.a(MinecraftServer.java:831) [spigot-1.13.2.jar:git-Spigot-1a3504a-dfa7583]
	at net.minecraft.server.v1_13_R2.MinecraftServer.run(MinecraftServer.java:729) [spigot-1.13.2.jar:git-Spigot-1a3504a-dfa7583]
	at java.lang.Thread.run(Thread.java:748) [?:1.8.0_201]
[19:44:43] [Server thread/INFO]: MiMtv issued server command: /spawnmob giant
[19:44:49] [Server thread/INFO]: MiMtv issued server command: /spawnmob giant
[19:44:50] [Server thread/INFO]: MiMtv issued server command: /spawnmob giant
[19:44:51] [Server thread/INFO]: MiMtv issued server command: /spawnmob giant
[19:44:54] [Server thread/INFO]: MiMtv issued server command: /spawnmob giant
[19:44:58] [Server thread/INFO]: MiMtv issued server command: /spawnmob giant
[19:44:58] [Server thread/INFO]: Gewalt issued server command: /tp MiMtv
[19:45:32] [Server thread/INFO]: Gewalt issued server command: /speed 5
[19:45:49] [Server thread/INFO]: Gewalt issued server command: //Pos1
[19:45:59] [Server thread/INFO]: Gewalt issued server command: //Pos2
[19:46:27] [Server thread/INFO]: Gewalt issued server command: //copy
[19:46:30] [Server thread/INFO]: Gewalt issued server command: //flip down
[19:46:31] [Server thread/INFO]: MiMtv issued server command: /tp Gewalt
[19:46:34] [Server thread/INFO]: Gewalt issued server command: /wea
[19:46:36] [Server thread/INFO]: Gewalt issued server command: //copy
[19:46:37] [Craft Scheduler Thread - 2901/WARN]: com.sk89q.worldedit.regions.CuboidRegion$2$1: End of iterator
[19:46:39] [Server thread/INFO]: Gewalt issued server command: //flip down
[19:46:45] [Server thread/INFO]: Gewalt issued server command: //Paste -a
[19:46:46] [Craft Scheduler Thread - 2901/WARN]: com.sk89q.worldedit.regions.CuboidRegion$2$1: End of iterator
[19:47:07] [Server thread/INFO]: Gewalt issued server command: /undo
[19:47:09] [Server thread/INFO]: Gewalt issued server command: //Paste -a
[19:47:10] [Craft Scheduler Thread - 2904/WARN]: com.sk89q.worldedit.regions.CuboidRegion$2$1: End of iterator
[19:47:24] [Server thread/INFO]: Gewalt issued server command: /day
[19:47:42] [Server thread/INFO]: Gewalt issued server command: /undo
[19:50:06] [Server thread/INFO]: Gewalt issued server command: /speed 5
[19:50:11] [Server thread/INFO]: Gewalt issued server command: //Pos1
[19:50:25] [Server thread/INFO]: Gewalt issued server command: //Pos2
[19:50:30] [Server thread/INFO]: Gewalt issued server command: //copy
[19:50:30] [Craft Scheduler Thread - 2906/WARN]: com.sk89q.worldedit.regions.CuboidRegion$2$1: End of iterator
[19:50:33] [Server thread/INFO]: Gewalt issued server command: //flip
[19:50:36] [Server thread/INFO]: Gewalt issued server command: //PAste -a
[19:50:36] [Craft Scheduler Thread - 2906/WARN]: com.sk89q.worldedit.regions.CuboidRegion$2$1: End of iterator
[19:50:58] [Server thread/INFO]: MiMtv issued server command: /spawnmob enderdragon
[19:51:21] [Server thread/INFO]: MiMtv issued server command: /spawnmob enderdragon
[19:51:44] [Server thread/INFO]: MiMtv issued server command: /spawnmob enderdragon
[19:51:51] [Server thread/INFO]: Gewalt lost connection: Disconnected
[19:51:51] [Server thread/INFO]: Gewalt left the game
[19:51:51] [Server thread/WARN]: [Essentials] Task #11197 for Essentials v2.16.1.0 generated an exception
java.lang.NullPointerException: null
	at com.earth2me.essentials.xmpp.XMPPManager.updatePresence(XMPPManager.java:146) ~[?:?]
	at com.earth2me.essentials.xmpp.EssentialsXMPP.updatePresence(EssentialsXMPP.java:113) ~[?:?]
	at org.bukkit.craftbukkit.v1_13_R2.scheduler.CraftTask.run(CraftTask.java:81) ~[spigot-1.13.2.jar:git-Spigot-1a3504a-dfa7583]
	at org.bukkit.craftbukkit.v1_13_R2.scheduler.CraftScheduler.mainThreadHeartbeat(CraftScheduler.java:392) [spigot-1.13.2.jar:git-Spigot-1a3504a-dfa7583]
	at net.minecraft.server.v1_13_R2.MinecraftServer.b(MinecraftServer.java:889) [spigot-1.13.2.jar:git-Spigot-1a3504a-dfa7583]
	at net.minecraft.server.v1_13_R2.DedicatedServer.b(DedicatedServer.java:417) [spigot-1.13.2.jar:git-Spigot-1a3504a-dfa7583]
	at net.minecraft.server.v1_13_R2.MinecraftServer.a(MinecraftServer.java:831) [spigot-1.13.2.jar:git-Spigot-1a3504a-dfa7583]
	at net.minecraft.server.v1_13_R2.MinecraftServer.run(MinecraftServer.java:729) [spigot-1.13.2.jar:git-Spigot-1a3504a-dfa7583]
	at java.lang.Thread.run(Thread.java:748) [?:1.8.0_201]
